ARM GAS  /tmp/ccleqJ8K.s 			page 1


   1              		.cpu cortex-m4
   2              		.arch armv7e-m
   3              		.fpu softvfp
   4              		.eabi_attribute 20, 1
   5              		.eabi_attribute 21, 1
   6              		.eabi_attribute 23, 3
   7              		.eabi_attribute 24, 1
   8              		.eabi_attribute 25, 1
   9              		.eabi_attribute 26, 1
  10              		.eabi_attribute 30, 4
  11              		.eabi_attribute 34, 1
  12              		.eabi_attribute 18, 4
  13              		.file	"gd32f4xx_dci.c"
  14              		.text
  15              	.Ltext0:
  16              		.cfi_sections	.debug_frame
  17              		.file 1 "Drivers/GD32F4xx_standard_peripheral/Source/gd32f4xx_dci.c"
  18              		.section	.text.dci_deinit,"ax",%progbits
  19              		.align	1
  20              		.global	dci_deinit
  21              		.syntax unified
  22              		.thumb
  23              		.thumb_func
  25              	dci_deinit:
  26              	.LFB116:
   1:Drivers/GD32F4xx_standard_peripheral/Source/gd32f4xx_dci.c **** /*!
   2:Drivers/GD32F4xx_standard_peripheral/Source/gd32f4xx_dci.c ****     \file    gd32f4xx_dci.c
   3:Drivers/GD32F4xx_standard_peripheral/Source/gd32f4xx_dci.c ****     \brief   DCI driver
   4:Drivers/GD32F4xx_standard_peripheral/Source/gd32f4xx_dci.c **** 
   5:Drivers/GD32F4xx_standard_peripheral/Source/gd32f4xx_dci.c ****     \version 2016-08-15, V1.0.0, firmware for GD32F4xx
   6:Drivers/GD32F4xx_standard_peripheral/Source/gd32f4xx_dci.c ****     \version 2018-12-12, V2.0.0, firmware for GD32F4xx
   7:Drivers/GD32F4xx_standard_peripheral/Source/gd32f4xx_dci.c ****     \version 2020-09-30, V2.1.0, firmware for GD32F4xx
   8:Drivers/GD32F4xx_standard_peripheral/Source/gd32f4xx_dci.c ****     \version 2022-03-09, V3.0.0, firmware for GD32F4xx
   9:Drivers/GD32F4xx_standard_peripheral/Source/gd32f4xx_dci.c **** */
  10:Drivers/GD32F4xx_standard_peripheral/Source/gd32f4xx_dci.c **** 
  11:Drivers/GD32F4xx_standard_peripheral/Source/gd32f4xx_dci.c **** /*
  12:Drivers/GD32F4xx_standard_peripheral/Source/gd32f4xx_dci.c ****     Copyright (c) 2022, GigaDevice Semiconductor Inc.
  13:Drivers/GD32F4xx_standard_peripheral/Source/gd32f4xx_dci.c **** 
  14:Drivers/GD32F4xx_standard_peripheral/Source/gd32f4xx_dci.c ****     Redistribution and use in source and binary forms, with or without modification,
  15:Drivers/GD32F4xx_standard_peripheral/Source/gd32f4xx_dci.c **** are permitted provided that the following conditions are met:
  16:Drivers/GD32F4xx_standard_peripheral/Source/gd32f4xx_dci.c **** 
  17:Drivers/GD32F4xx_standard_peripheral/Source/gd32f4xx_dci.c ****     1. Redistributions of source code must retain the above copyright notice, this
  18:Drivers/GD32F4xx_standard_peripheral/Source/gd32f4xx_dci.c ****        list of conditions and the following disclaimer.
  19:Drivers/GD32F4xx_standard_peripheral/Source/gd32f4xx_dci.c ****     2. Redistributions in binary form must reproduce the above copyright notice,
  20:Drivers/GD32F4xx_standard_peripheral/Source/gd32f4xx_dci.c ****        this list of conditions and the following disclaimer in the documentation
  21:Drivers/GD32F4xx_standard_peripheral/Source/gd32f4xx_dci.c ****        and/or other materials provided with the distribution.
  22:Drivers/GD32F4xx_standard_peripheral/Source/gd32f4xx_dci.c ****     3. Neither the name of the copyright holder nor the names of its contributors
  23:Drivers/GD32F4xx_standard_peripheral/Source/gd32f4xx_dci.c ****        may be used to endorse or promote products derived from this software without
  24:Drivers/GD32F4xx_standard_peripheral/Source/gd32f4xx_dci.c ****        specific prior written permission.
  25:Drivers/GD32F4xx_standard_peripheral/Source/gd32f4xx_dci.c **** 
  26:Drivers/GD32F4xx_standard_peripheral/Source/gd32f4xx_dci.c ****     THIS SOFTWARE IS PROVIDED BY THE COPYRIGHT HOLDERS AND CONTRIBUTORS "AS IS"
  27:Drivers/GD32F4xx_standard_peripheral/Source/gd32f4xx_dci.c **** AND ANY EXPRESS OR IMPLIED WARRANTIES, INCLUDING, BUT NOT LIMITED TO, THE IMPLIED
  28:Drivers/GD32F4xx_standard_peripheral/Source/gd32f4xx_dci.c **** WARRANTIES OF MERCHANTABILITY AND FITNESS FOR A PARTICULAR PURPOSE ARE DISCLAIMED.
  29:Drivers/GD32F4xx_standard_peripheral/Source/gd32f4xx_dci.c **** IN NO EVENT SHALL THE COPYRIGHT HOLDER OR CONTRIBUTORS BE LIABLE FOR ANY DIRECT,
  30:Drivers/GD32F4xx_standard_peripheral/Source/gd32f4xx_dci.c **** INDIRECT, INCIDENTAL, SPECIAL, EXEMPLARY, OR CONSEQUENTIAL DAMAGES (INCLUDING, BUT
  31:Drivers/GD32F4xx_standard_peripheral/Source/gd32f4xx_dci.c **** NOT LIMITED TO, PROCUREMENT OF SUBSTITUTE GOODS OR SERVICES; LOSS OF USE, DATA, OR
  32:Drivers/GD32F4xx_standard_peripheral/Source/gd32f4xx_dci.c **** PROFITS; OR BUSINESS INTERRUPTION) HOWEVER CAUSED AND ON ANY THEORY OF LIABILITY,
ARM GAS  /tmp/ccleqJ8K.s 			page 2


  33:Drivers/GD32F4xx_standard_peripheral/Source/gd32f4xx_dci.c **** WHETHER IN CONTRACT, STRICT LIABILITY, OR TORT (INCLUDING NEGLIGENCE OR OTHERWISE)
  34:Drivers/GD32F4xx_standard_peripheral/Source/gd32f4xx_dci.c **** ARISING IN ANY WAY OUT OF THE USE OF THIS SOFTWARE, EVEN IF ADVISED OF THE POSSIBILITY
  35:Drivers/GD32F4xx_standard_peripheral/Source/gd32f4xx_dci.c **** OF SUCH DAMAGE.
  36:Drivers/GD32F4xx_standard_peripheral/Source/gd32f4xx_dci.c **** */
  37:Drivers/GD32F4xx_standard_peripheral/Source/gd32f4xx_dci.c **** 
  38:Drivers/GD32F4xx_standard_peripheral/Source/gd32f4xx_dci.c **** #include "gd32f4xx_dci.h"
  39:Drivers/GD32F4xx_standard_peripheral/Source/gd32f4xx_dci.c **** 
  40:Drivers/GD32F4xx_standard_peripheral/Source/gd32f4xx_dci.c **** /*!
  41:Drivers/GD32F4xx_standard_peripheral/Source/gd32f4xx_dci.c ****     \brief    DCI deinit
  42:Drivers/GD32F4xx_standard_peripheral/Source/gd32f4xx_dci.c ****     \param[in]  none
  43:Drivers/GD32F4xx_standard_peripheral/Source/gd32f4xx_dci.c ****     \param[out] none
  44:Drivers/GD32F4xx_standard_peripheral/Source/gd32f4xx_dci.c ****     \retval     none
  45:Drivers/GD32F4xx_standard_peripheral/Source/gd32f4xx_dci.c **** */
  46:Drivers/GD32F4xx_standard_peripheral/Source/gd32f4xx_dci.c **** void dci_deinit(void)
  47:Drivers/GD32F4xx_standard_peripheral/Source/gd32f4xx_dci.c **** {
  27              		.loc 1 47 1 view -0
  28              		.cfi_startproc
  29              		@ args = 0, pretend = 0, frame = 0
  30              		@ frame_needed = 0, uses_anonymous_args = 0
  48:Drivers/GD32F4xx_standard_peripheral/Source/gd32f4xx_dci.c ****     rcu_periph_reset_enable(RCU_DCIRST);
  31              		.loc 1 48 5 view .LVU1
  47:Drivers/GD32F4xx_standard_peripheral/Source/gd32f4xx_dci.c ****     rcu_periph_reset_enable(RCU_DCIRST);
  32              		.loc 1 47 1 is_stmt 0 view .LVU2
  33 0000 08B5     		push	{r3, lr}
  34              	.LCFI0:
  35              		.cfi_def_cfa_offset 8
  36              		.cfi_offset 3, -8
  37              		.cfi_offset 14, -4
  38              		.loc 1 48 5 view .LVU3
  39 0002 4FF4A060 		mov	r0, #1280
  40 0006 FFF7FEFF 		bl	rcu_periph_reset_enable
  41              	.LVL0:
  49:Drivers/GD32F4xx_standard_peripheral/Source/gd32f4xx_dci.c ****     rcu_periph_reset_disable(RCU_DCIRST);
  42              		.loc 1 49 5 is_stmt 1 view .LVU4
  50:Drivers/GD32F4xx_standard_peripheral/Source/gd32f4xx_dci.c **** }
  43              		.loc 1 50 1 is_stmt 0 view .LVU5
  44 000a BDE80840 		pop	{r3, lr}
  45              	.LCFI1:
  46              		.cfi_restore 14
  47              		.cfi_restore 3
  48              		.cfi_def_cfa_offset 0
  49:Drivers/GD32F4xx_standard_peripheral/Source/gd32f4xx_dci.c ****     rcu_periph_reset_disable(RCU_DCIRST);
  49              		.loc 1 49 5 view .LVU6
  50 000e 4FF4A060 		mov	r0, #1280
  51 0012 FFF7FEBF 		b	rcu_periph_reset_disable
  52              	.LVL1:
  53              		.cfi_endproc
  54              	.LFE116:
  56              		.section	.text.dci_init,"ax",%progbits
  57              		.align	1
  58              		.global	dci_init
  59              		.syntax unified
  60              		.thumb
  61              		.thumb_func
  63              	dci_init:
  64              	.LVL2:
  65              	.LFB117:
ARM GAS  /tmp/ccleqJ8K.s 			page 3


  51:Drivers/GD32F4xx_standard_peripheral/Source/gd32f4xx_dci.c **** 
  52:Drivers/GD32F4xx_standard_peripheral/Source/gd32f4xx_dci.c **** /*!
  53:Drivers/GD32F4xx_standard_peripheral/Source/gd32f4xx_dci.c ****     \brief    initialize DCI registers
  54:Drivers/GD32F4xx_standard_peripheral/Source/gd32f4xx_dci.c ****     \param[in]  dci_struct: DCI parameter initialization structure
  55:Drivers/GD32F4xx_standard_peripheral/Source/gd32f4xx_dci.c ****                 members of the structure and the member values are shown as below:
  56:Drivers/GD32F4xx_standard_peripheral/Source/gd32f4xx_dci.c ****                 capture_mode    : DCI_CAPTURE_MODE_CONTINUOUS, DCI_CAPTURE_MODE_SNAPSHOT
  57:Drivers/GD32F4xx_standard_peripheral/Source/gd32f4xx_dci.c ****                 colck_polarity  : DCI_CK_POLARITY_FALLING, DCI_CK_POLARITY_RISING
  58:Drivers/GD32F4xx_standard_peripheral/Source/gd32f4xx_dci.c ****                 hsync_polarity  : DCI_HSYNC_POLARITY_LOW, DCI_HSYNC_POLARITY_HIGH
  59:Drivers/GD32F4xx_standard_peripheral/Source/gd32f4xx_dci.c ****                 vsync_polarity  : DCI_VSYNC_POLARITY_LOW, DCI_VSYNC_POLARITY_HIGH
  60:Drivers/GD32F4xx_standard_peripheral/Source/gd32f4xx_dci.c ****                 frame_rate      : DCI_FRAME_RATE_ALL, DCI_FRAME_RATE_1_2, DCI_FRAME_RATE_1_4
  61:Drivers/GD32F4xx_standard_peripheral/Source/gd32f4xx_dci.c ****                 interface_format: DCI_INTERFACE_FORMAT_8BITS, DCI_INTERFACE_FORMAT_10BITS,
  62:Drivers/GD32F4xx_standard_peripheral/Source/gd32f4xx_dci.c ****                                       DCI_INTERFACE_FORMAT_12BITS, DCI_INTERFACE_FORMAT_14BITS
  63:Drivers/GD32F4xx_standard_peripheral/Source/gd32f4xx_dci.c ****     \param[out] none
  64:Drivers/GD32F4xx_standard_peripheral/Source/gd32f4xx_dci.c ****     \retval     none
  65:Drivers/GD32F4xx_standard_peripheral/Source/gd32f4xx_dci.c **** */
  66:Drivers/GD32F4xx_standard_peripheral/Source/gd32f4xx_dci.c **** void dci_init(dci_parameter_struct *dci_struct)
  67:Drivers/GD32F4xx_standard_peripheral/Source/gd32f4xx_dci.c **** {
  66              		.loc 1 67 1 is_stmt 1 view -0
  67              		.cfi_startproc
  68              		@ args = 0, pretend = 0, frame = 0
  69              		@ frame_needed = 0, uses_anonymous_args = 0
  70              		@ link register save eliminated.
  68:Drivers/GD32F4xx_standard_peripheral/Source/gd32f4xx_dci.c ****     uint32_t reg = 0U;
  71              		.loc 1 68 5 view .LVU8
  69:Drivers/GD32F4xx_standard_peripheral/Source/gd32f4xx_dci.c ****     /* disable capture function and DCI */
  70:Drivers/GD32F4xx_standard_peripheral/Source/gd32f4xx_dci.c ****     DCI_CTL &= ~(DCI_CTL_CAP | DCI_CTL_DCIEN);
  72              		.loc 1 70 5 view .LVU9
  73 0000 094A     		ldr	r2, .L3
  74 0002 1368     		ldr	r3, [r2]
  75              		.loc 1 70 13 is_stmt 0 view .LVU10
  76 0004 23F48043 		bic	r3, r3, #16384
  77 0008 23F00103 		bic	r3, r3, #1
  78 000c 1360     		str	r3, [r2]
  71:Drivers/GD32F4xx_standard_peripheral/Source/gd32f4xx_dci.c ****     /* configure DCI parameter */
  72:Drivers/GD32F4xx_standard_peripheral/Source/gd32f4xx_dci.c ****     reg |= dci_struct->capture_mode;
  79              		.loc 1 72 5 is_stmt 1 view .LVU11
  80              	.LVL3:
  73:Drivers/GD32F4xx_standard_peripheral/Source/gd32f4xx_dci.c ****     reg |= dci_struct->clock_polarity;
  81              		.loc 1 73 5 view .LVU12
  82              		.loc 1 73 9 is_stmt 0 view .LVU13
  83 000e D0E90031 		ldrd	r3, r1, [r0]
  84 0012 0B43     		orrs	r3, r3, r1
  85              	.LVL4:
  74:Drivers/GD32F4xx_standard_peripheral/Source/gd32f4xx_dci.c ****     reg |= dci_struct->hsync_polarity;
  86              		.loc 1 74 5 is_stmt 1 view .LVU14
  87              		.loc 1 74 9 is_stmt 0 view .LVU15
  88 0014 8168     		ldr	r1, [r0, #8]
  89 0016 0B43     		orrs	r3, r3, r1
  90              	.LVL5:
  75:Drivers/GD32F4xx_standard_peripheral/Source/gd32f4xx_dci.c ****     reg |= dci_struct->vsync_polarity;
  91              		.loc 1 75 5 is_stmt 1 view .LVU16
  92              		.loc 1 75 9 is_stmt 0 view .LVU17
  93 0018 C168     		ldr	r1, [r0, #12]
  94 001a 0B43     		orrs	r3, r3, r1
  95              	.LVL6:
  76:Drivers/GD32F4xx_standard_peripheral/Source/gd32f4xx_dci.c ****     reg |= dci_struct->frame_rate;
  96              		.loc 1 76 5 is_stmt 1 view .LVU18
ARM GAS  /tmp/ccleqJ8K.s 			page 4


  97              		.loc 1 76 9 is_stmt 0 view .LVU19
  98 001c 0169     		ldr	r1, [r0, #16]
  99 001e 0B43     		orrs	r3, r3, r1
 100              	.LVL7:
  77:Drivers/GD32F4xx_standard_peripheral/Source/gd32f4xx_dci.c ****     reg |= dci_struct->interface_format;
 101              		.loc 1 77 5 is_stmt 1 view .LVU20
 102              		.loc 1 77 9 is_stmt 0 view .LVU21
 103 0020 4169     		ldr	r1, [r0, #20]
 104 0022 0B43     		orrs	r3, r3, r1
 105              	.LVL8:
  78:Drivers/GD32F4xx_standard_peripheral/Source/gd32f4xx_dci.c **** 
  79:Drivers/GD32F4xx_standard_peripheral/Source/gd32f4xx_dci.c ****     DCI_CTL = reg;
 106              		.loc 1 79 5 is_stmt 1 view .LVU22
 107              		.loc 1 79 13 is_stmt 0 view .LVU23
 108 0024 1360     		str	r3, [r2]
  80:Drivers/GD32F4xx_standard_peripheral/Source/gd32f4xx_dci.c **** }
 109              		.loc 1 80 1 view .LVU24
 110 0026 7047     		bx	lr
 111              	.L4:
 112              		.align	2
 113              	.L3:
 114 0028 00000550 		.word	1342504960
 115              		.cfi_endproc
 116              	.LFE117:
 118              		.section	.text.dci_enable,"ax",%progbits
 119              		.align	1
 120              		.global	dci_enable
 121              		.syntax unified
 122              		.thumb
 123              		.thumb_func
 125              	dci_enable:
 126              	.LFB118:
  81:Drivers/GD32F4xx_standard_peripheral/Source/gd32f4xx_dci.c **** 
  82:Drivers/GD32F4xx_standard_peripheral/Source/gd32f4xx_dci.c **** /*!
  83:Drivers/GD32F4xx_standard_peripheral/Source/gd32f4xx_dci.c ****     \brief    enable DCI function
  84:Drivers/GD32F4xx_standard_peripheral/Source/gd32f4xx_dci.c ****     \param[in]  none
  85:Drivers/GD32F4xx_standard_peripheral/Source/gd32f4xx_dci.c ****     \param[out] none
  86:Drivers/GD32F4xx_standard_peripheral/Source/gd32f4xx_dci.c ****     \retval     none
  87:Drivers/GD32F4xx_standard_peripheral/Source/gd32f4xx_dci.c **** */
  88:Drivers/GD32F4xx_standard_peripheral/Source/gd32f4xx_dci.c **** void dci_enable(void)
  89:Drivers/GD32F4xx_standard_peripheral/Source/gd32f4xx_dci.c **** {
 127              		.loc 1 89 1 is_stmt 1 view -0
 128              		.cfi_startproc
 129              		@ args = 0, pretend = 0, frame = 0
 130              		@ frame_needed = 0, uses_anonymous_args = 0
 131              		@ link register save eliminated.
  90:Drivers/GD32F4xx_standard_peripheral/Source/gd32f4xx_dci.c ****     DCI_CTL |= DCI_CTL_DCIEN;
 132              		.loc 1 90 5 view .LVU26
 133 0000 024A     		ldr	r2, .L6
 134 0002 1368     		ldr	r3, [r2]
 135              		.loc 1 90 13 is_stmt 0 view .LVU27
 136 0004 43F48043 		orr	r3, r3, #16384
 137 0008 1360     		str	r3, [r2]
  91:Drivers/GD32F4xx_standard_peripheral/Source/gd32f4xx_dci.c **** }
 138              		.loc 1 91 1 view .LVU28
 139 000a 7047     		bx	lr
 140              	.L7:
ARM GAS  /tmp/ccleqJ8K.s 			page 5


 141              		.align	2
 142              	.L6:
 143 000c 00000550 		.word	1342504960
 144              		.cfi_endproc
 145              	.LFE118:
 147              		.section	.text.dci_disable,"ax",%progbits
 148              		.align	1
 149              		.global	dci_disable
 150              		.syntax unified
 151              		.thumb
 152              		.thumb_func
 154              	dci_disable:
 155              	.LFB119:
  92:Drivers/GD32F4xx_standard_peripheral/Source/gd32f4xx_dci.c **** 
  93:Drivers/GD32F4xx_standard_peripheral/Source/gd32f4xx_dci.c **** /*!
  94:Drivers/GD32F4xx_standard_peripheral/Source/gd32f4xx_dci.c ****     \brief    disable DCI function
  95:Drivers/GD32F4xx_standard_peripheral/Source/gd32f4xx_dci.c ****     \param[in]  none
  96:Drivers/GD32F4xx_standard_peripheral/Source/gd32f4xx_dci.c ****     \param[out] none
  97:Drivers/GD32F4xx_standard_peripheral/Source/gd32f4xx_dci.c ****     \retval     none
  98:Drivers/GD32F4xx_standard_peripheral/Source/gd32f4xx_dci.c **** */
  99:Drivers/GD32F4xx_standard_peripheral/Source/gd32f4xx_dci.c **** void dci_disable(void)
 100:Drivers/GD32F4xx_standard_peripheral/Source/gd32f4xx_dci.c **** {
 156              		.loc 1 100 1 is_stmt 1 view -0
 157              		.cfi_startproc
 158              		@ args = 0, pretend = 0, frame = 0
 159              		@ frame_needed = 0, uses_anonymous_args = 0
 160              		@ link register save eliminated.
 101:Drivers/GD32F4xx_standard_peripheral/Source/gd32f4xx_dci.c ****     DCI_CTL &= ~DCI_CTL_DCIEN;
 161              		.loc 1 101 5 view .LVU30
 162 0000 024A     		ldr	r2, .L9
 163 0002 1368     		ldr	r3, [r2]
 164              		.loc 1 101 13 is_stmt 0 view .LVU31
 165 0004 23F48043 		bic	r3, r3, #16384
 166 0008 1360     		str	r3, [r2]
 102:Drivers/GD32F4xx_standard_peripheral/Source/gd32f4xx_dci.c **** }
 167              		.loc 1 102 1 view .LVU32
 168 000a 7047     		bx	lr
 169              	.L10:
 170              		.align	2
 171              	.L9:
 172 000c 00000550 		.word	1342504960
 173              		.cfi_endproc
 174              	.LFE119:
 176              		.section	.text.dci_capture_enable,"ax",%progbits
 177              		.align	1
 178              		.global	dci_capture_enable
 179              		.syntax unified
 180              		.thumb
 181              		.thumb_func
 183              	dci_capture_enable:
 184              	.LFB120:
 103:Drivers/GD32F4xx_standard_peripheral/Source/gd32f4xx_dci.c **** 
 104:Drivers/GD32F4xx_standard_peripheral/Source/gd32f4xx_dci.c **** /*!
 105:Drivers/GD32F4xx_standard_peripheral/Source/gd32f4xx_dci.c ****     \brief    enable DCI capture
 106:Drivers/GD32F4xx_standard_peripheral/Source/gd32f4xx_dci.c ****     \param[in]  none
 107:Drivers/GD32F4xx_standard_peripheral/Source/gd32f4xx_dci.c ****     \param[out] none
 108:Drivers/GD32F4xx_standard_peripheral/Source/gd32f4xx_dci.c ****     \retval     none
ARM GAS  /tmp/ccleqJ8K.s 			page 6


 109:Drivers/GD32F4xx_standard_peripheral/Source/gd32f4xx_dci.c **** */
 110:Drivers/GD32F4xx_standard_peripheral/Source/gd32f4xx_dci.c **** void dci_capture_enable(void)
 111:Drivers/GD32F4xx_standard_peripheral/Source/gd32f4xx_dci.c **** {
 185              		.loc 1 111 1 is_stmt 1 view -0
 186              		.cfi_startproc
 187              		@ args = 0, pretend = 0, frame = 0
 188              		@ frame_needed = 0, uses_anonymous_args = 0
 189              		@ link register save eliminated.
 112:Drivers/GD32F4xx_standard_peripheral/Source/gd32f4xx_dci.c ****     DCI_CTL |= DCI_CTL_CAP;
 190              		.loc 1 112 5 view .LVU34
 191 0000 024A     		ldr	r2, .L12
 192 0002 1368     		ldr	r3, [r2]
 193              		.loc 1 112 13 is_stmt 0 view .LVU35
 194 0004 43F00103 		orr	r3, r3, #1
 195 0008 1360     		str	r3, [r2]
 113:Drivers/GD32F4xx_standard_peripheral/Source/gd32f4xx_dci.c **** }
 196              		.loc 1 113 1 view .LVU36
 197 000a 7047     		bx	lr
 198              	.L13:
 199              		.align	2
 200              	.L12:
 201 000c 00000550 		.word	1342504960
 202              		.cfi_endproc
 203              	.LFE120:
 205              		.section	.text.dci_capture_disable,"ax",%progbits
 206              		.align	1
 207              		.global	dci_capture_disable
 208              		.syntax unified
 209              		.thumb
 210              		.thumb_func
 212              	dci_capture_disable:
 213              	.LFB121:
 114:Drivers/GD32F4xx_standard_peripheral/Source/gd32f4xx_dci.c **** 
 115:Drivers/GD32F4xx_standard_peripheral/Source/gd32f4xx_dci.c **** /*!
 116:Drivers/GD32F4xx_standard_peripheral/Source/gd32f4xx_dci.c ****     \brief    disable DCI capture
 117:Drivers/GD32F4xx_standard_peripheral/Source/gd32f4xx_dci.c ****     \param[in]  none
 118:Drivers/GD32F4xx_standard_peripheral/Source/gd32f4xx_dci.c ****     \param[out] none
 119:Drivers/GD32F4xx_standard_peripheral/Source/gd32f4xx_dci.c ****     \retval     none
 120:Drivers/GD32F4xx_standard_peripheral/Source/gd32f4xx_dci.c **** */
 121:Drivers/GD32F4xx_standard_peripheral/Source/gd32f4xx_dci.c **** void dci_capture_disable(void)
 122:Drivers/GD32F4xx_standard_peripheral/Source/gd32f4xx_dci.c **** {
 214              		.loc 1 122 1 is_stmt 1 view -0
 215              		.cfi_startproc
 216              		@ args = 0, pretend = 0, frame = 0
 217              		@ frame_needed = 0, uses_anonymous_args = 0
 218              		@ link register save eliminated.
 123:Drivers/GD32F4xx_standard_peripheral/Source/gd32f4xx_dci.c ****     DCI_CTL &= ~DCI_CTL_CAP;
 219              		.loc 1 123 5 view .LVU38
 220 0000 024A     		ldr	r2, .L15
 221 0002 1368     		ldr	r3, [r2]
 222              		.loc 1 123 13 is_stmt 0 view .LVU39
 223 0004 23F00103 		bic	r3, r3, #1
 224 0008 1360     		str	r3, [r2]
 124:Drivers/GD32F4xx_standard_peripheral/Source/gd32f4xx_dci.c **** }
 225              		.loc 1 124 1 view .LVU40
 226 000a 7047     		bx	lr
 227              	.L16:
ARM GAS  /tmp/ccleqJ8K.s 			page 7


 228              		.align	2
 229              	.L15:
 230 000c 00000550 		.word	1342504960
 231              		.cfi_endproc
 232              	.LFE121:
 234              		.section	.text.dci_jpeg_enable,"ax",%progbits
 235              		.align	1
 236              		.global	dci_jpeg_enable
 237              		.syntax unified
 238              		.thumb
 239              		.thumb_func
 241              	dci_jpeg_enable:
 242              	.LFB122:
 125:Drivers/GD32F4xx_standard_peripheral/Source/gd32f4xx_dci.c **** 
 126:Drivers/GD32F4xx_standard_peripheral/Source/gd32f4xx_dci.c **** /*!
 127:Drivers/GD32F4xx_standard_peripheral/Source/gd32f4xx_dci.c ****     \brief    enable DCI jpeg mode
 128:Drivers/GD32F4xx_standard_peripheral/Source/gd32f4xx_dci.c ****     \param[in]  none
 129:Drivers/GD32F4xx_standard_peripheral/Source/gd32f4xx_dci.c ****     \param[out] none
 130:Drivers/GD32F4xx_standard_peripheral/Source/gd32f4xx_dci.c ****     \retval     none
 131:Drivers/GD32F4xx_standard_peripheral/Source/gd32f4xx_dci.c **** */
 132:Drivers/GD32F4xx_standard_peripheral/Source/gd32f4xx_dci.c **** void dci_jpeg_enable(void)
 133:Drivers/GD32F4xx_standard_peripheral/Source/gd32f4xx_dci.c **** {
 243              		.loc 1 133 1 is_stmt 1 view -0
 244              		.cfi_startproc
 245              		@ args = 0, pretend = 0, frame = 0
 246              		@ frame_needed = 0, uses_anonymous_args = 0
 247              		@ link register save eliminated.
 134:Drivers/GD32F4xx_standard_peripheral/Source/gd32f4xx_dci.c ****     DCI_CTL |= DCI_CTL_JM;
 248              		.loc 1 134 5 view .LVU42
 249 0000 024A     		ldr	r2, .L18
 250 0002 1368     		ldr	r3, [r2]
 251              		.loc 1 134 13 is_stmt 0 view .LVU43
 252 0004 43F00803 		orr	r3, r3, #8
 253 0008 1360     		str	r3, [r2]
 135:Drivers/GD32F4xx_standard_peripheral/Source/gd32f4xx_dci.c **** }
 254              		.loc 1 135 1 view .LVU44
 255 000a 7047     		bx	lr
 256              	.L19:
 257              		.align	2
 258              	.L18:
 259 000c 00000550 		.word	1342504960
 260              		.cfi_endproc
 261              	.LFE122:
 263              		.section	.text.dci_jpeg_disable,"ax",%progbits
 264              		.align	1
 265              		.global	dci_jpeg_disable
 266              		.syntax unified
 267              		.thumb
 268              		.thumb_func
 270              	dci_jpeg_disable:
 271              	.LFB123:
 136:Drivers/GD32F4xx_standard_peripheral/Source/gd32f4xx_dci.c **** 
 137:Drivers/GD32F4xx_standard_peripheral/Source/gd32f4xx_dci.c **** /*!
 138:Drivers/GD32F4xx_standard_peripheral/Source/gd32f4xx_dci.c ****     \brief    disable DCI jpeg mode
 139:Drivers/GD32F4xx_standard_peripheral/Source/gd32f4xx_dci.c ****     \param[in]  none
 140:Drivers/GD32F4xx_standard_peripheral/Source/gd32f4xx_dci.c ****     \param[out] none
 141:Drivers/GD32F4xx_standard_peripheral/Source/gd32f4xx_dci.c ****     \retval     none
ARM GAS  /tmp/ccleqJ8K.s 			page 8


 142:Drivers/GD32F4xx_standard_peripheral/Source/gd32f4xx_dci.c **** */
 143:Drivers/GD32F4xx_standard_peripheral/Source/gd32f4xx_dci.c **** void dci_jpeg_disable(void)
 144:Drivers/GD32F4xx_standard_peripheral/Source/gd32f4xx_dci.c **** {
 272              		.loc 1 144 1 is_stmt 1 view -0
 273              		.cfi_startproc
 274              		@ args = 0, pretend = 0, frame = 0
 275              		@ frame_needed = 0, uses_anonymous_args = 0
 276              		@ link register save eliminated.
 145:Drivers/GD32F4xx_standard_peripheral/Source/gd32f4xx_dci.c ****     DCI_CTL &= ~DCI_CTL_JM;
 277              		.loc 1 145 5 view .LVU46
 278 0000 024A     		ldr	r2, .L21
 279 0002 1368     		ldr	r3, [r2]
 280              		.loc 1 145 13 is_stmt 0 view .LVU47
 281 0004 23F00803 		bic	r3, r3, #8
 282 0008 1360     		str	r3, [r2]
 146:Drivers/GD32F4xx_standard_peripheral/Source/gd32f4xx_dci.c **** }
 283              		.loc 1 146 1 view .LVU48
 284 000a 7047     		bx	lr
 285              	.L22:
 286              		.align	2
 287              	.L21:
 288 000c 00000550 		.word	1342504960
 289              		.cfi_endproc
 290              	.LFE123:
 292              		.section	.text.dci_crop_window_enable,"ax",%progbits
 293              		.align	1
 294              		.global	dci_crop_window_enable
 295              		.syntax unified
 296              		.thumb
 297              		.thumb_func
 299              	dci_crop_window_enable:
 300              	.LFB124:
 147:Drivers/GD32F4xx_standard_peripheral/Source/gd32f4xx_dci.c **** 
 148:Drivers/GD32F4xx_standard_peripheral/Source/gd32f4xx_dci.c **** /*!
 149:Drivers/GD32F4xx_standard_peripheral/Source/gd32f4xx_dci.c ****     \brief    enable cropping window function
 150:Drivers/GD32F4xx_standard_peripheral/Source/gd32f4xx_dci.c ****     \param[in]  none
 151:Drivers/GD32F4xx_standard_peripheral/Source/gd32f4xx_dci.c ****     \param[out] none
 152:Drivers/GD32F4xx_standard_peripheral/Source/gd32f4xx_dci.c ****     \retval     none
 153:Drivers/GD32F4xx_standard_peripheral/Source/gd32f4xx_dci.c **** */
 154:Drivers/GD32F4xx_standard_peripheral/Source/gd32f4xx_dci.c **** void dci_crop_window_enable(void)
 155:Drivers/GD32F4xx_standard_peripheral/Source/gd32f4xx_dci.c **** {
 301              		.loc 1 155 1 is_stmt 1 view -0
 302              		.cfi_startproc
 303              		@ args = 0, pretend = 0, frame = 0
 304              		@ frame_needed = 0, uses_anonymous_args = 0
 305              		@ link register save eliminated.
 156:Drivers/GD32F4xx_standard_peripheral/Source/gd32f4xx_dci.c ****     DCI_CTL |= DCI_CTL_WDEN;
 306              		.loc 1 156 5 view .LVU50
 307 0000 024A     		ldr	r2, .L24
 308 0002 1368     		ldr	r3, [r2]
 309              		.loc 1 156 13 is_stmt 0 view .LVU51
 310 0004 43F00403 		orr	r3, r3, #4
 311 0008 1360     		str	r3, [r2]
 157:Drivers/GD32F4xx_standard_peripheral/Source/gd32f4xx_dci.c **** }
 312              		.loc 1 157 1 view .LVU52
 313 000a 7047     		bx	lr
 314              	.L25:
ARM GAS  /tmp/ccleqJ8K.s 			page 9


 315              		.align	2
 316              	.L24:
 317 000c 00000550 		.word	1342504960
 318              		.cfi_endproc
 319              	.LFE124:
 321              		.section	.text.dci_crop_window_disable,"ax",%progbits
 322              		.align	1
 323              		.global	dci_crop_window_disable
 324              		.syntax unified
 325              		.thumb
 326              		.thumb_func
 328              	dci_crop_window_disable:
 329              	.LFB125:
 158:Drivers/GD32F4xx_standard_peripheral/Source/gd32f4xx_dci.c **** 
 159:Drivers/GD32F4xx_standard_peripheral/Source/gd32f4xx_dci.c **** /*!
 160:Drivers/GD32F4xx_standard_peripheral/Source/gd32f4xx_dci.c ****     \brief    disable cropping window function
 161:Drivers/GD32F4xx_standard_peripheral/Source/gd32f4xx_dci.c ****     \param[in]  none
 162:Drivers/GD32F4xx_standard_peripheral/Source/gd32f4xx_dci.c ****     \param[out] none
 163:Drivers/GD32F4xx_standard_peripheral/Source/gd32f4xx_dci.c ****     \retval     none
 164:Drivers/GD32F4xx_standard_peripheral/Source/gd32f4xx_dci.c **** */
 165:Drivers/GD32F4xx_standard_peripheral/Source/gd32f4xx_dci.c **** void dci_crop_window_disable(void)
 166:Drivers/GD32F4xx_standard_peripheral/Source/gd32f4xx_dci.c **** {
 330              		.loc 1 166 1 is_stmt 1 view -0
 331              		.cfi_startproc
 332              		@ args = 0, pretend = 0, frame = 0
 333              		@ frame_needed = 0, uses_anonymous_args = 0
 334              		@ link register save eliminated.
 167:Drivers/GD32F4xx_standard_peripheral/Source/gd32f4xx_dci.c ****     DCI_CTL &= ~DCI_CTL_WDEN;
 335              		.loc 1 167 5 view .LVU54
 336 0000 024A     		ldr	r2, .L27
 337 0002 1368     		ldr	r3, [r2]
 338              		.loc 1 167 13 is_stmt 0 view .LVU55
 339 0004 23F00403 		bic	r3, r3, #4
 340 0008 1360     		str	r3, [r2]
 168:Drivers/GD32F4xx_standard_peripheral/Source/gd32f4xx_dci.c **** }
 341              		.loc 1 168 1 view .LVU56
 342 000a 7047     		bx	lr
 343              	.L28:
 344              		.align	2
 345              	.L27:
 346 000c 00000550 		.word	1342504960
 347              		.cfi_endproc
 348              	.LFE125:
 350              		.section	.text.dci_crop_window_config,"ax",%progbits
 351              		.align	1
 352              		.global	dci_crop_window_config
 353              		.syntax unified
 354              		.thumb
 355              		.thumb_func
 357              	dci_crop_window_config:
 358              	.LVL9:
 359              	.LFB126:
 169:Drivers/GD32F4xx_standard_peripheral/Source/gd32f4xx_dci.c **** 
 170:Drivers/GD32F4xx_standard_peripheral/Source/gd32f4xx_dci.c **** /*!
 171:Drivers/GD32F4xx_standard_peripheral/Source/gd32f4xx_dci.c ****     \brief    configure DCI cropping window
 172:Drivers/GD32F4xx_standard_peripheral/Source/gd32f4xx_dci.c ****     \param[in]  start_x: window horizontal start position
 173:Drivers/GD32F4xx_standard_peripheral/Source/gd32f4xx_dci.c ****     \param[in]  start_y: window vertical start position
ARM GAS  /tmp/ccleqJ8K.s 			page 10


 174:Drivers/GD32F4xx_standard_peripheral/Source/gd32f4xx_dci.c ****     \param[in]  size_width: window horizontal size
 175:Drivers/GD32F4xx_standard_peripheral/Source/gd32f4xx_dci.c ****     \param[in]  size_height: window vertical size
 176:Drivers/GD32F4xx_standard_peripheral/Source/gd32f4xx_dci.c ****     \param[out] none
 177:Drivers/GD32F4xx_standard_peripheral/Source/gd32f4xx_dci.c ****     \retval     none
 178:Drivers/GD32F4xx_standard_peripheral/Source/gd32f4xx_dci.c **** */
 179:Drivers/GD32F4xx_standard_peripheral/Source/gd32f4xx_dci.c **** void dci_crop_window_config(uint16_t start_x, uint16_t start_y, uint16_t size_width, uint16_t size_
 180:Drivers/GD32F4xx_standard_peripheral/Source/gd32f4xx_dci.c **** {
 360              		.loc 1 180 1 is_stmt 1 view -0
 361              		.cfi_startproc
 362              		@ args = 0, pretend = 0, frame = 0
 363              		@ frame_needed = 0, uses_anonymous_args = 0
 364              		@ link register save eliminated.
 181:Drivers/GD32F4xx_standard_peripheral/Source/gd32f4xx_dci.c ****     DCI_CWSPOS = ((uint32_t)start_x | ((uint32_t)start_y << 16));
 365              		.loc 1 181 5 view .LVU58
 366              		.loc 1 181 37 is_stmt 0 view .LVU59
 367 0000 40EA0140 		orr	r0, r0, r1, lsl #16
 368              	.LVL10:
 369              		.loc 1 181 16 view .LVU60
 370 0004 0249     		ldr	r1, .L30
 371              	.LVL11:
 182:Drivers/GD32F4xx_standard_peripheral/Source/gd32f4xx_dci.c ****     DCI_CWSZ = ((uint32_t)size_width | ((uint32_t)size_height << 16));
 372              		.loc 1 182 38 view .LVU61
 373 0006 42EA0342 		orr	r2, r2, r3, lsl #16
 374              	.LVL12:
 181:Drivers/GD32F4xx_standard_peripheral/Source/gd32f4xx_dci.c ****     DCI_CWSPOS = ((uint32_t)start_x | ((uint32_t)start_y << 16));
 375              		.loc 1 181 16 view .LVU62
 376 000a 0862     		str	r0, [r1, #32]
 377              		.loc 1 182 5 is_stmt 1 view .LVU63
 378              		.loc 1 182 14 is_stmt 0 view .LVU64
 379 000c 4A62     		str	r2, [r1, #36]
 183:Drivers/GD32F4xx_standard_peripheral/Source/gd32f4xx_dci.c **** }
 380              		.loc 1 183 1 view .LVU65
 381 000e 7047     		bx	lr
 382              	.L31:
 383              		.align	2
 384              	.L30:
 385 0010 00000550 		.word	1342504960
 386              		.cfi_endproc
 387              	.LFE126:
 389              		.section	.text.dci_embedded_sync_enable,"ax",%progbits
 390              		.align	1
 391              		.global	dci_embedded_sync_enable
 392              		.syntax unified
 393              		.thumb
 394              		.thumb_func
 396              	dci_embedded_sync_enable:
 397              	.LFB127:
 184:Drivers/GD32F4xx_standard_peripheral/Source/gd32f4xx_dci.c **** 
 185:Drivers/GD32F4xx_standard_peripheral/Source/gd32f4xx_dci.c **** /*!
 186:Drivers/GD32F4xx_standard_peripheral/Source/gd32f4xx_dci.c ****     \brief    enable embedded synchronous mode
 187:Drivers/GD32F4xx_standard_peripheral/Source/gd32f4xx_dci.c ****     \param[in]  none
 188:Drivers/GD32F4xx_standard_peripheral/Source/gd32f4xx_dci.c ****     \param[out] none
 189:Drivers/GD32F4xx_standard_peripheral/Source/gd32f4xx_dci.c ****     \retval     none
 190:Drivers/GD32F4xx_standard_peripheral/Source/gd32f4xx_dci.c **** */
 191:Drivers/GD32F4xx_standard_peripheral/Source/gd32f4xx_dci.c **** void dci_embedded_sync_enable(void)
 192:Drivers/GD32F4xx_standard_peripheral/Source/gd32f4xx_dci.c **** {
 398              		.loc 1 192 1 is_stmt 1 view -0
ARM GAS  /tmp/ccleqJ8K.s 			page 11


 399              		.cfi_startproc
 400              		@ args = 0, pretend = 0, frame = 0
 401              		@ frame_needed = 0, uses_anonymous_args = 0
 402              		@ link register save eliminated.
 193:Drivers/GD32F4xx_standard_peripheral/Source/gd32f4xx_dci.c ****     DCI_CTL |= DCI_CTL_ESM;
 403              		.loc 1 193 5 view .LVU67
 404 0000 024A     		ldr	r2, .L33
 405 0002 1368     		ldr	r3, [r2]
 406              		.loc 1 193 13 is_stmt 0 view .LVU68
 407 0004 43F01003 		orr	r3, r3, #16
 408 0008 1360     		str	r3, [r2]
 194:Drivers/GD32F4xx_standard_peripheral/Source/gd32f4xx_dci.c **** }
 409              		.loc 1 194 1 view .LVU69
 410 000a 7047     		bx	lr
 411              	.L34:
 412              		.align	2
 413              	.L33:
 414 000c 00000550 		.word	1342504960
 415              		.cfi_endproc
 416              	.LFE127:
 418              		.section	.text.dci_embedded_sync_disable,"ax",%progbits
 419              		.align	1
 420              		.global	dci_embedded_sync_disable
 421              		.syntax unified
 422              		.thumb
 423              		.thumb_func
 425              	dci_embedded_sync_disable:
 426              	.LFB128:
 195:Drivers/GD32F4xx_standard_peripheral/Source/gd32f4xx_dci.c **** 
 196:Drivers/GD32F4xx_standard_peripheral/Source/gd32f4xx_dci.c **** /*!
 197:Drivers/GD32F4xx_standard_peripheral/Source/gd32f4xx_dci.c ****     \brief    disble embedded synchronous mode
 198:Drivers/GD32F4xx_standard_peripheral/Source/gd32f4xx_dci.c ****     \param[in]  none
 199:Drivers/GD32F4xx_standard_peripheral/Source/gd32f4xx_dci.c ****     \param[out] none
 200:Drivers/GD32F4xx_standard_peripheral/Source/gd32f4xx_dci.c ****     \retval     none
 201:Drivers/GD32F4xx_standard_peripheral/Source/gd32f4xx_dci.c **** */
 202:Drivers/GD32F4xx_standard_peripheral/Source/gd32f4xx_dci.c **** void dci_embedded_sync_disable(void)
 203:Drivers/GD32F4xx_standard_peripheral/Source/gd32f4xx_dci.c **** {
 427              		.loc 1 203 1 is_stmt 1 view -0
 428              		.cfi_startproc
 429              		@ args = 0, pretend = 0, frame = 0
 430              		@ frame_needed = 0, uses_anonymous_args = 0
 431              		@ link register save eliminated.
 204:Drivers/GD32F4xx_standard_peripheral/Source/gd32f4xx_dci.c ****     DCI_CTL &= ~DCI_CTL_ESM;
 432              		.loc 1 204 5 view .LVU71
 433 0000 024A     		ldr	r2, .L36
 434 0002 1368     		ldr	r3, [r2]
 435              		.loc 1 204 13 is_stmt 0 view .LVU72
 436 0004 23F01003 		bic	r3, r3, #16
 437 0008 1360     		str	r3, [r2]
 205:Drivers/GD32F4xx_standard_peripheral/Source/gd32f4xx_dci.c **** }
 438              		.loc 1 205 1 view .LVU73
 439 000a 7047     		bx	lr
 440              	.L37:
 441              		.align	2
 442              	.L36:
 443 000c 00000550 		.word	1342504960
 444              		.cfi_endproc
ARM GAS  /tmp/ccleqJ8K.s 			page 12


 445              	.LFE128:
 447              		.section	.text.dci_sync_codes_config,"ax",%progbits
 448              		.align	1
 449              		.global	dci_sync_codes_config
 450              		.syntax unified
 451              		.thumb
 452              		.thumb_func
 454              	dci_sync_codes_config:
 455              	.LVL13:
 456              	.LFB129:
 206:Drivers/GD32F4xx_standard_peripheral/Source/gd32f4xx_dci.c **** /*!
 207:Drivers/GD32F4xx_standard_peripheral/Source/gd32f4xx_dci.c ****     \brief    config synchronous codes in embedded synchronous mode
 208:Drivers/GD32F4xx_standard_peripheral/Source/gd32f4xx_dci.c ****     \param[in]  frame_start: frame start code in embedded synchronous mode
 209:Drivers/GD32F4xx_standard_peripheral/Source/gd32f4xx_dci.c ****     \param[in]  line_start: line start code in embedded synchronous mode
 210:Drivers/GD32F4xx_standard_peripheral/Source/gd32f4xx_dci.c ****     \param[in]  line_end: line end code in embedded synchronous mode
 211:Drivers/GD32F4xx_standard_peripheral/Source/gd32f4xx_dci.c ****     \param[in]  frame_end: frame end code in embedded synchronous mode
 212:Drivers/GD32F4xx_standard_peripheral/Source/gd32f4xx_dci.c ****     \param[out] none
 213:Drivers/GD32F4xx_standard_peripheral/Source/gd32f4xx_dci.c ****     \retval     none
 214:Drivers/GD32F4xx_standard_peripheral/Source/gd32f4xx_dci.c **** */
 215:Drivers/GD32F4xx_standard_peripheral/Source/gd32f4xx_dci.c **** void dci_sync_codes_config(uint8_t frame_start, uint8_t line_start, uint8_t line_end, uint8_t frame
 216:Drivers/GD32F4xx_standard_peripheral/Source/gd32f4xx_dci.c **** {
 457              		.loc 1 216 1 is_stmt 1 view -0
 458              		.cfi_startproc
 459              		@ args = 0, pretend = 0, frame = 0
 460              		@ frame_needed = 0, uses_anonymous_args = 0
 461              		@ link register save eliminated.
 217:Drivers/GD32F4xx_standard_peripheral/Source/gd32f4xx_dci.c ****     DCI_SC = ((uint32_t)frame_start | ((uint32_t)line_start << 8) | ((uint32_t)line_end << 16) | ((
 462              		.loc 1 217 5 view .LVU75
 463              		.loc 1 217 119 is_stmt 0 view .LVU76
 464 0000 1B06     		lsls	r3, r3, #24
 465              	.LVL14:
 466              		.loc 1 217 96 view .LVU77
 467 0002 43EA0243 		orr	r3, r3, r2, lsl #16
 468 0006 0343     		orrs	r3, r3, r0
 469              		.loc 1 217 12 view .LVU78
 470 0008 024A     		ldr	r2, .L39
 471              	.LVL15:
 472              		.loc 1 217 96 view .LVU79
 473 000a 43EA0123 		orr	r3, r3, r1, lsl #8
 474              		.loc 1 217 12 view .LVU80
 475 000e 9361     		str	r3, [r2, #24]
 218:Drivers/GD32F4xx_standard_peripheral/Source/gd32f4xx_dci.c **** }
 476              		.loc 1 218 1 view .LVU81
 477 0010 7047     		bx	lr
 478              	.L40:
 479 0012 00BF     		.align	2
 480              	.L39:
 481 0014 00000550 		.word	1342504960
 482              		.cfi_endproc
 483              	.LFE129:
 485              		.section	.text.dci_sync_codes_unmask_config,"ax",%progbits
 486              		.align	1
 487              		.global	dci_sync_codes_unmask_config
 488              		.syntax unified
 489              		.thumb
 490              		.thumb_func
 492              	dci_sync_codes_unmask_config:
ARM GAS  /tmp/ccleqJ8K.s 			page 13


 493              	.LVL16:
 494              	.LFB130:
 219:Drivers/GD32F4xx_standard_peripheral/Source/gd32f4xx_dci.c **** 
 220:Drivers/GD32F4xx_standard_peripheral/Source/gd32f4xx_dci.c **** /*!
 221:Drivers/GD32F4xx_standard_peripheral/Source/gd32f4xx_dci.c ****     \brief    config synchronous codes unmask in embedded synchronous mode
 222:Drivers/GD32F4xx_standard_peripheral/Source/gd32f4xx_dci.c ****     \param[in]  frame_start: frame start code unmask bits in embedded synchronous mode
 223:Drivers/GD32F4xx_standard_peripheral/Source/gd32f4xx_dci.c ****     \param[in]  line_start: line start code unmask bits in embedded synchronous mode
 224:Drivers/GD32F4xx_standard_peripheral/Source/gd32f4xx_dci.c ****     \param[in]  line_end: line end code unmask bits in embedded synchronous mode
 225:Drivers/GD32F4xx_standard_peripheral/Source/gd32f4xx_dci.c ****     \param[in]  frame_end: frame end code unmask bits in embedded synchronous mode
 226:Drivers/GD32F4xx_standard_peripheral/Source/gd32f4xx_dci.c ****     \param[out] none
 227:Drivers/GD32F4xx_standard_peripheral/Source/gd32f4xx_dci.c ****     \retval     none
 228:Drivers/GD32F4xx_standard_peripheral/Source/gd32f4xx_dci.c **** */
 229:Drivers/GD32F4xx_standard_peripheral/Source/gd32f4xx_dci.c **** void dci_sync_codes_unmask_config(uint8_t frame_start, uint8_t line_start, uint8_t line_end, uint8_
 230:Drivers/GD32F4xx_standard_peripheral/Source/gd32f4xx_dci.c **** {
 495              		.loc 1 230 1 is_stmt 1 view -0
 496              		.cfi_startproc
 497              		@ args = 0, pretend = 0, frame = 0
 498              		@ frame_needed = 0, uses_anonymous_args = 0
 499              		@ link register save eliminated.
 231:Drivers/GD32F4xx_standard_peripheral/Source/gd32f4xx_dci.c ****     DCI_SCUMSK = ((uint32_t)frame_start | ((uint32_t)line_start << 8) | ((uint32_t)line_end << 16) 
 500              		.loc 1 231 5 view .LVU83
 501              		.loc 1 231 123 is_stmt 0 view .LVU84
 502 0000 1B06     		lsls	r3, r3, #24
 503              	.LVL17:
 504              		.loc 1 231 100 view .LVU85
 505 0002 43EA0243 		orr	r3, r3, r2, lsl #16
 506 0006 0343     		orrs	r3, r3, r0
 507              		.loc 1 231 16 view .LVU86
 508 0008 024A     		ldr	r2, .L42
 509              	.LVL18:
 510              		.loc 1 231 100 view .LVU87
 511 000a 43EA0123 		orr	r3, r3, r1, lsl #8
 512              		.loc 1 231 16 view .LVU88
 513 000e D361     		str	r3, [r2, #28]
 232:Drivers/GD32F4xx_standard_peripheral/Source/gd32f4xx_dci.c **** }
 514              		.loc 1 232 1 view .LVU89
 515 0010 7047     		bx	lr
 516              	.L43:
 517 0012 00BF     		.align	2
 518              	.L42:
 519 0014 00000550 		.word	1342504960
 520              		.cfi_endproc
 521              	.LFE130:
 523              		.section	.text.dci_data_read,"ax",%progbits
 524              		.align	1
 525              		.global	dci_data_read
 526              		.syntax unified
 527              		.thumb
 528              		.thumb_func
 530              	dci_data_read:
 531              	.LFB131:
 233:Drivers/GD32F4xx_standard_peripheral/Source/gd32f4xx_dci.c **** 
 234:Drivers/GD32F4xx_standard_peripheral/Source/gd32f4xx_dci.c **** /*!
 235:Drivers/GD32F4xx_standard_peripheral/Source/gd32f4xx_dci.c ****     \brief    read DCI data register
 236:Drivers/GD32F4xx_standard_peripheral/Source/gd32f4xx_dci.c ****     \param[in]  none
 237:Drivers/GD32F4xx_standard_peripheral/Source/gd32f4xx_dci.c ****     \param[out] none
 238:Drivers/GD32F4xx_standard_peripheral/Source/gd32f4xx_dci.c ****     \retval     data
ARM GAS  /tmp/ccleqJ8K.s 			page 14


 239:Drivers/GD32F4xx_standard_peripheral/Source/gd32f4xx_dci.c **** */
 240:Drivers/GD32F4xx_standard_peripheral/Source/gd32f4xx_dci.c **** uint32_t dci_data_read(void)
 241:Drivers/GD32F4xx_standard_peripheral/Source/gd32f4xx_dci.c **** {
 532              		.loc 1 241 1 is_stmt 1 view -0
 533              		.cfi_startproc
 534              		@ args = 0, pretend = 0, frame = 0
 535              		@ frame_needed = 0, uses_anonymous_args = 0
 536              		@ link register save eliminated.
 242:Drivers/GD32F4xx_standard_peripheral/Source/gd32f4xx_dci.c ****     return DCI_DATA;
 537              		.loc 1 242 5 view .LVU91
 538              		.loc 1 242 12 is_stmt 0 view .LVU92
 539 0000 014B     		ldr	r3, .L45
 540 0002 986A     		ldr	r0, [r3, #40]
 243:Drivers/GD32F4xx_standard_peripheral/Source/gd32f4xx_dci.c **** }
 541              		.loc 1 243 1 view .LVU93
 542 0004 7047     		bx	lr
 543              	.L46:
 544 0006 00BF     		.align	2
 545              	.L45:
 546 0008 00000550 		.word	1342504960
 547              		.cfi_endproc
 548              	.LFE131:
 550              		.section	.text.dci_flag_get,"ax",%progbits
 551              		.align	1
 552              		.global	dci_flag_get
 553              		.syntax unified
 554              		.thumb
 555              		.thumb_func
 557              	dci_flag_get:
 558              	.LVL19:
 559              	.LFB132:
 244:Drivers/GD32F4xx_standard_peripheral/Source/gd32f4xx_dci.c **** 
 245:Drivers/GD32F4xx_standard_peripheral/Source/gd32f4xx_dci.c **** /*!
 246:Drivers/GD32F4xx_standard_peripheral/Source/gd32f4xx_dci.c ****     \brief    get specified flag
 247:Drivers/GD32F4xx_standard_peripheral/Source/gd32f4xx_dci.c ****     \param[in]  flag:
 248:Drivers/GD32F4xx_standard_peripheral/Source/gd32f4xx_dci.c ****       \arg         DCI_FLAG_HS: HS line status
 249:Drivers/GD32F4xx_standard_peripheral/Source/gd32f4xx_dci.c ****       \arg         DCI_FLAG_VS: VS line status
 250:Drivers/GD32F4xx_standard_peripheral/Source/gd32f4xx_dci.c ****       \arg         DCI_FLAG_FV:FIFO valid
 251:Drivers/GD32F4xx_standard_peripheral/Source/gd32f4xx_dci.c ****       \arg         DCI_FLAG_EF: end of frame flag
 252:Drivers/GD32F4xx_standard_peripheral/Source/gd32f4xx_dci.c ****       \arg         DCI_FLAG_OVR: FIFO overrun flag
 253:Drivers/GD32F4xx_standard_peripheral/Source/gd32f4xx_dci.c ****       \arg         DCI_FLAG_ESE: embedded synchronous error flag
 254:Drivers/GD32F4xx_standard_peripheral/Source/gd32f4xx_dci.c ****       \arg         DCI_FLAG_VSYNC: vsync flag
 255:Drivers/GD32F4xx_standard_peripheral/Source/gd32f4xx_dci.c ****       \arg         DCI_FLAG_EL: end of line flag
 256:Drivers/GD32F4xx_standard_peripheral/Source/gd32f4xx_dci.c ****     \param[out] none
 257:Drivers/GD32F4xx_standard_peripheral/Source/gd32f4xx_dci.c ****     \retval     FlagStatus: SET or RESET
 258:Drivers/GD32F4xx_standard_peripheral/Source/gd32f4xx_dci.c **** */
 259:Drivers/GD32F4xx_standard_peripheral/Source/gd32f4xx_dci.c **** FlagStatus dci_flag_get(uint32_t flag)
 260:Drivers/GD32F4xx_standard_peripheral/Source/gd32f4xx_dci.c **** {
 560              		.loc 1 260 1 is_stmt 1 view -0
 561              		.cfi_startproc
 562              		@ args = 0, pretend = 0, frame = 0
 563              		@ frame_needed = 0, uses_anonymous_args = 0
 564              		@ link register save eliminated.
 261:Drivers/GD32F4xx_standard_peripheral/Source/gd32f4xx_dci.c ****     uint32_t stat = 0U;
 565              		.loc 1 261 5 view .LVU95
 262:Drivers/GD32F4xx_standard_peripheral/Source/gd32f4xx_dci.c **** 
 263:Drivers/GD32F4xx_standard_peripheral/Source/gd32f4xx_dci.c ****     if(flag >> 31) {
ARM GAS  /tmp/ccleqJ8K.s 			page 15


 566              		.loc 1 263 5 view .LVU96
 567 0000 044B     		ldr	r3, .L50
 264:Drivers/GD32F4xx_standard_peripheral/Source/gd32f4xx_dci.c ****         /* get flag status from DCI_STAT1 register */
 265:Drivers/GD32F4xx_standard_peripheral/Source/gd32f4xx_dci.c ****         stat = DCI_STAT1;
 568              		.loc 1 265 9 view .LVU97
 263:Drivers/GD32F4xx_standard_peripheral/Source/gd32f4xx_dci.c ****         /* get flag status from DCI_STAT1 register */
 569              		.loc 1 263 7 is_stmt 0 view .LVU98
 570 0002 0028     		cmp	r0, #0
 571              		.loc 1 265 14 view .LVU99
 572 0004 B4BF     		ite	lt
 573 0006 9B68     		ldrlt	r3, [r3, #8]
 574              	.LVL20:
 266:Drivers/GD32F4xx_standard_peripheral/Source/gd32f4xx_dci.c ****     } else {
 267:Drivers/GD32F4xx_standard_peripheral/Source/gd32f4xx_dci.c ****         /* get flag status from DCI_STAT0 register */
 268:Drivers/GD32F4xx_standard_peripheral/Source/gd32f4xx_dci.c ****         stat = DCI_STAT0;
 575              		.loc 1 268 9 is_stmt 1 view .LVU100
 576              		.loc 1 268 14 is_stmt 0 view .LVU101
 577 0008 5B68     		ldrge	r3, [r3, #4]
 578              	.LVL21:
 269:Drivers/GD32F4xx_standard_peripheral/Source/gd32f4xx_dci.c ****     }
 270:Drivers/GD32F4xx_standard_peripheral/Source/gd32f4xx_dci.c **** 
 271:Drivers/GD32F4xx_standard_peripheral/Source/gd32f4xx_dci.c ****     if(flag & stat) {
 579              		.loc 1 271 5 is_stmt 1 view .LVU102
 580              		.loc 1 271 7 is_stmt 0 view .LVU103
 581 000a 0342     		tst	r3, r0
 272:Drivers/GD32F4xx_standard_peripheral/Source/gd32f4xx_dci.c ****         return SET;
 273:Drivers/GD32F4xx_standard_peripheral/Source/gd32f4xx_dci.c ****     } else {
 274:Drivers/GD32F4xx_standard_peripheral/Source/gd32f4xx_dci.c ****         return RESET;
 275:Drivers/GD32F4xx_standard_peripheral/Source/gd32f4xx_dci.c ****     }
 276:Drivers/GD32F4xx_standard_peripheral/Source/gd32f4xx_dci.c **** }
 582              		.loc 1 276 1 view .LVU104
 583 000c 14BF     		ite	ne
 584 000e 0120     		movne	r0, #1
 585              	.LVL22:
 586              		.loc 1 276 1 view .LVU105
 587 0010 0020     		moveq	r0, #0
 588 0012 7047     		bx	lr
 589              	.L51:
 590              		.align	2
 591              	.L50:
 592 0014 00000550 		.word	1342504960
 593              		.cfi_endproc
 594              	.LFE132:
 596              		.section	.text.dci_interrupt_enable,"ax",%progbits
 597              		.align	1
 598              		.global	dci_interrupt_enable
 599              		.syntax unified
 600              		.thumb
 601              		.thumb_func
 603              	dci_interrupt_enable:
 604              	.LVL23:
 605              	.LFB133:
 277:Drivers/GD32F4xx_standard_peripheral/Source/gd32f4xx_dci.c **** 
 278:Drivers/GD32F4xx_standard_peripheral/Source/gd32f4xx_dci.c **** /*!
 279:Drivers/GD32F4xx_standard_peripheral/Source/gd32f4xx_dci.c ****     \brief    enable specified DCI interrupt
 280:Drivers/GD32F4xx_standard_peripheral/Source/gd32f4xx_dci.c ****     \param[in]  interrupt:
 281:Drivers/GD32F4xx_standard_peripheral/Source/gd32f4xx_dci.c ****       \arg         DCI_INT_EF: end of frame interrupt
ARM GAS  /tmp/ccleqJ8K.s 			page 16


 282:Drivers/GD32F4xx_standard_peripheral/Source/gd32f4xx_dci.c ****       \arg         DCI_INT_OVR: FIFO overrun interrupt
 283:Drivers/GD32F4xx_standard_peripheral/Source/gd32f4xx_dci.c ****       \arg         DCI_INT_ESE: embedded synchronous error interrupt
 284:Drivers/GD32F4xx_standard_peripheral/Source/gd32f4xx_dci.c ****       \arg         DCI_INT_VSYNC: vsync interrupt
 285:Drivers/GD32F4xx_standard_peripheral/Source/gd32f4xx_dci.c ****       \arg         DCI_INT_EL: end of line interrupt
 286:Drivers/GD32F4xx_standard_peripheral/Source/gd32f4xx_dci.c ****     \param[out] none
 287:Drivers/GD32F4xx_standard_peripheral/Source/gd32f4xx_dci.c ****     \retval     none
 288:Drivers/GD32F4xx_standard_peripheral/Source/gd32f4xx_dci.c **** */
 289:Drivers/GD32F4xx_standard_peripheral/Source/gd32f4xx_dci.c **** void dci_interrupt_enable(uint32_t interrupt)
 290:Drivers/GD32F4xx_standard_peripheral/Source/gd32f4xx_dci.c **** {
 606              		.loc 1 290 1 is_stmt 1 view -0
 607              		.cfi_startproc
 608              		@ args = 0, pretend = 0, frame = 0
 609              		@ frame_needed = 0, uses_anonymous_args = 0
 610              		@ link register save eliminated.
 291:Drivers/GD32F4xx_standard_peripheral/Source/gd32f4xx_dci.c ****     DCI_INTEN |= interrupt;
 611              		.loc 1 291 5 view .LVU107
 612 0000 024A     		ldr	r2, .L53
 613 0002 D368     		ldr	r3, [r2, #12]
 614              		.loc 1 291 15 is_stmt 0 view .LVU108
 615 0004 0343     		orrs	r3, r3, r0
 616 0006 D360     		str	r3, [r2, #12]
 292:Drivers/GD32F4xx_standard_peripheral/Source/gd32f4xx_dci.c **** }
 617              		.loc 1 292 1 view .LVU109
 618 0008 7047     		bx	lr
 619              	.L54:
 620 000a 00BF     		.align	2
 621              	.L53:
 622 000c 00000550 		.word	1342504960
 623              		.cfi_endproc
 624              	.LFE133:
 626              		.section	.text.dci_interrupt_disable,"ax",%progbits
 627              		.align	1
 628              		.global	dci_interrupt_disable
 629              		.syntax unified
 630              		.thumb
 631              		.thumb_func
 633              	dci_interrupt_disable:
 634              	.LVL24:
 635              	.LFB134:
 293:Drivers/GD32F4xx_standard_peripheral/Source/gd32f4xx_dci.c **** 
 294:Drivers/GD32F4xx_standard_peripheral/Source/gd32f4xx_dci.c **** /*!
 295:Drivers/GD32F4xx_standard_peripheral/Source/gd32f4xx_dci.c ****     \brief    disable specified DCI interrupt
 296:Drivers/GD32F4xx_standard_peripheral/Source/gd32f4xx_dci.c ****     \param[in]  interrupt:
 297:Drivers/GD32F4xx_standard_peripheral/Source/gd32f4xx_dci.c ****       \arg         DCI_INT_EF: end of frame interrupt
 298:Drivers/GD32F4xx_standard_peripheral/Source/gd32f4xx_dci.c ****       \arg         DCI_INT_OVR: FIFO overrun interrupt
 299:Drivers/GD32F4xx_standard_peripheral/Source/gd32f4xx_dci.c ****       \arg         DCI_INT_ESE: embedded synchronous error interrupt
 300:Drivers/GD32F4xx_standard_peripheral/Source/gd32f4xx_dci.c ****       \arg         DCI_INT_VSYNC: vsync interrupt
 301:Drivers/GD32F4xx_standard_peripheral/Source/gd32f4xx_dci.c ****       \arg         DCI_INT_EL: end of line interrupt
 302:Drivers/GD32F4xx_standard_peripheral/Source/gd32f4xx_dci.c ****     \param[out] none
 303:Drivers/GD32F4xx_standard_peripheral/Source/gd32f4xx_dci.c ****     \retval     none
 304:Drivers/GD32F4xx_standard_peripheral/Source/gd32f4xx_dci.c **** */
 305:Drivers/GD32F4xx_standard_peripheral/Source/gd32f4xx_dci.c **** void dci_interrupt_disable(uint32_t interrupt)
 306:Drivers/GD32F4xx_standard_peripheral/Source/gd32f4xx_dci.c **** {
 636              		.loc 1 306 1 is_stmt 1 view -0
 637              		.cfi_startproc
 638              		@ args = 0, pretend = 0, frame = 0
 639              		@ frame_needed = 0, uses_anonymous_args = 0
ARM GAS  /tmp/ccleqJ8K.s 			page 17


 640              		@ link register save eliminated.
 307:Drivers/GD32F4xx_standard_peripheral/Source/gd32f4xx_dci.c ****     DCI_INTEN &= ~interrupt;
 641              		.loc 1 307 5 view .LVU111
 642 0000 024A     		ldr	r2, .L56
 643 0002 D368     		ldr	r3, [r2, #12]
 644              		.loc 1 307 15 is_stmt 0 view .LVU112
 645 0004 23EA0003 		bic	r3, r3, r0
 646 0008 D360     		str	r3, [r2, #12]
 308:Drivers/GD32F4xx_standard_peripheral/Source/gd32f4xx_dci.c **** }
 647              		.loc 1 308 1 view .LVU113
 648 000a 7047     		bx	lr
 649              	.L57:
 650              		.align	2
 651              	.L56:
 652 000c 00000550 		.word	1342504960
 653              		.cfi_endproc
 654              	.LFE134:
 656              		.section	.text.dci_interrupt_flag_clear,"ax",%progbits
 657              		.align	1
 658              		.global	dci_interrupt_flag_clear
 659              		.syntax unified
 660              		.thumb
 661              		.thumb_func
 663              	dci_interrupt_flag_clear:
 664              	.LVL25:
 665              	.LFB135:
 309:Drivers/GD32F4xx_standard_peripheral/Source/gd32f4xx_dci.c **** 
 310:Drivers/GD32F4xx_standard_peripheral/Source/gd32f4xx_dci.c **** /*!
 311:Drivers/GD32F4xx_standard_peripheral/Source/gd32f4xx_dci.c ****     \brief    clear specified interrupt flag
 312:Drivers/GD32F4xx_standard_peripheral/Source/gd32f4xx_dci.c ****     \param[in]  int_flag:
 313:Drivers/GD32F4xx_standard_peripheral/Source/gd32f4xx_dci.c ****       \arg         DCI_INT_EF: end of frame interrupt
 314:Drivers/GD32F4xx_standard_peripheral/Source/gd32f4xx_dci.c ****       \arg         DCI_INT_OVR: FIFO overrun interrupt
 315:Drivers/GD32F4xx_standard_peripheral/Source/gd32f4xx_dci.c ****       \arg         DCI_INT_ESE: embedded synchronous error interrupt
 316:Drivers/GD32F4xx_standard_peripheral/Source/gd32f4xx_dci.c ****       \arg         DCI_INT_VSYNC: vsync interrupt
 317:Drivers/GD32F4xx_standard_peripheral/Source/gd32f4xx_dci.c ****       \arg         DCI_INT_EL: end of line interrupt
 318:Drivers/GD32F4xx_standard_peripheral/Source/gd32f4xx_dci.c ****     \param[out] none
 319:Drivers/GD32F4xx_standard_peripheral/Source/gd32f4xx_dci.c ****     \retval     none
 320:Drivers/GD32F4xx_standard_peripheral/Source/gd32f4xx_dci.c **** */
 321:Drivers/GD32F4xx_standard_peripheral/Source/gd32f4xx_dci.c **** void dci_interrupt_flag_clear(uint32_t int_flag)
 322:Drivers/GD32F4xx_standard_peripheral/Source/gd32f4xx_dci.c **** {
 666              		.loc 1 322 1 is_stmt 1 view -0
 667              		.cfi_startproc
 668              		@ args = 0, pretend = 0, frame = 0
 669              		@ frame_needed = 0, uses_anonymous_args = 0
 670              		@ link register save eliminated.
 323:Drivers/GD32F4xx_standard_peripheral/Source/gd32f4xx_dci.c ****     DCI_INTC |= int_flag;
 671              		.loc 1 323 5 view .LVU115
 672 0000 024A     		ldr	r2, .L59
 673 0002 5369     		ldr	r3, [r2, #20]
 674              		.loc 1 323 14 is_stmt 0 view .LVU116
 675 0004 0343     		orrs	r3, r3, r0
 676 0006 5361     		str	r3, [r2, #20]
 324:Drivers/GD32F4xx_standard_peripheral/Source/gd32f4xx_dci.c **** }
 677              		.loc 1 324 1 view .LVU117
 678 0008 7047     		bx	lr
 679              	.L60:
 680 000a 00BF     		.align	2
ARM GAS  /tmp/ccleqJ8K.s 			page 18


 681              	.L59:
 682 000c 00000550 		.word	1342504960
 683              		.cfi_endproc
 684              	.LFE135:
 686              		.section	.text.dci_interrupt_flag_get,"ax",%progbits
 687              		.align	1
 688              		.global	dci_interrupt_flag_get
 689              		.syntax unified
 690              		.thumb
 691              		.thumb_func
 693              	dci_interrupt_flag_get:
 694              	.LVL26:
 695              	.LFB136:
 325:Drivers/GD32F4xx_standard_peripheral/Source/gd32f4xx_dci.c **** 
 326:Drivers/GD32F4xx_standard_peripheral/Source/gd32f4xx_dci.c **** /*!
 327:Drivers/GD32F4xx_standard_peripheral/Source/gd32f4xx_dci.c ****     \brief    get specified interrupt flag
 328:Drivers/GD32F4xx_standard_peripheral/Source/gd32f4xx_dci.c ****     \param[in]  int_flag:
 329:Drivers/GD32F4xx_standard_peripheral/Source/gd32f4xx_dci.c ****       \arg         DCI_INT_FLAG_EF: end of frame interrupt flag
 330:Drivers/GD32F4xx_standard_peripheral/Source/gd32f4xx_dci.c ****       \arg         DCI_INT_FLAG_OVR: FIFO overrun interrupt flag
 331:Drivers/GD32F4xx_standard_peripheral/Source/gd32f4xx_dci.c ****       \arg         DCI_INT_FLAG_ESE: embedded synchronous error interrupt flag
 332:Drivers/GD32F4xx_standard_peripheral/Source/gd32f4xx_dci.c ****       \arg         DCI_INT_FLAG_VSYNC: vsync interrupt flag
 333:Drivers/GD32F4xx_standard_peripheral/Source/gd32f4xx_dci.c ****       \arg         DCI_INT_FLAG_EL: end of line interrupt flag
 334:Drivers/GD32F4xx_standard_peripheral/Source/gd32f4xx_dci.c ****     \param[out] none
 335:Drivers/GD32F4xx_standard_peripheral/Source/gd32f4xx_dci.c ****     \retval     FlagStatus: SET or RESET
 336:Drivers/GD32F4xx_standard_peripheral/Source/gd32f4xx_dci.c **** */
 337:Drivers/GD32F4xx_standard_peripheral/Source/gd32f4xx_dci.c **** FlagStatus dci_interrupt_flag_get(uint32_t int_flag)
 338:Drivers/GD32F4xx_standard_peripheral/Source/gd32f4xx_dci.c **** {
 696              		.loc 1 338 1 is_stmt 1 view -0
 697              		.cfi_startproc
 698              		@ args = 0, pretend = 0, frame = 0
 699              		@ frame_needed = 0, uses_anonymous_args = 0
 700              		@ link register save eliminated.
 339:Drivers/GD32F4xx_standard_peripheral/Source/gd32f4xx_dci.c ****     if(RESET == (DCI_INTF & int_flag)) {
 701              		.loc 1 339 5 view .LVU119
 702              		.loc 1 339 18 is_stmt 0 view .LVU120
 703 0000 034B     		ldr	r3, .L62
 704 0002 1B69     		ldr	r3, [r3, #16]
 705              		.loc 1 339 7 view .LVU121
 706 0004 0342     		tst	r3, r0
 340:Drivers/GD32F4xx_standard_peripheral/Source/gd32f4xx_dci.c ****         return RESET;
 341:Drivers/GD32F4xx_standard_peripheral/Source/gd32f4xx_dci.c ****     } else {
 342:Drivers/GD32F4xx_standard_peripheral/Source/gd32f4xx_dci.c ****         return SET;
 343:Drivers/GD32F4xx_standard_peripheral/Source/gd32f4xx_dci.c ****     }
 344:Drivers/GD32F4xx_standard_peripheral/Source/gd32f4xx_dci.c **** }
 707              		.loc 1 344 1 view .LVU122
 708 0006 14BF     		ite	ne
 709 0008 0120     		movne	r0, #1
 710              	.LVL27:
 711              		.loc 1 344 1 view .LVU123
 712 000a 0020     		moveq	r0, #0
 713 000c 7047     		bx	lr
 714              	.L63:
 715 000e 00BF     		.align	2
 716              	.L62:
 717 0010 00000550 		.word	1342504960
 718              		.cfi_endproc
 719              	.LFE136:
ARM GAS  /tmp/ccleqJ8K.s 			page 19


 721              		.text
 722              	.Letext0:
 723              		.file 2 "/usr/arm-none-eabi/include/machine/_default_types.h"
 724              		.file 3 "/usr/arm-none-eabi/include/sys/_stdint.h"
 725              		.file 4 "Drivers/CMSIS/Include/gd32f4xx.h"
 726              		.file 5 "Drivers/GD32F4xx_standard_peripheral/Include/gd32f4xx_rcu.h"
 727              		.file 6 "Drivers/GD32F4xx_standard_peripheral/Include/gd32f4xx_dci.h"
ARM GAS  /tmp/ccleqJ8K.s 			page 20


DEFINED SYMBOLS
                            *ABS*:0000000000000000 gd32f4xx_dci.c
     /tmp/ccleqJ8K.s:19     .text.dci_deinit:0000000000000000 $t
     /tmp/ccleqJ8K.s:25     .text.dci_deinit:0000000000000000 dci_deinit
     /tmp/ccleqJ8K.s:57     .text.dci_init:0000000000000000 $t
     /tmp/ccleqJ8K.s:63     .text.dci_init:0000000000000000 dci_init
     /tmp/ccleqJ8K.s:114    .text.dci_init:0000000000000028 $d
     /tmp/ccleqJ8K.s:119    .text.dci_enable:0000000000000000 $t
     /tmp/ccleqJ8K.s:125    .text.dci_enable:0000000000000000 dci_enable
     /tmp/ccleqJ8K.s:143    .text.dci_enable:000000000000000c $d
     /tmp/ccleqJ8K.s:148    .text.dci_disable:0000000000000000 $t
     /tmp/ccleqJ8K.s:154    .text.dci_disable:0000000000000000 dci_disable
     /tmp/ccleqJ8K.s:172    .text.dci_disable:000000000000000c $d
     /tmp/ccleqJ8K.s:177    .text.dci_capture_enable:0000000000000000 $t
     /tmp/ccleqJ8K.s:183    .text.dci_capture_enable:0000000000000000 dci_capture_enable
     /tmp/ccleqJ8K.s:201    .text.dci_capture_enable:000000000000000c $d
     /tmp/ccleqJ8K.s:206    .text.dci_capture_disable:0000000000000000 $t
     /tmp/ccleqJ8K.s:212    .text.dci_capture_disable:0000000000000000 dci_capture_disable
     /tmp/ccleqJ8K.s:230    .text.dci_capture_disable:000000000000000c $d
     /tmp/ccleqJ8K.s:235    .text.dci_jpeg_enable:0000000000000000 $t
     /tmp/ccleqJ8K.s:241    .text.dci_jpeg_enable:0000000000000000 dci_jpeg_enable
     /tmp/ccleqJ8K.s:259    .text.dci_jpeg_enable:000000000000000c $d
     /tmp/ccleqJ8K.s:264    .text.dci_jpeg_disable:0000000000000000 $t
     /tmp/ccleqJ8K.s:270    .text.dci_jpeg_disable:0000000000000000 dci_jpeg_disable
     /tmp/ccleqJ8K.s:288    .text.dci_jpeg_disable:000000000000000c $d
     /tmp/ccleqJ8K.s:293    .text.dci_crop_window_enable:0000000000000000 $t
     /tmp/ccleqJ8K.s:299    .text.dci_crop_window_enable:0000000000000000 dci_crop_window_enable
     /tmp/ccleqJ8K.s:317    .text.dci_crop_window_enable:000000000000000c $d
     /tmp/ccleqJ8K.s:322    .text.dci_crop_window_disable:0000000000000000 $t
     /tmp/ccleqJ8K.s:328    .text.dci_crop_window_disable:0000000000000000 dci_crop_window_disable
     /tmp/ccleqJ8K.s:346    .text.dci_crop_window_disable:000000000000000c $d
     /tmp/ccleqJ8K.s:351    .text.dci_crop_window_config:0000000000000000 $t
     /tmp/ccleqJ8K.s:357    .text.dci_crop_window_config:0000000000000000 dci_crop_window_config
     /tmp/ccleqJ8K.s:385    .text.dci_crop_window_config:0000000000000010 $d
     /tmp/ccleqJ8K.s:390    .text.dci_embedded_sync_enable:0000000000000000 $t
     /tmp/ccleqJ8K.s:396    .text.dci_embedded_sync_enable:0000000000000000 dci_embedded_sync_enable
     /tmp/ccleqJ8K.s:414    .text.dci_embedded_sync_enable:000000000000000c $d
     /tmp/ccleqJ8K.s:419    .text.dci_embedded_sync_disable:0000000000000000 $t
     /tmp/ccleqJ8K.s:425    .text.dci_embedded_sync_disable:0000000000000000 dci_embedded_sync_disable
     /tmp/ccleqJ8K.s:443    .text.dci_embedded_sync_disable:000000000000000c $d
     /tmp/ccleqJ8K.s:448    .text.dci_sync_codes_config:0000000000000000 $t
     /tmp/ccleqJ8K.s:454    .text.dci_sync_codes_config:0000000000000000 dci_sync_codes_config
     /tmp/ccleqJ8K.s:481    .text.dci_sync_codes_config:0000000000000014 $d
     /tmp/ccleqJ8K.s:486    .text.dci_sync_codes_unmask_config:0000000000000000 $t
     /tmp/ccleqJ8K.s:492    .text.dci_sync_codes_unmask_config:0000000000000000 dci_sync_codes_unmask_config
     /tmp/ccleqJ8K.s:519    .text.dci_sync_codes_unmask_config:0000000000000014 $d
     /tmp/ccleqJ8K.s:524    .text.dci_data_read:0000000000000000 $t
     /tmp/ccleqJ8K.s:530    .text.dci_data_read:0000000000000000 dci_data_read
     /tmp/ccleqJ8K.s:546    .text.dci_data_read:0000000000000008 $d
     /tmp/ccleqJ8K.s:551    .text.dci_flag_get:0000000000000000 $t
     /tmp/ccleqJ8K.s:557    .text.dci_flag_get:0000000000000000 dci_flag_get
     /tmp/ccleqJ8K.s:592    .text.dci_flag_get:0000000000000014 $d
     /tmp/ccleqJ8K.s:597    .text.dci_interrupt_enable:0000000000000000 $t
     /tmp/ccleqJ8K.s:603    .text.dci_interrupt_enable:0000000000000000 dci_interrupt_enable
     /tmp/ccleqJ8K.s:622    .text.dci_interrupt_enable:000000000000000c $d
     /tmp/ccleqJ8K.s:627    .text.dci_interrupt_disable:0000000000000000 $t
     /tmp/ccleqJ8K.s:633    .text.dci_interrupt_disable:0000000000000000 dci_interrupt_disable
ARM GAS  /tmp/ccleqJ8K.s 			page 21


     /tmp/ccleqJ8K.s:652    .text.dci_interrupt_disable:000000000000000c $d
     /tmp/ccleqJ8K.s:657    .text.dci_interrupt_flag_clear:0000000000000000 $t
     /tmp/ccleqJ8K.s:663    .text.dci_interrupt_flag_clear:0000000000000000 dci_interrupt_flag_clear
     /tmp/ccleqJ8K.s:682    .text.dci_interrupt_flag_clear:000000000000000c $d
     /tmp/ccleqJ8K.s:687    .text.dci_interrupt_flag_get:0000000000000000 $t
     /tmp/ccleqJ8K.s:693    .text.dci_interrupt_flag_get:0000000000000000 dci_interrupt_flag_get
     /tmp/ccleqJ8K.s:717    .text.dci_interrupt_flag_get:0000000000000010 $d

UNDEFINED SYMBOLS
rcu_periph_reset_enable
rcu_periph_reset_disable
