ARM GAS  /tmp/ccAXyDgp.s 			page 1


   1              		.cpu cortex-m4
   2              		.arch armv7e-m
   3              		.fpu softvfp
   4              		.eabi_attribute 20, 1
   5              		.eabi_attribute 21, 1
   6              		.eabi_attribute 23, 3
   7              		.eabi_attribute 24, 1
   8              		.eabi_attribute 25, 1
   9              		.eabi_attribute 26, 1
  10              		.eabi_attribute 30, 4
  11              		.eabi_attribute 34, 1
  12              		.eabi_attribute 18, 4
  13              		.file	"gd32f4xx_gpio.c"
  14              		.text
  15              	.Ltext0:
  16              		.cfi_sections	.debug_frame
  17              		.file 1 "Drivers/GD32F4xx_standard_peripheral/Source/gd32f4xx_gpio.c"
  18              		.section	.text.gpio_deinit,"ax",%progbits
  19              		.align	1
  20              		.global	gpio_deinit
  21              		.syntax unified
  22              		.thumb
  23              		.thumb_func
  25              	gpio_deinit:
  26              	.LVL0:
  27              	.LFB116:
   1:Drivers/GD32F4xx_standard_peripheral/Source/gd32f4xx_gpio.c **** /*!
   2:Drivers/GD32F4xx_standard_peripheral/Source/gd32f4xx_gpio.c ****     \file    gd32f4xx_gpio.c
   3:Drivers/GD32F4xx_standard_peripheral/Source/gd32f4xx_gpio.c ****     \brief   GPIO driver
   4:Drivers/GD32F4xx_standard_peripheral/Source/gd32f4xx_gpio.c **** 
   5:Drivers/GD32F4xx_standard_peripheral/Source/gd32f4xx_gpio.c ****     \version 2016-08-15, V1.0.0, firmware for GD32F4xx
   6:Drivers/GD32F4xx_standard_peripheral/Source/gd32f4xx_gpio.c ****     \version 2018-12-12, V2.0.0, firmware for GD32F4xx
   7:Drivers/GD32F4xx_standard_peripheral/Source/gd32f4xx_gpio.c ****     \version 2020-09-30, V2.1.0, firmware for GD32F4xx
   8:Drivers/GD32F4xx_standard_peripheral/Source/gd32f4xx_gpio.c ****     \version 2022-03-09, V3.0.0, firmware for GD32F4xx
   9:Drivers/GD32F4xx_standard_peripheral/Source/gd32f4xx_gpio.c **** */
  10:Drivers/GD32F4xx_standard_peripheral/Source/gd32f4xx_gpio.c **** 
  11:Drivers/GD32F4xx_standard_peripheral/Source/gd32f4xx_gpio.c **** /*
  12:Drivers/GD32F4xx_standard_peripheral/Source/gd32f4xx_gpio.c ****     Copyright (c) 2022, GigaDevice Semiconductor Inc.
  13:Drivers/GD32F4xx_standard_peripheral/Source/gd32f4xx_gpio.c **** 
  14:Drivers/GD32F4xx_standard_peripheral/Source/gd32f4xx_gpio.c ****     Redistribution and use in source and binary forms, with or without modification,
  15:Drivers/GD32F4xx_standard_peripheral/Source/gd32f4xx_gpio.c **** are permitted provided that the following conditions are met:
  16:Drivers/GD32F4xx_standard_peripheral/Source/gd32f4xx_gpio.c **** 
  17:Drivers/GD32F4xx_standard_peripheral/Source/gd32f4xx_gpio.c ****     1. Redistributions of source code must retain the above copyright notice, this
  18:Drivers/GD32F4xx_standard_peripheral/Source/gd32f4xx_gpio.c ****        list of conditions and the following disclaimer.
  19:Drivers/GD32F4xx_standard_peripheral/Source/gd32f4xx_gpio.c ****     2. Redistributions in binary form must reproduce the above copyright notice,
  20:Drivers/GD32F4xx_standard_peripheral/Source/gd32f4xx_gpio.c ****        this list of conditions and the following disclaimer in the documentation
  21:Drivers/GD32F4xx_standard_peripheral/Source/gd32f4xx_gpio.c ****        and/or other materials provided with the distribution.
  22:Drivers/GD32F4xx_standard_peripheral/Source/gd32f4xx_gpio.c ****     3. Neither the name of the copyright holder nor the names of its contributors
  23:Drivers/GD32F4xx_standard_peripheral/Source/gd32f4xx_gpio.c ****        may be used to endorse or promote products derived from this software without
  24:Drivers/GD32F4xx_standard_peripheral/Source/gd32f4xx_gpio.c ****        specific prior written permission.
  25:Drivers/GD32F4xx_standard_peripheral/Source/gd32f4xx_gpio.c **** 
  26:Drivers/GD32F4xx_standard_peripheral/Source/gd32f4xx_gpio.c ****     THIS SOFTWARE IS PROVIDED BY THE COPYRIGHT HOLDERS AND CONTRIBUTORS "AS IS"
  27:Drivers/GD32F4xx_standard_peripheral/Source/gd32f4xx_gpio.c **** AND ANY EXPRESS OR IMPLIED WARRANTIES, INCLUDING, BUT NOT LIMITED TO, THE IMPLIED
  28:Drivers/GD32F4xx_standard_peripheral/Source/gd32f4xx_gpio.c **** WARRANTIES OF MERCHANTABILITY AND FITNESS FOR A PARTICULAR PURPOSE ARE DISCLAIMED.
  29:Drivers/GD32F4xx_standard_peripheral/Source/gd32f4xx_gpio.c **** IN NO EVENT SHALL THE COPYRIGHT HOLDER OR CONTRIBUTORS BE LIABLE FOR ANY DIRECT,
  30:Drivers/GD32F4xx_standard_peripheral/Source/gd32f4xx_gpio.c **** INDIRECT, INCIDENTAL, SPECIAL, EXEMPLARY, OR CONSEQUENTIAL DAMAGES (INCLUDING, BUT
  31:Drivers/GD32F4xx_standard_peripheral/Source/gd32f4xx_gpio.c **** NOT LIMITED TO, PROCUREMENT OF SUBSTITUTE GOODS OR SERVICES; LOSS OF USE, DATA, OR
ARM GAS  /tmp/ccAXyDgp.s 			page 2


  32:Drivers/GD32F4xx_standard_peripheral/Source/gd32f4xx_gpio.c **** PROFITS; OR BUSINESS INTERRUPTION) HOWEVER CAUSED AND ON ANY THEORY OF LIABILITY,
  33:Drivers/GD32F4xx_standard_peripheral/Source/gd32f4xx_gpio.c **** WHETHER IN CONTRACT, STRICT LIABILITY, OR TORT (INCLUDING NEGLIGENCE OR OTHERWISE)
  34:Drivers/GD32F4xx_standard_peripheral/Source/gd32f4xx_gpio.c **** ARISING IN ANY WAY OUT OF THE USE OF THIS SOFTWARE, EVEN IF ADVISED OF THE POSSIBILITY
  35:Drivers/GD32F4xx_standard_peripheral/Source/gd32f4xx_gpio.c **** OF SUCH DAMAGE.
  36:Drivers/GD32F4xx_standard_peripheral/Source/gd32f4xx_gpio.c **** */
  37:Drivers/GD32F4xx_standard_peripheral/Source/gd32f4xx_gpio.c **** 
  38:Drivers/GD32F4xx_standard_peripheral/Source/gd32f4xx_gpio.c **** #include "gd32f4xx_gpio.h"
  39:Drivers/GD32F4xx_standard_peripheral/Source/gd32f4xx_gpio.c **** 
  40:Drivers/GD32F4xx_standard_peripheral/Source/gd32f4xx_gpio.c **** /*!
  41:Drivers/GD32F4xx_standard_peripheral/Source/gd32f4xx_gpio.c ****     \brief      reset GPIO port
  42:Drivers/GD32F4xx_standard_peripheral/Source/gd32f4xx_gpio.c ****     \param[in]  gpio_periph: GPIO port
  43:Drivers/GD32F4xx_standard_peripheral/Source/gd32f4xx_gpio.c ****                 only one parameter can be selected which is shown as below:
  44:Drivers/GD32F4xx_standard_peripheral/Source/gd32f4xx_gpio.c ****       \arg        GPIOx(x = A,B,C,D,E,F,G,H,I)
  45:Drivers/GD32F4xx_standard_peripheral/Source/gd32f4xx_gpio.c ****     \param[out] none
  46:Drivers/GD32F4xx_standard_peripheral/Source/gd32f4xx_gpio.c ****     \retval     none
  47:Drivers/GD32F4xx_standard_peripheral/Source/gd32f4xx_gpio.c **** */
  48:Drivers/GD32F4xx_standard_peripheral/Source/gd32f4xx_gpio.c **** void gpio_deinit(uint32_t gpio_periph)
  49:Drivers/GD32F4xx_standard_peripheral/Source/gd32f4xx_gpio.c **** {
  28              		.loc 1 49 1 view -0
  29              		.cfi_startproc
  30              		@ args = 0, pretend = 0, frame = 0
  31              		@ frame_needed = 0, uses_anonymous_args = 0
  50:Drivers/GD32F4xx_standard_peripheral/Source/gd32f4xx_gpio.c ****     switch(gpio_periph) {
  32              		.loc 1 50 5 view .LVU1
  49:Drivers/GD32F4xx_standard_peripheral/Source/gd32f4xx_gpio.c ****     switch(gpio_periph) {
  33              		.loc 1 49 1 is_stmt 0 view .LVU2
  34 0000 08B5     		push	{r3, lr}
  35              	.LCFI0:
  36              		.cfi_def_cfa_offset 8
  37              		.cfi_offset 3, -8
  38              		.cfi_offset 14, -4
  39              		.loc 1 50 5 view .LVU3
  40 0002 334B     		ldr	r3, .L16
  41 0004 9842     		cmp	r0, r3
  42 0006 4DD0     		beq	.L2
  43 0008 17D8     		bhi	.L3
  44 000a A3F50063 		sub	r3, r3, #2048
  45 000e 9842     		cmp	r0, r3
  46 0010 41D0     		beq	.L4
  47 0012 08D8     		bhi	.L5
  48 0014 A3F50063 		sub	r3, r3, #2048
  49 0018 9842     		cmp	r0, r3
  50 001a 2BD0     		beq	.L6
  51 001c 03F58063 		add	r3, r3, #1024
  52 0020 9842     		cmp	r0, r3
  53 0022 31D0     		beq	.L7
  54              	.L1:
  51:Drivers/GD32F4xx_standard_peripheral/Source/gd32f4xx_gpio.c ****     case GPIOA:
  52:Drivers/GD32F4xx_standard_peripheral/Source/gd32f4xx_gpio.c ****         /* reset GPIOA */
  53:Drivers/GD32F4xx_standard_peripheral/Source/gd32f4xx_gpio.c ****         rcu_periph_reset_enable(RCU_GPIOARST);
  54:Drivers/GD32F4xx_standard_peripheral/Source/gd32f4xx_gpio.c ****         rcu_periph_reset_disable(RCU_GPIOARST);
  55:Drivers/GD32F4xx_standard_peripheral/Source/gd32f4xx_gpio.c ****         break;
  56:Drivers/GD32F4xx_standard_peripheral/Source/gd32f4xx_gpio.c ****     case GPIOB:
  57:Drivers/GD32F4xx_standard_peripheral/Source/gd32f4xx_gpio.c ****         /* reset GPIOB */
  58:Drivers/GD32F4xx_standard_peripheral/Source/gd32f4xx_gpio.c ****         rcu_periph_reset_enable(RCU_GPIOBRST);
  59:Drivers/GD32F4xx_standard_peripheral/Source/gd32f4xx_gpio.c ****         rcu_periph_reset_disable(RCU_GPIOBRST);
  60:Drivers/GD32F4xx_standard_peripheral/Source/gd32f4xx_gpio.c ****         break;
ARM GAS  /tmp/ccAXyDgp.s 			page 3


  61:Drivers/GD32F4xx_standard_peripheral/Source/gd32f4xx_gpio.c ****     case GPIOC:
  62:Drivers/GD32F4xx_standard_peripheral/Source/gd32f4xx_gpio.c ****         /* reset GPIOC */
  63:Drivers/GD32F4xx_standard_peripheral/Source/gd32f4xx_gpio.c ****         rcu_periph_reset_enable(RCU_GPIOCRST);
  64:Drivers/GD32F4xx_standard_peripheral/Source/gd32f4xx_gpio.c ****         rcu_periph_reset_disable(RCU_GPIOCRST);
  65:Drivers/GD32F4xx_standard_peripheral/Source/gd32f4xx_gpio.c ****         break;
  66:Drivers/GD32F4xx_standard_peripheral/Source/gd32f4xx_gpio.c ****     case GPIOD:
  67:Drivers/GD32F4xx_standard_peripheral/Source/gd32f4xx_gpio.c ****         /* reset GPIOD */
  68:Drivers/GD32F4xx_standard_peripheral/Source/gd32f4xx_gpio.c ****         rcu_periph_reset_enable(RCU_GPIODRST);
  69:Drivers/GD32F4xx_standard_peripheral/Source/gd32f4xx_gpio.c ****         rcu_periph_reset_disable(RCU_GPIODRST);
  70:Drivers/GD32F4xx_standard_peripheral/Source/gd32f4xx_gpio.c ****         break;
  71:Drivers/GD32F4xx_standard_peripheral/Source/gd32f4xx_gpio.c ****     case GPIOE:
  72:Drivers/GD32F4xx_standard_peripheral/Source/gd32f4xx_gpio.c ****         /* reset GPIOE */
  73:Drivers/GD32F4xx_standard_peripheral/Source/gd32f4xx_gpio.c ****         rcu_periph_reset_enable(RCU_GPIOERST);
  74:Drivers/GD32F4xx_standard_peripheral/Source/gd32f4xx_gpio.c ****         rcu_periph_reset_disable(RCU_GPIOERST);
  75:Drivers/GD32F4xx_standard_peripheral/Source/gd32f4xx_gpio.c ****         break;
  76:Drivers/GD32F4xx_standard_peripheral/Source/gd32f4xx_gpio.c ****     case GPIOF:
  77:Drivers/GD32F4xx_standard_peripheral/Source/gd32f4xx_gpio.c ****         /* reset GPIOF */
  78:Drivers/GD32F4xx_standard_peripheral/Source/gd32f4xx_gpio.c ****         rcu_periph_reset_enable(RCU_GPIOFRST);
  79:Drivers/GD32F4xx_standard_peripheral/Source/gd32f4xx_gpio.c ****         rcu_periph_reset_disable(RCU_GPIOFRST);
  80:Drivers/GD32F4xx_standard_peripheral/Source/gd32f4xx_gpio.c ****         break;
  81:Drivers/GD32F4xx_standard_peripheral/Source/gd32f4xx_gpio.c ****     case GPIOG:
  82:Drivers/GD32F4xx_standard_peripheral/Source/gd32f4xx_gpio.c ****         /* reset GPIOG */
  83:Drivers/GD32F4xx_standard_peripheral/Source/gd32f4xx_gpio.c ****         rcu_periph_reset_enable(RCU_GPIOGRST);
  84:Drivers/GD32F4xx_standard_peripheral/Source/gd32f4xx_gpio.c ****         rcu_periph_reset_disable(RCU_GPIOGRST);
  85:Drivers/GD32F4xx_standard_peripheral/Source/gd32f4xx_gpio.c ****         break;
  86:Drivers/GD32F4xx_standard_peripheral/Source/gd32f4xx_gpio.c ****     case GPIOH:
  87:Drivers/GD32F4xx_standard_peripheral/Source/gd32f4xx_gpio.c ****         /* reset GPIOH */
  88:Drivers/GD32F4xx_standard_peripheral/Source/gd32f4xx_gpio.c ****         rcu_periph_reset_enable(RCU_GPIOHRST);
  89:Drivers/GD32F4xx_standard_peripheral/Source/gd32f4xx_gpio.c ****         rcu_periph_reset_disable(RCU_GPIOHRST);
  90:Drivers/GD32F4xx_standard_peripheral/Source/gd32f4xx_gpio.c ****         break;
  91:Drivers/GD32F4xx_standard_peripheral/Source/gd32f4xx_gpio.c ****     case GPIOI:
  92:Drivers/GD32F4xx_standard_peripheral/Source/gd32f4xx_gpio.c ****         /* reset GPIOI */
  93:Drivers/GD32F4xx_standard_peripheral/Source/gd32f4xx_gpio.c ****         rcu_periph_reset_enable(RCU_GPIOIRST);
  94:Drivers/GD32F4xx_standard_peripheral/Source/gd32f4xx_gpio.c ****         rcu_periph_reset_disable(RCU_GPIOIRST);
  95:Drivers/GD32F4xx_standard_peripheral/Source/gd32f4xx_gpio.c ****         break;
  96:Drivers/GD32F4xx_standard_peripheral/Source/gd32f4xx_gpio.c ****     default:
  97:Drivers/GD32F4xx_standard_peripheral/Source/gd32f4xx_gpio.c ****         break;
  98:Drivers/GD32F4xx_standard_peripheral/Source/gd32f4xx_gpio.c ****     }
  99:Drivers/GD32F4xx_standard_peripheral/Source/gd32f4xx_gpio.c **** }
  55              		.loc 1 99 1 view .LVU4
  56 0024 08BD     		pop	{r3, pc}
  57              	.L5:
  50:Drivers/GD32F4xx_standard_peripheral/Source/gd32f4xx_gpio.c ****     case GPIOA:
  58              		.loc 1 50 5 view .LVU5
  59 0026 2B4B     		ldr	r3, .L16+4
  60 0028 9842     		cmp	r0, r3
  61 002a FBD1     		bne	.L1
  68:Drivers/GD32F4xx_standard_peripheral/Source/gd32f4xx_gpio.c ****         rcu_periph_reset_disable(RCU_GPIODRST);
  62              		.loc 1 68 9 is_stmt 1 view .LVU6
  63 002c 40F20340 		movw	r0, #1027
  64              	.LVL1:
  68:Drivers/GD32F4xx_standard_peripheral/Source/gd32f4xx_gpio.c ****         rcu_periph_reset_disable(RCU_GPIODRST);
  65              		.loc 1 68 9 is_stmt 0 view .LVU7
  66 0030 FFF7FEFF 		bl	rcu_periph_reset_enable
  67              	.LVL2:
  69:Drivers/GD32F4xx_standard_peripheral/Source/gd32f4xx_gpio.c ****         break;
  68              		.loc 1 69 9 is_stmt 1 view .LVU8
ARM GAS  /tmp/ccAXyDgp.s 			page 4


  69 0034 40F20340 		movw	r0, #1027
  70 0038 22E0     		b	.L15
  71              	.LVL3:
  72              	.L3:
  50:Drivers/GD32F4xx_standard_peripheral/Source/gd32f4xx_gpio.c ****     case GPIOA:
  73              		.loc 1 50 5 is_stmt 0 view .LVU9
  74 003a 274B     		ldr	r3, .L16+8
  75 003c 9842     		cmp	r0, r3
  76 003e 3FD0     		beq	.L10
  77 0040 0ED8     		bhi	.L11
  78 0042 A3F50063 		sub	r3, r3, #2048
  79 0046 9842     		cmp	r0, r3
  80 0048 33D0     		beq	.L12
  81 004a 03F58063 		add	r3, r3, #1024
  82 004e 9842     		cmp	r0, r3
  83 0050 E8D1     		bne	.L1
  83:Drivers/GD32F4xx_standard_peripheral/Source/gd32f4xx_gpio.c ****         rcu_periph_reset_disable(RCU_GPIOGRST);
  84              		.loc 1 83 9 is_stmt 1 view .LVU10
  85 0052 40F20640 		movw	r0, #1030
  86              	.LVL4:
  83:Drivers/GD32F4xx_standard_peripheral/Source/gd32f4xx_gpio.c ****         rcu_periph_reset_disable(RCU_GPIOGRST);
  87              		.loc 1 83 9 is_stmt 0 view .LVU11
  88 0056 FFF7FEFF 		bl	rcu_periph_reset_enable
  89              	.LVL5:
  84:Drivers/GD32F4xx_standard_peripheral/Source/gd32f4xx_gpio.c ****         break;
  90              		.loc 1 84 9 is_stmt 1 view .LVU12
  91 005a 40F20640 		movw	r0, #1030
  92 005e 0FE0     		b	.L15
  93              	.LVL6:
  94              	.L11:
  50:Drivers/GD32F4xx_standard_peripheral/Source/gd32f4xx_gpio.c ****     case GPIOA:
  95              		.loc 1 50 5 is_stmt 0 view .LVU13
  96 0060 1E4B     		ldr	r3, .L16+12
  97 0062 9842     		cmp	r0, r3
  98 0064 DED1     		bne	.L1
  93:Drivers/GD32F4xx_standard_peripheral/Source/gd32f4xx_gpio.c ****         rcu_periph_reset_disable(RCU_GPIOIRST);
  99              		.loc 1 93 9 is_stmt 1 view .LVU14
 100 0066 4FF48160 		mov	r0, #1032
 101              	.LVL7:
  93:Drivers/GD32F4xx_standard_peripheral/Source/gd32f4xx_gpio.c ****         rcu_periph_reset_disable(RCU_GPIOIRST);
 102              		.loc 1 93 9 is_stmt 0 view .LVU15
 103 006a FFF7FEFF 		bl	rcu_periph_reset_enable
 104              	.LVL8:
  94:Drivers/GD32F4xx_standard_peripheral/Source/gd32f4xx_gpio.c ****         break;
 105              		.loc 1 94 9 is_stmt 1 view .LVU16
 106 006e 4FF48160 		mov	r0, #1032
 107 0072 05E0     		b	.L15
 108              	.LVL9:
 109              	.L6:
  53:Drivers/GD32F4xx_standard_peripheral/Source/gd32f4xx_gpio.c ****         rcu_periph_reset_disable(RCU_GPIOARST);
 110              		.loc 1 53 9 view .LVU17
 111 0074 4FF48060 		mov	r0, #1024
 112              	.LVL10:
  53:Drivers/GD32F4xx_standard_peripheral/Source/gd32f4xx_gpio.c ****         rcu_periph_reset_disable(RCU_GPIOARST);
 113              		.loc 1 53 9 is_stmt 0 view .LVU18
 114 0078 FFF7FEFF 		bl	rcu_periph_reset_enable
 115              	.LVL11:
ARM GAS  /tmp/ccAXyDgp.s 			page 5


  54:Drivers/GD32F4xx_standard_peripheral/Source/gd32f4xx_gpio.c ****         break;
 116              		.loc 1 54 9 is_stmt 1 view .LVU19
 117 007c 4FF48060 		mov	r0, #1024
 118              	.L15:
 119              		.loc 1 99 1 is_stmt 0 view .LVU20
 120 0080 BDE80840 		pop	{r3, lr}
 121              	.LCFI1:
 122              		.cfi_remember_state
 123              		.cfi_restore 14
 124              		.cfi_restore 3
 125              		.cfi_def_cfa_offset 0
  94:Drivers/GD32F4xx_standard_peripheral/Source/gd32f4xx_gpio.c ****         break;
 126              		.loc 1 94 9 view .LVU21
 127 0084 FFF7FEBF 		b	rcu_periph_reset_disable
 128              	.LVL12:
 129              	.L7:
 130              	.LCFI2:
 131              		.cfi_restore_state
  58:Drivers/GD32F4xx_standard_peripheral/Source/gd32f4xx_gpio.c ****         rcu_periph_reset_disable(RCU_GPIOBRST);
 132              		.loc 1 58 9 is_stmt 1 view .LVU22
 133 0088 40F20140 		movw	r0, #1025
 134              	.LVL13:
  58:Drivers/GD32F4xx_standard_peripheral/Source/gd32f4xx_gpio.c ****         rcu_periph_reset_disable(RCU_GPIOBRST);
 135              		.loc 1 58 9 is_stmt 0 view .LVU23
 136 008c FFF7FEFF 		bl	rcu_periph_reset_enable
 137              	.LVL14:
  59:Drivers/GD32F4xx_standard_peripheral/Source/gd32f4xx_gpio.c ****         break;
 138              		.loc 1 59 9 is_stmt 1 view .LVU24
 139 0090 40F20140 		movw	r0, #1025
 140 0094 F4E7     		b	.L15
 141              	.LVL15:
 142              	.L4:
  63:Drivers/GD32F4xx_standard_peripheral/Source/gd32f4xx_gpio.c ****         rcu_periph_reset_disable(RCU_GPIOCRST);
 143              		.loc 1 63 9 view .LVU25
 144 0096 40F20240 		movw	r0, #1026
 145              	.LVL16:
  63:Drivers/GD32F4xx_standard_peripheral/Source/gd32f4xx_gpio.c ****         rcu_periph_reset_disable(RCU_GPIOCRST);
 146              		.loc 1 63 9 is_stmt 0 view .LVU26
 147 009a FFF7FEFF 		bl	rcu_periph_reset_enable
 148              	.LVL17:
  64:Drivers/GD32F4xx_standard_peripheral/Source/gd32f4xx_gpio.c ****         break;
 149              		.loc 1 64 9 is_stmt 1 view .LVU27
 150 009e 40F20240 		movw	r0, #1026
 151 00a2 EDE7     		b	.L15
 152              	.LVL18:
 153              	.L2:
  73:Drivers/GD32F4xx_standard_peripheral/Source/gd32f4xx_gpio.c ****         rcu_periph_reset_disable(RCU_GPIOERST);
 154              		.loc 1 73 9 view .LVU28
 155 00a4 40F20440 		movw	r0, #1028
 156              	.LVL19:
  73:Drivers/GD32F4xx_standard_peripheral/Source/gd32f4xx_gpio.c ****         rcu_periph_reset_disable(RCU_GPIOERST);
 157              		.loc 1 73 9 is_stmt 0 view .LVU29
 158 00a8 FFF7FEFF 		bl	rcu_periph_reset_enable
 159              	.LVL20:
  74:Drivers/GD32F4xx_standard_peripheral/Source/gd32f4xx_gpio.c ****         break;
 160              		.loc 1 74 9 is_stmt 1 view .LVU30
 161 00ac 40F20440 		movw	r0, #1028
ARM GAS  /tmp/ccAXyDgp.s 			page 6


 162 00b0 E6E7     		b	.L15
 163              	.LVL21:
 164              	.L12:
  78:Drivers/GD32F4xx_standard_peripheral/Source/gd32f4xx_gpio.c ****         rcu_periph_reset_disable(RCU_GPIOFRST);
 165              		.loc 1 78 9 view .LVU31
 166 00b2 40F20540 		movw	r0, #1029
 167              	.LVL22:
  78:Drivers/GD32F4xx_standard_peripheral/Source/gd32f4xx_gpio.c ****         rcu_periph_reset_disable(RCU_GPIOFRST);
 168              		.loc 1 78 9 is_stmt 0 view .LVU32
 169 00b6 FFF7FEFF 		bl	rcu_periph_reset_enable
 170              	.LVL23:
  79:Drivers/GD32F4xx_standard_peripheral/Source/gd32f4xx_gpio.c ****         break;
 171              		.loc 1 79 9 is_stmt 1 view .LVU33
 172 00ba 40F20540 		movw	r0, #1029
 173 00be DFE7     		b	.L15
 174              	.LVL24:
 175              	.L10:
  88:Drivers/GD32F4xx_standard_peripheral/Source/gd32f4xx_gpio.c ****         rcu_periph_reset_disable(RCU_GPIOHRST);
 176              		.loc 1 88 9 view .LVU34
 177 00c0 40F20740 		movw	r0, #1031
 178              	.LVL25:
  88:Drivers/GD32F4xx_standard_peripheral/Source/gd32f4xx_gpio.c ****         rcu_periph_reset_disable(RCU_GPIOHRST);
 179              		.loc 1 88 9 is_stmt 0 view .LVU35
 180 00c4 FFF7FEFF 		bl	rcu_periph_reset_enable
 181              	.LVL26:
  89:Drivers/GD32F4xx_standard_peripheral/Source/gd32f4xx_gpio.c ****         break;
 182              		.loc 1 89 9 is_stmt 1 view .LVU36
 183 00c8 40F20740 		movw	r0, #1031
 184 00cc D8E7     		b	.L15
 185              	.L17:
 186 00ce 00BF     		.align	2
 187              	.L16:
 188 00d0 00100240 		.word	1073876992
 189 00d4 000C0240 		.word	1073875968
 190 00d8 001C0240 		.word	1073880064
 191 00dc 00200240 		.word	1073881088
 192              		.cfi_endproc
 193              	.LFE116:
 195              		.section	.text.gpio_mode_set,"ax",%progbits
 196              		.align	1
 197              		.global	gpio_mode_set
 198              		.syntax unified
 199              		.thumb
 200              		.thumb_func
 202              	gpio_mode_set:
 203              	.LVL27:
 204              	.LFB117:
 100:Drivers/GD32F4xx_standard_peripheral/Source/gd32f4xx_gpio.c **** 
 101:Drivers/GD32F4xx_standard_peripheral/Source/gd32f4xx_gpio.c **** /*!
 102:Drivers/GD32F4xx_standard_peripheral/Source/gd32f4xx_gpio.c ****     \brief      set GPIO mode
 103:Drivers/GD32F4xx_standard_peripheral/Source/gd32f4xx_gpio.c ****     \param[in]  gpio_periph: GPIO port
 104:Drivers/GD32F4xx_standard_peripheral/Source/gd32f4xx_gpio.c ****                 only one parameter can be selected which is shown as below:
 105:Drivers/GD32F4xx_standard_peripheral/Source/gd32f4xx_gpio.c ****       \arg        GPIOx(x = A,B,C,D,E,F,G,H,I)
 106:Drivers/GD32F4xx_standard_peripheral/Source/gd32f4xx_gpio.c ****     \param[in]  mode: GPIO pin mode
 107:Drivers/GD32F4xx_standard_peripheral/Source/gd32f4xx_gpio.c ****       \arg        GPIO_MODE_INPUT: input mode
 108:Drivers/GD32F4xx_standard_peripheral/Source/gd32f4xx_gpio.c ****       \arg        GPIO_MODE_OUTPUT: output mode
 109:Drivers/GD32F4xx_standard_peripheral/Source/gd32f4xx_gpio.c ****       \arg        GPIO_MODE_AF: alternate function mode
ARM GAS  /tmp/ccAXyDgp.s 			page 7


 110:Drivers/GD32F4xx_standard_peripheral/Source/gd32f4xx_gpio.c ****       \arg        GPIO_MODE_ANALOG: analog mode
 111:Drivers/GD32F4xx_standard_peripheral/Source/gd32f4xx_gpio.c ****     \param[in]  pull_up_down: GPIO pin with pull-up or pull-down resistor
 112:Drivers/GD32F4xx_standard_peripheral/Source/gd32f4xx_gpio.c ****       \arg        GPIO_PUPD_NONE: floating mode, no pull-up and pull-down resistors
 113:Drivers/GD32F4xx_standard_peripheral/Source/gd32f4xx_gpio.c ****       \arg        GPIO_PUPD_PULLUP: with pull-up resistor
 114:Drivers/GD32F4xx_standard_peripheral/Source/gd32f4xx_gpio.c ****       \arg        GPIO_PUPD_PULLDOWN:with pull-down resistor
 115:Drivers/GD32F4xx_standard_peripheral/Source/gd32f4xx_gpio.c ****     \param[in]  pin: GPIO pin
 116:Drivers/GD32F4xx_standard_peripheral/Source/gd32f4xx_gpio.c ****                 one or more parameters can be selected which are shown as below:
 117:Drivers/GD32F4xx_standard_peripheral/Source/gd32f4xx_gpio.c ****       \arg        GPIO_PIN_x(x=0..15), GPIO_PIN_ALL
 118:Drivers/GD32F4xx_standard_peripheral/Source/gd32f4xx_gpio.c ****     \param[out] none
 119:Drivers/GD32F4xx_standard_peripheral/Source/gd32f4xx_gpio.c ****     \retval     none
 120:Drivers/GD32F4xx_standard_peripheral/Source/gd32f4xx_gpio.c **** */
 121:Drivers/GD32F4xx_standard_peripheral/Source/gd32f4xx_gpio.c **** void gpio_mode_set(uint32_t gpio_periph, uint32_t mode, uint32_t pull_up_down, uint32_t pin)
 122:Drivers/GD32F4xx_standard_peripheral/Source/gd32f4xx_gpio.c **** {
 205              		.loc 1 122 1 view -0
 206              		.cfi_startproc
 207              		@ args = 0, pretend = 0, frame = 0
 208              		@ frame_needed = 0, uses_anonymous_args = 0
 123:Drivers/GD32F4xx_standard_peripheral/Source/gd32f4xx_gpio.c ****     uint16_t i;
 209              		.loc 1 123 5 view .LVU38
 124:Drivers/GD32F4xx_standard_peripheral/Source/gd32f4xx_gpio.c ****     uint32_t ctl, pupd;
 210              		.loc 1 124 5 view .LVU39
 125:Drivers/GD32F4xx_standard_peripheral/Source/gd32f4xx_gpio.c **** 
 126:Drivers/GD32F4xx_standard_peripheral/Source/gd32f4xx_gpio.c ****     ctl = GPIO_CTL(gpio_periph);
 211              		.loc 1 126 5 view .LVU40
 122:Drivers/GD32F4xx_standard_peripheral/Source/gd32f4xx_gpio.c ****     uint16_t i;
 212              		.loc 1 122 1 is_stmt 0 view .LVU41
 213 0000 2DE9F043 		push	{r4, r5, r6, r7, r8, r9, lr}
 214              	.LCFI3:
 215              		.cfi_def_cfa_offset 28
 216              		.cfi_offset 4, -28
 217              		.cfi_offset 5, -24
 218              		.cfi_offset 6, -20
 219              		.cfi_offset 7, -16
 220              		.cfi_offset 8, -12
 221              		.cfi_offset 9, -8
 222              		.cfi_offset 14, -4
 223              		.loc 1 126 9 view .LVU42
 224 0004 0568     		ldr	r5, [r0]
 225              	.LVL28:
 127:Drivers/GD32F4xx_standard_peripheral/Source/gd32f4xx_gpio.c ****     pupd = GPIO_PUD(gpio_periph);
 226              		.loc 1 127 5 is_stmt 1 view .LVU43
 227              		.loc 1 127 10 is_stmt 0 view .LVU44
 228 0006 C468     		ldr	r4, [r0, #12]
 229              	.LVL29:
 128:Drivers/GD32F4xx_standard_peripheral/Source/gd32f4xx_gpio.c **** 
 129:Drivers/GD32F4xx_standard_peripheral/Source/gd32f4xx_gpio.c ****     for(i = 0U; i < 16U; i++) {
 230              		.loc 1 129 5 is_stmt 1 view .LVU45
 231              		.loc 1 129 19 view .LVU46
 127:Drivers/GD32F4xx_standard_peripheral/Source/gd32f4xx_gpio.c ****     pupd = GPIO_PUD(gpio_periph);
 232              		.loc 1 127 10 is_stmt 0 view .LVU47
 233 0008 0026     		movs	r6, #0
 130:Drivers/GD32F4xx_standard_peripheral/Source/gd32f4xx_gpio.c ****         if((1U << i) & pin) {
 234              		.loc 1 130 16 view .LVU48
 235 000a 4FF0010E 		mov	lr, #1
 131:Drivers/GD32F4xx_standard_peripheral/Source/gd32f4xx_gpio.c ****             /* clear the specified pin mode bits */
 132:Drivers/GD32F4xx_standard_peripheral/Source/gd32f4xx_gpio.c ****             ctl &= ~GPIO_MODE_MASK(i);
 236              		.loc 1 132 21 view .LVU49
ARM GAS  /tmp/ccAXyDgp.s 			page 8


 237 000e 4FF00308 		mov	r8, #3
 238              	.LVL30:
 239              	.L20:
 130:Drivers/GD32F4xx_standard_peripheral/Source/gd32f4xx_gpio.c ****         if((1U << i) & pin) {
 240              		.loc 1 130 9 is_stmt 1 view .LVU50
 130:Drivers/GD32F4xx_standard_peripheral/Source/gd32f4xx_gpio.c ****         if((1U << i) & pin) {
 241              		.loc 1 130 16 is_stmt 0 view .LVU51
 242 0012 0EFA06F7 		lsl	r7, lr, r6
 130:Drivers/GD32F4xx_standard_peripheral/Source/gd32f4xx_gpio.c ****         if((1U << i) & pin) {
 243              		.loc 1 130 11 view .LVU52
 244 0016 1F42     		tst	r7, r3
 245 0018 0DD0     		beq	.L19
 246              		.loc 1 132 13 is_stmt 1 view .LVU53
 247 001a 7700     		lsls	r7, r6, #1
 248              		.loc 1 132 21 is_stmt 0 view .LVU54
 249 001c 08FA07FC 		lsl	ip, r8, r7
 133:Drivers/GD32F4xx_standard_peripheral/Source/gd32f4xx_gpio.c ****             /* set the specified pin mode bits */
 134:Drivers/GD32F4xx_standard_peripheral/Source/gd32f4xx_gpio.c ****             ctl |= GPIO_MODE_SET(i, mode);
 250              		.loc 1 134 20 view .LVU55
 251 0020 01FA07F9 		lsl	r9, r1, r7
 132:Drivers/GD32F4xx_standard_peripheral/Source/gd32f4xx_gpio.c ****             /* set the specified pin mode bits */
 252              		.loc 1 132 17 view .LVU56
 253 0024 25EA0C05 		bic	r5, r5, ip
 254              	.LVL31:
 255              		.loc 1 134 13 is_stmt 1 view .LVU57
 135:Drivers/GD32F4xx_standard_peripheral/Source/gd32f4xx_gpio.c **** 
 136:Drivers/GD32F4xx_standard_peripheral/Source/gd32f4xx_gpio.c ****             /* clear the specified pin pupd bits */
 137:Drivers/GD32F4xx_standard_peripheral/Source/gd32f4xx_gpio.c ****             pupd &= ~GPIO_PUPD_MASK(i);
 256              		.loc 1 137 18 is_stmt 0 view .LVU58
 257 0028 24EA0C04 		bic	r4, r4, ip
 258              	.LVL32:
 138:Drivers/GD32F4xx_standard_peripheral/Source/gd32f4xx_gpio.c ****             /* set the specified pin pupd bits */
 139:Drivers/GD32F4xx_standard_peripheral/Source/gd32f4xx_gpio.c ****             pupd |= GPIO_PUPD_SET(i, pull_up_down);
 259              		.loc 1 139 21 view .LVU59
 260 002c 02FA07F7 		lsl	r7, r2, r7
 134:Drivers/GD32F4xx_standard_peripheral/Source/gd32f4xx_gpio.c **** 
 261              		.loc 1 134 17 view .LVU60
 262 0030 49EA0505 		orr	r5, r9, r5
 263              	.LVL33:
 137:Drivers/GD32F4xx_standard_peripheral/Source/gd32f4xx_gpio.c ****             /* set the specified pin pupd bits */
 264              		.loc 1 137 13 is_stmt 1 view .LVU61
 265              		.loc 1 139 13 view .LVU62
 266              		.loc 1 139 18 is_stmt 0 view .LVU63
 267 0034 3C43     		orrs	r4, r4, r7
 268              	.LVL34:
 269              	.L19:
 129:Drivers/GD32F4xx_standard_peripheral/Source/gd32f4xx_gpio.c ****         if((1U << i) & pin) {
 270              		.loc 1 129 27 is_stmt 1 discriminator 2 view .LVU64
 129:Drivers/GD32F4xx_standard_peripheral/Source/gd32f4xx_gpio.c ****         if((1U << i) & pin) {
 271              		.loc 1 129 19 discriminator 2 view .LVU65
 272 0036 0136     		adds	r6, r6, #1
 273              	.LVL35:
 129:Drivers/GD32F4xx_standard_peripheral/Source/gd32f4xx_gpio.c ****         if((1U << i) & pin) {
 274              		.loc 1 129 19 is_stmt 0 discriminator 2 view .LVU66
 275 0038 102E     		cmp	r6, #16
 276 003a EAD1     		bne	.L20
 140:Drivers/GD32F4xx_standard_peripheral/Source/gd32f4xx_gpio.c ****         }
ARM GAS  /tmp/ccAXyDgp.s 			page 9


 141:Drivers/GD32F4xx_standard_peripheral/Source/gd32f4xx_gpio.c ****     }
 142:Drivers/GD32F4xx_standard_peripheral/Source/gd32f4xx_gpio.c **** 
 143:Drivers/GD32F4xx_standard_peripheral/Source/gd32f4xx_gpio.c ****     GPIO_CTL(gpio_periph) = ctl;
 277              		.loc 1 143 5 is_stmt 1 view .LVU67
 278              		.loc 1 143 27 is_stmt 0 view .LVU68
 279 003c 0560     		str	r5, [r0]
 144:Drivers/GD32F4xx_standard_peripheral/Source/gd32f4xx_gpio.c ****     GPIO_PUD(gpio_periph) = pupd;
 280              		.loc 1 144 5 is_stmt 1 view .LVU69
 281              		.loc 1 144 27 is_stmt 0 view .LVU70
 282 003e C460     		str	r4, [r0, #12]
 145:Drivers/GD32F4xx_standard_peripheral/Source/gd32f4xx_gpio.c **** }
 283              		.loc 1 145 1 view .LVU71
 284 0040 BDE8F083 		pop	{r4, r5, r6, r7, r8, r9, pc}
 285              		.loc 1 145 1 view .LVU72
 286              		.cfi_endproc
 287              	.LFE117:
 289              		.section	.text.gpio_output_options_set,"ax",%progbits
 290              		.align	1
 291              		.global	gpio_output_options_set
 292              		.syntax unified
 293              		.thumb
 294              		.thumb_func
 296              	gpio_output_options_set:
 297              	.LVL36:
 298              	.LFB118:
 146:Drivers/GD32F4xx_standard_peripheral/Source/gd32f4xx_gpio.c **** 
 147:Drivers/GD32F4xx_standard_peripheral/Source/gd32f4xx_gpio.c **** /*!
 148:Drivers/GD32F4xx_standard_peripheral/Source/gd32f4xx_gpio.c ****     \brief      set GPIO output type and speed
 149:Drivers/GD32F4xx_standard_peripheral/Source/gd32f4xx_gpio.c ****     \param[in]  gpio_periph: GPIO port
 150:Drivers/GD32F4xx_standard_peripheral/Source/gd32f4xx_gpio.c ****                 only one parameter can be selected which is shown as below:
 151:Drivers/GD32F4xx_standard_peripheral/Source/gd32f4xx_gpio.c ****       \arg        GPIOx(x = A,B,C,D,E,F,G,H,I)
 152:Drivers/GD32F4xx_standard_peripheral/Source/gd32f4xx_gpio.c ****     \param[in]  otype: GPIO pin output mode
 153:Drivers/GD32F4xx_standard_peripheral/Source/gd32f4xx_gpio.c ****       \arg        GPIO_OTYPE_PP: push pull mode
 154:Drivers/GD32F4xx_standard_peripheral/Source/gd32f4xx_gpio.c ****       \arg        GPIO_OTYPE_OD: open drain mode
 155:Drivers/GD32F4xx_standard_peripheral/Source/gd32f4xx_gpio.c ****     \param[in]  speed: GPIO pin output max speed
 156:Drivers/GD32F4xx_standard_peripheral/Source/gd32f4xx_gpio.c ****       \arg        GPIO_OSPEED_2MHZ: output max speed 2MHz
 157:Drivers/GD32F4xx_standard_peripheral/Source/gd32f4xx_gpio.c ****       \arg        GPIO_OSPEED_25MHZ: output max speed 25MHz
 158:Drivers/GD32F4xx_standard_peripheral/Source/gd32f4xx_gpio.c ****       \arg        GPIO_OSPEED_50MHZ: output max speed 50MHz
 159:Drivers/GD32F4xx_standard_peripheral/Source/gd32f4xx_gpio.c ****       \arg        GPIO_OSPEED_MAX: output max speed more than 50MHz
 160:Drivers/GD32F4xx_standard_peripheral/Source/gd32f4xx_gpio.c ****     \param[in]  pin: GPIO pin
 161:Drivers/GD32F4xx_standard_peripheral/Source/gd32f4xx_gpio.c ****                 one or more parameters can be selected which are shown as below:
 162:Drivers/GD32F4xx_standard_peripheral/Source/gd32f4xx_gpio.c ****       \arg        GPIO_PIN_x(x=0..15), GPIO_PIN_ALL
 163:Drivers/GD32F4xx_standard_peripheral/Source/gd32f4xx_gpio.c ****     \param[out] none
 164:Drivers/GD32F4xx_standard_peripheral/Source/gd32f4xx_gpio.c ****     \retval     none
 165:Drivers/GD32F4xx_standard_peripheral/Source/gd32f4xx_gpio.c **** */
 166:Drivers/GD32F4xx_standard_peripheral/Source/gd32f4xx_gpio.c **** void gpio_output_options_set(uint32_t gpio_periph, uint8_t otype, uint32_t speed, uint32_t pin)
 167:Drivers/GD32F4xx_standard_peripheral/Source/gd32f4xx_gpio.c **** {
 299              		.loc 1 167 1 is_stmt 1 view -0
 300              		.cfi_startproc
 301              		@ args = 0, pretend = 0, frame = 0
 302              		@ frame_needed = 0, uses_anonymous_args = 0
 168:Drivers/GD32F4xx_standard_peripheral/Source/gd32f4xx_gpio.c ****     uint16_t i;
 303              		.loc 1 168 5 view .LVU74
 169:Drivers/GD32F4xx_standard_peripheral/Source/gd32f4xx_gpio.c ****     uint32_t ospeedr;
 304              		.loc 1 169 5 view .LVU75
 170:Drivers/GD32F4xx_standard_peripheral/Source/gd32f4xx_gpio.c **** 
 171:Drivers/GD32F4xx_standard_peripheral/Source/gd32f4xx_gpio.c ****     if(GPIO_OTYPE_OD == otype) {
ARM GAS  /tmp/ccAXyDgp.s 			page 10


 305              		.loc 1 171 5 view .LVU76
 306              		.loc 1 171 7 is_stmt 0 view .LVU77
 307 0000 0129     		cmp	r1, #1
 172:Drivers/GD32F4xx_standard_peripheral/Source/gd32f4xx_gpio.c ****         GPIO_OMODE(gpio_periph) |= (uint32_t)pin;
 308              		.loc 1 172 9 view .LVU78
 309 0002 4168     		ldr	r1, [r0, #4]
 310              	.LVL37:
 311              		.loc 1 172 9 is_stmt 1 view .LVU79
 312              		.loc 1 172 33 is_stmt 0 view .LVU80
 313 0004 0CBF     		ite	eq
 314 0006 1943     		orreq	r1, r1, r3
 173:Drivers/GD32F4xx_standard_peripheral/Source/gd32f4xx_gpio.c ****     } else {
 174:Drivers/GD32F4xx_standard_peripheral/Source/gd32f4xx_gpio.c ****         GPIO_OMODE(gpio_periph) &= (uint32_t)(~pin);
 315              		.loc 1 174 9 is_stmt 1 view .LVU81
 316              		.loc 1 174 33 is_stmt 0 view .LVU82
 317 0008 9943     		bicne	r1, r1, r3
 167:Drivers/GD32F4xx_standard_peripheral/Source/gd32f4xx_gpio.c ****     uint16_t i;
 318              		.loc 1 167 1 view .LVU83
 319 000a F0B5     		push	{r4, r5, r6, r7, lr}
 320              	.LCFI4:
 321              		.cfi_def_cfa_offset 20
 322              		.cfi_offset 4, -20
 323              		.cfi_offset 5, -16
 324              		.cfi_offset 6, -12
 325              		.cfi_offset 7, -8
 326              		.cfi_offset 14, -4
 327              		.loc 1 174 33 view .LVU84
 328 000c 4160     		str	r1, [r0, #4]
 175:Drivers/GD32F4xx_standard_peripheral/Source/gd32f4xx_gpio.c ****     }
 176:Drivers/GD32F4xx_standard_peripheral/Source/gd32f4xx_gpio.c **** 
 177:Drivers/GD32F4xx_standard_peripheral/Source/gd32f4xx_gpio.c ****     /* get the specified pin output speed bits value */
 178:Drivers/GD32F4xx_standard_peripheral/Source/gd32f4xx_gpio.c ****     ospeedr = GPIO_OSPD(gpio_periph);
 329              		.loc 1 178 5 is_stmt 1 view .LVU85
 330              		.loc 1 178 13 is_stmt 0 view .LVU86
 331 000e 8168     		ldr	r1, [r0, #8]
 332              	.LVL38:
 179:Drivers/GD32F4xx_standard_peripheral/Source/gd32f4xx_gpio.c **** 
 180:Drivers/GD32F4xx_standard_peripheral/Source/gd32f4xx_gpio.c ****     for(i = 0U; i < 16U; i++) {
 333              		.loc 1 180 5 is_stmt 1 view .LVU87
 334              		.loc 1 180 19 view .LVU88
 178:Drivers/GD32F4xx_standard_peripheral/Source/gd32f4xx_gpio.c **** 
 335              		.loc 1 178 13 is_stmt 0 view .LVU89
 336 0010 0024     		movs	r4, #0
 181:Drivers/GD32F4xx_standard_peripheral/Source/gd32f4xx_gpio.c ****         if((1U << i) & pin) {
 337              		.loc 1 181 16 view .LVU90
 338 0012 0126     		movs	r6, #1
 182:Drivers/GD32F4xx_standard_peripheral/Source/gd32f4xx_gpio.c ****             /* clear the specified pin output speed bits */
 183:Drivers/GD32F4xx_standard_peripheral/Source/gd32f4xx_gpio.c ****             ospeedr &= ~GPIO_OSPEED_MASK(i);
 339              		.loc 1 183 25 view .LVU91
 340 0014 0327     		movs	r7, #3
 341              	.LVL39:
 342              	.L29:
 181:Drivers/GD32F4xx_standard_peripheral/Source/gd32f4xx_gpio.c ****         if((1U << i) & pin) {
 343              		.loc 1 181 9 is_stmt 1 view .LVU92
 181:Drivers/GD32F4xx_standard_peripheral/Source/gd32f4xx_gpio.c ****         if((1U << i) & pin) {
 344              		.loc 1 181 16 is_stmt 0 view .LVU93
 345 0016 06FA04F5 		lsl	r5, r6, r4
ARM GAS  /tmp/ccAXyDgp.s 			page 11


 181:Drivers/GD32F4xx_standard_peripheral/Source/gd32f4xx_gpio.c ****         if((1U << i) & pin) {
 346              		.loc 1 181 11 view .LVU94
 347 001a 1D42     		tst	r5, r3
 348 001c 07D0     		beq	.L28
 349              		.loc 1 183 13 is_stmt 1 view .LVU95
 350 001e 6500     		lsls	r5, r4, #1
 351              		.loc 1 183 25 is_stmt 0 view .LVU96
 352 0020 07FA05FC 		lsl	ip, r7, r5
 353              		.loc 1 183 21 view .LVU97
 354 0024 21EA0C01 		bic	r1, r1, ip
 355              	.LVL40:
 184:Drivers/GD32F4xx_standard_peripheral/Source/gd32f4xx_gpio.c ****             /* set the specified pin output speed bits */
 185:Drivers/GD32F4xx_standard_peripheral/Source/gd32f4xx_gpio.c ****             ospeedr |= GPIO_OSPEED_SET(i, speed);
 356              		.loc 1 185 13 is_stmt 1 view .LVU98
 357              		.loc 1 185 24 is_stmt 0 view .LVU99
 358 0028 02FA05F5 		lsl	r5, r2, r5
 359              		.loc 1 185 21 view .LVU100
 360 002c 2943     		orrs	r1, r1, r5
 361              	.LVL41:
 362              	.L28:
 180:Drivers/GD32F4xx_standard_peripheral/Source/gd32f4xx_gpio.c ****         if((1U << i) & pin) {
 363              		.loc 1 180 27 is_stmt 1 discriminator 2 view .LVU101
 180:Drivers/GD32F4xx_standard_peripheral/Source/gd32f4xx_gpio.c ****         if((1U << i) & pin) {
 364              		.loc 1 180 19 discriminator 2 view .LVU102
 365 002e 0134     		adds	r4, r4, #1
 366              	.LVL42:
 180:Drivers/GD32F4xx_standard_peripheral/Source/gd32f4xx_gpio.c ****         if((1U << i) & pin) {
 367              		.loc 1 180 19 is_stmt 0 discriminator 2 view .LVU103
 368 0030 102C     		cmp	r4, #16
 369 0032 F0D1     		bne	.L29
 186:Drivers/GD32F4xx_standard_peripheral/Source/gd32f4xx_gpio.c ****         }
 187:Drivers/GD32F4xx_standard_peripheral/Source/gd32f4xx_gpio.c ****     }
 188:Drivers/GD32F4xx_standard_peripheral/Source/gd32f4xx_gpio.c ****     GPIO_OSPD(gpio_periph) = ospeedr;
 370              		.loc 1 188 5 is_stmt 1 view .LVU104
 371              		.loc 1 188 28 is_stmt 0 view .LVU105
 372 0034 8160     		str	r1, [r0, #8]
 189:Drivers/GD32F4xx_standard_peripheral/Source/gd32f4xx_gpio.c **** }
 373              		.loc 1 189 1 view .LVU106
 374 0036 F0BD     		pop	{r4, r5, r6, r7, pc}
 375              		.cfi_endproc
 376              	.LFE118:
 378              		.section	.text.gpio_bit_set,"ax",%progbits
 379              		.align	1
 380              		.global	gpio_bit_set
 381              		.syntax unified
 382              		.thumb
 383              		.thumb_func
 385              	gpio_bit_set:
 386              	.LVL43:
 387              	.LFB119:
 190:Drivers/GD32F4xx_standard_peripheral/Source/gd32f4xx_gpio.c **** 
 191:Drivers/GD32F4xx_standard_peripheral/Source/gd32f4xx_gpio.c **** /*!
 192:Drivers/GD32F4xx_standard_peripheral/Source/gd32f4xx_gpio.c ****     \brief    set GPIO pin bit
 193:Drivers/GD32F4xx_standard_peripheral/Source/gd32f4xx_gpio.c ****     \param[in]  gpio_periph: GPIO port
 194:Drivers/GD32F4xx_standard_peripheral/Source/gd32f4xx_gpio.c ****                 only one parameter can be selected which is shown as below:
 195:Drivers/GD32F4xx_standard_peripheral/Source/gd32f4xx_gpio.c ****       \arg        GPIOx(x = A,B,C,D,E,F,G,H,I)
 196:Drivers/GD32F4xx_standard_peripheral/Source/gd32f4xx_gpio.c ****     \param[in]  pin: GPIO pin
ARM GAS  /tmp/ccAXyDgp.s 			page 12


 197:Drivers/GD32F4xx_standard_peripheral/Source/gd32f4xx_gpio.c ****                 one or more parameters can be selected which are shown as below:
 198:Drivers/GD32F4xx_standard_peripheral/Source/gd32f4xx_gpio.c ****       \arg        GPIO_PIN_x(x=0..15), GPIO_PIN_ALL
 199:Drivers/GD32F4xx_standard_peripheral/Source/gd32f4xx_gpio.c ****     \param[out] none
 200:Drivers/GD32F4xx_standard_peripheral/Source/gd32f4xx_gpio.c ****     \retval     none
 201:Drivers/GD32F4xx_standard_peripheral/Source/gd32f4xx_gpio.c **** */
 202:Drivers/GD32F4xx_standard_peripheral/Source/gd32f4xx_gpio.c **** void gpio_bit_set(uint32_t gpio_periph, uint32_t pin)
 203:Drivers/GD32F4xx_standard_peripheral/Source/gd32f4xx_gpio.c **** {
 388              		.loc 1 203 1 is_stmt 1 view -0
 389              		.cfi_startproc
 390              		@ args = 0, pretend = 0, frame = 0
 391              		@ frame_needed = 0, uses_anonymous_args = 0
 392              		@ link register save eliminated.
 204:Drivers/GD32F4xx_standard_peripheral/Source/gd32f4xx_gpio.c ****     GPIO_BOP(gpio_periph) = (uint32_t)pin;
 393              		.loc 1 204 5 view .LVU108
 394              		.loc 1 204 27 is_stmt 0 view .LVU109
 395 0000 8161     		str	r1, [r0, #24]
 205:Drivers/GD32F4xx_standard_peripheral/Source/gd32f4xx_gpio.c **** }
 396              		.loc 1 205 1 view .LVU110
 397 0002 7047     		bx	lr
 398              		.cfi_endproc
 399              	.LFE119:
 401              		.section	.text.gpio_bit_reset,"ax",%progbits
 402              		.align	1
 403              		.global	gpio_bit_reset
 404              		.syntax unified
 405              		.thumb
 406              		.thumb_func
 408              	gpio_bit_reset:
 409              	.LVL44:
 410              	.LFB120:
 206:Drivers/GD32F4xx_standard_peripheral/Source/gd32f4xx_gpio.c **** 
 207:Drivers/GD32F4xx_standard_peripheral/Source/gd32f4xx_gpio.c **** /*!
 208:Drivers/GD32F4xx_standard_peripheral/Source/gd32f4xx_gpio.c ****     \brief      reset GPIO pin bit
 209:Drivers/GD32F4xx_standard_peripheral/Source/gd32f4xx_gpio.c ****     \param[in]  gpio_periph: GPIO port
 210:Drivers/GD32F4xx_standard_peripheral/Source/gd32f4xx_gpio.c ****                 only one parameter can be selected which is shown as below:
 211:Drivers/GD32F4xx_standard_peripheral/Source/gd32f4xx_gpio.c ****       \arg        GPIOx(x = A,B,C,D,E,F,G,H,I)
 212:Drivers/GD32F4xx_standard_peripheral/Source/gd32f4xx_gpio.c ****     \param[in]  pin: GPIO pin
 213:Drivers/GD32F4xx_standard_peripheral/Source/gd32f4xx_gpio.c ****                 one or more parameters can be selected which are shown as below:
 214:Drivers/GD32F4xx_standard_peripheral/Source/gd32f4xx_gpio.c ****       \arg        GPIO_PIN_x(x=0..15), GPIO_PIN_ALL
 215:Drivers/GD32F4xx_standard_peripheral/Source/gd32f4xx_gpio.c ****     \param[out] none
 216:Drivers/GD32F4xx_standard_peripheral/Source/gd32f4xx_gpio.c ****     \retval     none
 217:Drivers/GD32F4xx_standard_peripheral/Source/gd32f4xx_gpio.c **** */
 218:Drivers/GD32F4xx_standard_peripheral/Source/gd32f4xx_gpio.c **** void gpio_bit_reset(uint32_t gpio_periph, uint32_t pin)
 219:Drivers/GD32F4xx_standard_peripheral/Source/gd32f4xx_gpio.c **** {
 411              		.loc 1 219 1 is_stmt 1 view -0
 412              		.cfi_startproc
 413              		@ args = 0, pretend = 0, frame = 0
 414              		@ frame_needed = 0, uses_anonymous_args = 0
 415              		@ link register save eliminated.
 220:Drivers/GD32F4xx_standard_peripheral/Source/gd32f4xx_gpio.c ****     GPIO_BC(gpio_periph) = (uint32_t)pin;
 416              		.loc 1 220 5 view .LVU112
 417              		.loc 1 220 26 is_stmt 0 view .LVU113
 418 0000 8162     		str	r1, [r0, #40]
 221:Drivers/GD32F4xx_standard_peripheral/Source/gd32f4xx_gpio.c **** }
 419              		.loc 1 221 1 view .LVU114
 420 0002 7047     		bx	lr
 421              		.cfi_endproc
ARM GAS  /tmp/ccAXyDgp.s 			page 13


 422              	.LFE120:
 424              		.section	.text.gpio_bit_write,"ax",%progbits
 425              		.align	1
 426              		.global	gpio_bit_write
 427              		.syntax unified
 428              		.thumb
 429              		.thumb_func
 431              	gpio_bit_write:
 432              	.LVL45:
 433              	.LFB121:
 222:Drivers/GD32F4xx_standard_peripheral/Source/gd32f4xx_gpio.c **** 
 223:Drivers/GD32F4xx_standard_peripheral/Source/gd32f4xx_gpio.c **** /*!
 224:Drivers/GD32F4xx_standard_peripheral/Source/gd32f4xx_gpio.c ****     \brief      write data to the specified GPIO pin
 225:Drivers/GD32F4xx_standard_peripheral/Source/gd32f4xx_gpio.c ****     \param[in]  gpio_periph: GPIO port
 226:Drivers/GD32F4xx_standard_peripheral/Source/gd32f4xx_gpio.c ****                 only one parameter can be selected which is shown as below:
 227:Drivers/GD32F4xx_standard_peripheral/Source/gd32f4xx_gpio.c ****       \arg        GPIOx(x = A,B,C,D,E,F,G,H,I)
 228:Drivers/GD32F4xx_standard_peripheral/Source/gd32f4xx_gpio.c ****     \param[in]  pin: GPIO pin
 229:Drivers/GD32F4xx_standard_peripheral/Source/gd32f4xx_gpio.c ****                 one or more parameters can be selected which are shown as below:
 230:Drivers/GD32F4xx_standard_peripheral/Source/gd32f4xx_gpio.c ****       \arg        GPIO_PIN_x(x=0..15), GPIO_PIN_ALL
 231:Drivers/GD32F4xx_standard_peripheral/Source/gd32f4xx_gpio.c ****     \param[in]  bit_value: SET or RESET
 232:Drivers/GD32F4xx_standard_peripheral/Source/gd32f4xx_gpio.c ****       \arg        RESET: clear the port pin
 233:Drivers/GD32F4xx_standard_peripheral/Source/gd32f4xx_gpio.c ****       \arg        SET: set the port pin
 234:Drivers/GD32F4xx_standard_peripheral/Source/gd32f4xx_gpio.c ****     \param[out] none
 235:Drivers/GD32F4xx_standard_peripheral/Source/gd32f4xx_gpio.c ****     \retval     none
 236:Drivers/GD32F4xx_standard_peripheral/Source/gd32f4xx_gpio.c **** */
 237:Drivers/GD32F4xx_standard_peripheral/Source/gd32f4xx_gpio.c **** void gpio_bit_write(uint32_t gpio_periph, uint32_t pin, bit_status bit_value)
 238:Drivers/GD32F4xx_standard_peripheral/Source/gd32f4xx_gpio.c **** {
 434              		.loc 1 238 1 is_stmt 1 view -0
 435              		.cfi_startproc
 436              		@ args = 0, pretend = 0, frame = 0
 437              		@ frame_needed = 0, uses_anonymous_args = 0
 438              		@ link register save eliminated.
 239:Drivers/GD32F4xx_standard_peripheral/Source/gd32f4xx_gpio.c ****     if(RESET != bit_value) {
 439              		.loc 1 239 5 view .LVU116
 440              		.loc 1 239 7 is_stmt 0 view .LVU117
 441 0000 0AB1     		cbz	r2, .L38
 240:Drivers/GD32F4xx_standard_peripheral/Source/gd32f4xx_gpio.c ****         GPIO_BOP(gpio_periph) = (uint32_t)pin;
 442              		.loc 1 240 9 is_stmt 1 view .LVU118
 443              		.loc 1 240 31 is_stmt 0 view .LVU119
 444 0002 8161     		str	r1, [r0, #24]
 445 0004 7047     		bx	lr
 446              	.L38:
 241:Drivers/GD32F4xx_standard_peripheral/Source/gd32f4xx_gpio.c ****     } else {
 242:Drivers/GD32F4xx_standard_peripheral/Source/gd32f4xx_gpio.c ****         GPIO_BC(gpio_periph) = (uint32_t)pin;
 447              		.loc 1 242 9 is_stmt 1 view .LVU120
 448              		.loc 1 242 30 is_stmt 0 view .LVU121
 449 0006 8162     		str	r1, [r0, #40]
 243:Drivers/GD32F4xx_standard_peripheral/Source/gd32f4xx_gpio.c ****     }
 244:Drivers/GD32F4xx_standard_peripheral/Source/gd32f4xx_gpio.c **** }
 450              		.loc 1 244 1 view .LVU122
 451 0008 7047     		bx	lr
 452              		.cfi_endproc
 453              	.LFE121:
 455              		.section	.text.gpio_port_write,"ax",%progbits
 456              		.align	1
 457              		.global	gpio_port_write
 458              		.syntax unified
ARM GAS  /tmp/ccAXyDgp.s 			page 14


 459              		.thumb
 460              		.thumb_func
 462              	gpio_port_write:
 463              	.LVL46:
 464              	.LFB122:
 245:Drivers/GD32F4xx_standard_peripheral/Source/gd32f4xx_gpio.c **** 
 246:Drivers/GD32F4xx_standard_peripheral/Source/gd32f4xx_gpio.c **** /*!
 247:Drivers/GD32F4xx_standard_peripheral/Source/gd32f4xx_gpio.c ****     \brief      write data to the specified GPIO port
 248:Drivers/GD32F4xx_standard_peripheral/Source/gd32f4xx_gpio.c ****     \param[in]  gpio_periph: GPIO port
 249:Drivers/GD32F4xx_standard_peripheral/Source/gd32f4xx_gpio.c ****                 only one parameter can be selected which is shown as below:
 250:Drivers/GD32F4xx_standard_peripheral/Source/gd32f4xx_gpio.c ****       \arg        GPIOx(x = A,B,C,D,E,F,G,H,I)
 251:Drivers/GD32F4xx_standard_peripheral/Source/gd32f4xx_gpio.c ****     \param[in]  data: specify the value to be written to the port output control register
 252:Drivers/GD32F4xx_standard_peripheral/Source/gd32f4xx_gpio.c ****     \param[out] none
 253:Drivers/GD32F4xx_standard_peripheral/Source/gd32f4xx_gpio.c ****     \retval     none
 254:Drivers/GD32F4xx_standard_peripheral/Source/gd32f4xx_gpio.c **** */
 255:Drivers/GD32F4xx_standard_peripheral/Source/gd32f4xx_gpio.c **** void gpio_port_write(uint32_t gpio_periph, uint16_t data)
 256:Drivers/GD32F4xx_standard_peripheral/Source/gd32f4xx_gpio.c **** {
 465              		.loc 1 256 1 is_stmt 1 view -0
 466              		.cfi_startproc
 467              		@ args = 0, pretend = 0, frame = 0
 468              		@ frame_needed = 0, uses_anonymous_args = 0
 469              		@ link register save eliminated.
 257:Drivers/GD32F4xx_standard_peripheral/Source/gd32f4xx_gpio.c ****     GPIO_OCTL(gpio_periph) = (uint32_t)data;
 470              		.loc 1 257 5 view .LVU124
 471              		.loc 1 257 28 is_stmt 0 view .LVU125
 472 0000 4161     		str	r1, [r0, #20]
 258:Drivers/GD32F4xx_standard_peripheral/Source/gd32f4xx_gpio.c **** }
 473              		.loc 1 258 1 view .LVU126
 474 0002 7047     		bx	lr
 475              		.cfi_endproc
 476              	.LFE122:
 478              		.section	.text.gpio_input_bit_get,"ax",%progbits
 479              		.align	1
 480              		.global	gpio_input_bit_get
 481              		.syntax unified
 482              		.thumb
 483              		.thumb_func
 485              	gpio_input_bit_get:
 486              	.LVL47:
 487              	.LFB123:
 259:Drivers/GD32F4xx_standard_peripheral/Source/gd32f4xx_gpio.c **** 
 260:Drivers/GD32F4xx_standard_peripheral/Source/gd32f4xx_gpio.c **** /*!
 261:Drivers/GD32F4xx_standard_peripheral/Source/gd32f4xx_gpio.c ****     \brief      get GPIO pin input status
 262:Drivers/GD32F4xx_standard_peripheral/Source/gd32f4xx_gpio.c ****     \param[in]  gpio_periph: GPIO port
 263:Drivers/GD32F4xx_standard_peripheral/Source/gd32f4xx_gpio.c ****                 only one parameter can be selected which is shown as below:
 264:Drivers/GD32F4xx_standard_peripheral/Source/gd32f4xx_gpio.c ****       \arg        GPIOx(x = A,B,C,D,E,F,G,H,I)
 265:Drivers/GD32F4xx_standard_peripheral/Source/gd32f4xx_gpio.c ****     \param[in]  pin: GPIO pin
 266:Drivers/GD32F4xx_standard_peripheral/Source/gd32f4xx_gpio.c ****                 one or more parameters can be selected which are shown as below:
 267:Drivers/GD32F4xx_standard_peripheral/Source/gd32f4xx_gpio.c ****       \arg        GPIO_PIN_x(x=0..15), GPIO_PIN_ALL
 268:Drivers/GD32F4xx_standard_peripheral/Source/gd32f4xx_gpio.c ****     \param[out] none
 269:Drivers/GD32F4xx_standard_peripheral/Source/gd32f4xx_gpio.c ****     \retval     input status of GPIO pin: SET or RESET
 270:Drivers/GD32F4xx_standard_peripheral/Source/gd32f4xx_gpio.c **** */
 271:Drivers/GD32F4xx_standard_peripheral/Source/gd32f4xx_gpio.c **** FlagStatus gpio_input_bit_get(uint32_t gpio_periph, uint32_t pin)
 272:Drivers/GD32F4xx_standard_peripheral/Source/gd32f4xx_gpio.c **** {
 488              		.loc 1 272 1 is_stmt 1 view -0
 489              		.cfi_startproc
 490              		@ args = 0, pretend = 0, frame = 0
ARM GAS  /tmp/ccAXyDgp.s 			page 15


 491              		@ frame_needed = 0, uses_anonymous_args = 0
 492              		@ link register save eliminated.
 273:Drivers/GD32F4xx_standard_peripheral/Source/gd32f4xx_gpio.c ****     if((uint32_t)RESET != (GPIO_ISTAT(gpio_periph) & (pin))) {
 493              		.loc 1 273 5 view .LVU128
 494              		.loc 1 273 28 is_stmt 0 view .LVU129
 495 0000 0369     		ldr	r3, [r0, #16]
 496              		.loc 1 273 7 view .LVU130
 497 0002 0B42     		tst	r3, r1
 274:Drivers/GD32F4xx_standard_peripheral/Source/gd32f4xx_gpio.c ****         return SET;
 275:Drivers/GD32F4xx_standard_peripheral/Source/gd32f4xx_gpio.c ****     } else {
 276:Drivers/GD32F4xx_standard_peripheral/Source/gd32f4xx_gpio.c ****         return RESET;
 277:Drivers/GD32F4xx_standard_peripheral/Source/gd32f4xx_gpio.c ****     }
 278:Drivers/GD32F4xx_standard_peripheral/Source/gd32f4xx_gpio.c **** }
 498              		.loc 1 278 1 view .LVU131
 499 0004 14BF     		ite	ne
 500 0006 0120     		movne	r0, #1
 501              	.LVL48:
 502              		.loc 1 278 1 view .LVU132
 503 0008 0020     		moveq	r0, #0
 504 000a 7047     		bx	lr
 505              		.cfi_endproc
 506              	.LFE123:
 508              		.section	.text.gpio_input_port_get,"ax",%progbits
 509              		.align	1
 510              		.global	gpio_input_port_get
 511              		.syntax unified
 512              		.thumb
 513              		.thumb_func
 515              	gpio_input_port_get:
 516              	.LVL49:
 517              	.LFB124:
 279:Drivers/GD32F4xx_standard_peripheral/Source/gd32f4xx_gpio.c **** 
 280:Drivers/GD32F4xx_standard_peripheral/Source/gd32f4xx_gpio.c **** /*!
 281:Drivers/GD32F4xx_standard_peripheral/Source/gd32f4xx_gpio.c ****     \brief      get GPIO all pins input status
 282:Drivers/GD32F4xx_standard_peripheral/Source/gd32f4xx_gpio.c ****     \param[in]  gpio_periph: GPIO port
 283:Drivers/GD32F4xx_standard_peripheral/Source/gd32f4xx_gpio.c ****                 only one parameter can be selected which is shown as below:
 284:Drivers/GD32F4xx_standard_peripheral/Source/gd32f4xx_gpio.c ****       \arg        GPIOx(x = A,B,C,D,E,F,G,H,I)
 285:Drivers/GD32F4xx_standard_peripheral/Source/gd32f4xx_gpio.c ****     \param[out] none
 286:Drivers/GD32F4xx_standard_peripheral/Source/gd32f4xx_gpio.c ****     \retval     input status of GPIO all pins
 287:Drivers/GD32F4xx_standard_peripheral/Source/gd32f4xx_gpio.c **** */
 288:Drivers/GD32F4xx_standard_peripheral/Source/gd32f4xx_gpio.c **** uint16_t gpio_input_port_get(uint32_t gpio_periph)
 289:Drivers/GD32F4xx_standard_peripheral/Source/gd32f4xx_gpio.c **** {
 518              		.loc 1 289 1 is_stmt 1 view -0
 519              		.cfi_startproc
 520              		@ args = 0, pretend = 0, frame = 0
 521              		@ frame_needed = 0, uses_anonymous_args = 0
 522              		@ link register save eliminated.
 290:Drivers/GD32F4xx_standard_peripheral/Source/gd32f4xx_gpio.c ****     return ((uint16_t)GPIO_ISTAT(gpio_periph));
 523              		.loc 1 290 5 view .LVU134
 524              		.loc 1 290 23 is_stmt 0 view .LVU135
 525 0000 0069     		ldr	r0, [r0, #16]
 526              	.LVL50:
 291:Drivers/GD32F4xx_standard_peripheral/Source/gd32f4xx_gpio.c **** }
 527              		.loc 1 291 1 view .LVU136
 528 0002 80B2     		uxth	r0, r0
 529 0004 7047     		bx	lr
 530              		.cfi_endproc
ARM GAS  /tmp/ccAXyDgp.s 			page 16


 531              	.LFE124:
 533              		.section	.text.gpio_output_bit_get,"ax",%progbits
 534              		.align	1
 535              		.global	gpio_output_bit_get
 536              		.syntax unified
 537              		.thumb
 538              		.thumb_func
 540              	gpio_output_bit_get:
 541              	.LVL51:
 542              	.LFB125:
 292:Drivers/GD32F4xx_standard_peripheral/Source/gd32f4xx_gpio.c **** 
 293:Drivers/GD32F4xx_standard_peripheral/Source/gd32f4xx_gpio.c **** /*!
 294:Drivers/GD32F4xx_standard_peripheral/Source/gd32f4xx_gpio.c ****     \brief      get GPIO pin output status
 295:Drivers/GD32F4xx_standard_peripheral/Source/gd32f4xx_gpio.c ****     \param[in]  gpio_periph: GPIO port
 296:Drivers/GD32F4xx_standard_peripheral/Source/gd32f4xx_gpio.c ****                 only one parameter can be selected which is shown as below:
 297:Drivers/GD32F4xx_standard_peripheral/Source/gd32f4xx_gpio.c ****       \arg        GPIOx(x = A,B,C,D,E,F,G,H,I)
 298:Drivers/GD32F4xx_standard_peripheral/Source/gd32f4xx_gpio.c ****     \param[in]  pin: GPIO pin
 299:Drivers/GD32F4xx_standard_peripheral/Source/gd32f4xx_gpio.c ****                 one or more parameters can be selected which are shown as below:
 300:Drivers/GD32F4xx_standard_peripheral/Source/gd32f4xx_gpio.c ****       \arg        GPIO_PIN_x(x=0..15), GPIO_PIN_ALL
 301:Drivers/GD32F4xx_standard_peripheral/Source/gd32f4xx_gpio.c ****     \param[out] none
 302:Drivers/GD32F4xx_standard_peripheral/Source/gd32f4xx_gpio.c ****     \retval     output status of GPIO pin: SET or RESET
 303:Drivers/GD32F4xx_standard_peripheral/Source/gd32f4xx_gpio.c **** */
 304:Drivers/GD32F4xx_standard_peripheral/Source/gd32f4xx_gpio.c **** FlagStatus gpio_output_bit_get(uint32_t gpio_periph, uint32_t pin)
 305:Drivers/GD32F4xx_standard_peripheral/Source/gd32f4xx_gpio.c **** {
 543              		.loc 1 305 1 is_stmt 1 view -0
 544              		.cfi_startproc
 545              		@ args = 0, pretend = 0, frame = 0
 546              		@ frame_needed = 0, uses_anonymous_args = 0
 547              		@ link register save eliminated.
 306:Drivers/GD32F4xx_standard_peripheral/Source/gd32f4xx_gpio.c ****     if((uint32_t)RESET != (GPIO_OCTL(gpio_periph) & (pin))) {
 548              		.loc 1 306 5 view .LVU138
 549              		.loc 1 306 28 is_stmt 0 view .LVU139
 550 0000 4369     		ldr	r3, [r0, #20]
 551              		.loc 1 306 7 view .LVU140
 552 0002 0B42     		tst	r3, r1
 307:Drivers/GD32F4xx_standard_peripheral/Source/gd32f4xx_gpio.c ****         return SET;
 308:Drivers/GD32F4xx_standard_peripheral/Source/gd32f4xx_gpio.c ****     } else {
 309:Drivers/GD32F4xx_standard_peripheral/Source/gd32f4xx_gpio.c ****         return RESET;
 310:Drivers/GD32F4xx_standard_peripheral/Source/gd32f4xx_gpio.c ****     }
 311:Drivers/GD32F4xx_standard_peripheral/Source/gd32f4xx_gpio.c **** }
 553              		.loc 1 311 1 view .LVU141
 554 0004 14BF     		ite	ne
 555 0006 0120     		movne	r0, #1
 556              	.LVL52:
 557              		.loc 1 311 1 view .LVU142
 558 0008 0020     		moveq	r0, #0
 559 000a 7047     		bx	lr
 560              		.cfi_endproc
 561              	.LFE125:
 563              		.section	.text.gpio_output_port_get,"ax",%progbits
 564              		.align	1
 565              		.global	gpio_output_port_get
 566              		.syntax unified
 567              		.thumb
 568              		.thumb_func
 570              	gpio_output_port_get:
 571              	.LVL53:
ARM GAS  /tmp/ccAXyDgp.s 			page 17


 572              	.LFB126:
 312:Drivers/GD32F4xx_standard_peripheral/Source/gd32f4xx_gpio.c **** 
 313:Drivers/GD32F4xx_standard_peripheral/Source/gd32f4xx_gpio.c **** /*!
 314:Drivers/GD32F4xx_standard_peripheral/Source/gd32f4xx_gpio.c ****     \brief      get GPIO port output status
 315:Drivers/GD32F4xx_standard_peripheral/Source/gd32f4xx_gpio.c ****     \param[in]  gpio_periph: GPIO port
 316:Drivers/GD32F4xx_standard_peripheral/Source/gd32f4xx_gpio.c ****                 only one parameter can be selected which is shown as below:
 317:Drivers/GD32F4xx_standard_peripheral/Source/gd32f4xx_gpio.c ****       \arg        GPIOx(x = A,B,C,D,E,F,G,H,I)
 318:Drivers/GD32F4xx_standard_peripheral/Source/gd32f4xx_gpio.c ****     \param[out] none
 319:Drivers/GD32F4xx_standard_peripheral/Source/gd32f4xx_gpio.c ****     \retval     output status of GPIO all pins
 320:Drivers/GD32F4xx_standard_peripheral/Source/gd32f4xx_gpio.c **** */
 321:Drivers/GD32F4xx_standard_peripheral/Source/gd32f4xx_gpio.c **** uint16_t gpio_output_port_get(uint32_t gpio_periph)
 322:Drivers/GD32F4xx_standard_peripheral/Source/gd32f4xx_gpio.c **** {
 573              		.loc 1 322 1 is_stmt 1 view -0
 574              		.cfi_startproc
 575              		@ args = 0, pretend = 0, frame = 0
 576              		@ frame_needed = 0, uses_anonymous_args = 0
 577              		@ link register save eliminated.
 323:Drivers/GD32F4xx_standard_peripheral/Source/gd32f4xx_gpio.c ****     return ((uint16_t)GPIO_OCTL(gpio_periph));
 578              		.loc 1 323 5 view .LVU144
 579              		.loc 1 323 23 is_stmt 0 view .LVU145
 580 0000 4069     		ldr	r0, [r0, #20]
 581              	.LVL54:
 324:Drivers/GD32F4xx_standard_peripheral/Source/gd32f4xx_gpio.c **** }
 582              		.loc 1 324 1 view .LVU146
 583 0002 80B2     		uxth	r0, r0
 584 0004 7047     		bx	lr
 585              		.cfi_endproc
 586              	.LFE126:
 588              		.section	.text.gpio_af_set,"ax",%progbits
 589              		.align	1
 590              		.global	gpio_af_set
 591              		.syntax unified
 592              		.thumb
 593              		.thumb_func
 595              	gpio_af_set:
 596              	.LVL55:
 597              	.LFB127:
 325:Drivers/GD32F4xx_standard_peripheral/Source/gd32f4xx_gpio.c **** 
 326:Drivers/GD32F4xx_standard_peripheral/Source/gd32f4xx_gpio.c **** /*!
 327:Drivers/GD32F4xx_standard_peripheral/Source/gd32f4xx_gpio.c ****     \brief      set GPIO alternate function
 328:Drivers/GD32F4xx_standard_peripheral/Source/gd32f4xx_gpio.c ****     \param[in]  gpio_periph: GPIO port
 329:Drivers/GD32F4xx_standard_peripheral/Source/gd32f4xx_gpio.c ****                 only one parameter can be selected which is shown as below:
 330:Drivers/GD32F4xx_standard_peripheral/Source/gd32f4xx_gpio.c ****       \arg        GPIOx(x = A,B,C,D,E,F,G,H,I)
 331:Drivers/GD32F4xx_standard_peripheral/Source/gd32f4xx_gpio.c ****     \param[in]  alt_func_num: GPIO pin af function
 332:Drivers/GD32F4xx_standard_peripheral/Source/gd32f4xx_gpio.c ****       \arg        GPIO_AF_0: SYSTEM
 333:Drivers/GD32F4xx_standard_peripheral/Source/gd32f4xx_gpio.c ****       \arg        GPIO_AF_1: TIMER0, TIMER1
 334:Drivers/GD32F4xx_standard_peripheral/Source/gd32f4xx_gpio.c ****       \arg        GPIO_AF_2: TIMER2, TIMER3, TIMER4
 335:Drivers/GD32F4xx_standard_peripheral/Source/gd32f4xx_gpio.c ****       \arg        GPIO_AF_3: TIMER7, TIMER8, TIMER9, TIMER10
 336:Drivers/GD32F4xx_standard_peripheral/Source/gd32f4xx_gpio.c ****       \arg        GPIO_AF_4: I2C0, I2C1, I2C2
 337:Drivers/GD32F4xx_standard_peripheral/Source/gd32f4xx_gpio.c ****       \arg        GPIO_AF_5: SPI0, SPI1, SPI2, SPI3, SPI4, SPI5
 338:Drivers/GD32F4xx_standard_peripheral/Source/gd32f4xx_gpio.c ****       \arg        GPIO_AF_6: SPI2, SPI3, SPI4
 339:Drivers/GD32F4xx_standard_peripheral/Source/gd32f4xx_gpio.c ****       \arg        GPIO_AF_7: USART0, USART1, USART2, SPI1, SPI2
 340:Drivers/GD32F4xx_standard_peripheral/Source/gd32f4xx_gpio.c ****       \arg        GPIO_AF_8: UART3, UART4, USART5, UART6, UART7
 341:Drivers/GD32F4xx_standard_peripheral/Source/gd32f4xx_gpio.c ****       \arg        GPIO_AF_9: CAN0, CAN1, TLI, TIMER11, TIMER12, TIMER13, I2C1, I2C2, CTC
 342:Drivers/GD32F4xx_standard_peripheral/Source/gd32f4xx_gpio.c ****       \arg        GPIO_AF_10: USB_FS, USB_HS
 343:Drivers/GD32F4xx_standard_peripheral/Source/gd32f4xx_gpio.c ****       \arg        GPIO_AF_11: ENET
 344:Drivers/GD32F4xx_standard_peripheral/Source/gd32f4xx_gpio.c ****       \arg        GPIO_AF_12: EXMC, SDIO, USB_HS
ARM GAS  /tmp/ccAXyDgp.s 			page 18


 345:Drivers/GD32F4xx_standard_peripheral/Source/gd32f4xx_gpio.c ****       \arg        GPIO_AF_13: DCI
 346:Drivers/GD32F4xx_standard_peripheral/Source/gd32f4xx_gpio.c ****       \arg        GPIO_AF_14: TLI
 347:Drivers/GD32F4xx_standard_peripheral/Source/gd32f4xx_gpio.c ****       \arg        GPIO_AF_15: EVENTOUT
 348:Drivers/GD32F4xx_standard_peripheral/Source/gd32f4xx_gpio.c ****     \param[in]  pin: GPIO pin
 349:Drivers/GD32F4xx_standard_peripheral/Source/gd32f4xx_gpio.c ****                 one or more parameters can be selected which are shown as below:
 350:Drivers/GD32F4xx_standard_peripheral/Source/gd32f4xx_gpio.c ****       \arg        GPIO_PIN_x(x=0..15), GPIO_PIN_ALL
 351:Drivers/GD32F4xx_standard_peripheral/Source/gd32f4xx_gpio.c ****     \param[out] none
 352:Drivers/GD32F4xx_standard_peripheral/Source/gd32f4xx_gpio.c ****     \retval     none
 353:Drivers/GD32F4xx_standard_peripheral/Source/gd32f4xx_gpio.c **** */
 354:Drivers/GD32F4xx_standard_peripheral/Source/gd32f4xx_gpio.c **** void gpio_af_set(uint32_t gpio_periph, uint32_t alt_func_num, uint32_t pin)
 355:Drivers/GD32F4xx_standard_peripheral/Source/gd32f4xx_gpio.c **** {
 598              		.loc 1 355 1 is_stmt 1 view -0
 599              		.cfi_startproc
 600              		@ args = 0, pretend = 0, frame = 0
 601              		@ frame_needed = 0, uses_anonymous_args = 0
 356:Drivers/GD32F4xx_standard_peripheral/Source/gd32f4xx_gpio.c ****     uint16_t i;
 602              		.loc 1 356 5 view .LVU148
 357:Drivers/GD32F4xx_standard_peripheral/Source/gd32f4xx_gpio.c ****     uint32_t afrl, afrh;
 603              		.loc 1 357 5 view .LVU149
 358:Drivers/GD32F4xx_standard_peripheral/Source/gd32f4xx_gpio.c **** 
 359:Drivers/GD32F4xx_standard_peripheral/Source/gd32f4xx_gpio.c ****     afrl = GPIO_AFSEL0(gpio_periph);
 604              		.loc 1 359 5 view .LVU150
 355:Drivers/GD32F4xx_standard_peripheral/Source/gd32f4xx_gpio.c ****     uint16_t i;
 605              		.loc 1 355 1 is_stmt 0 view .LVU151
 606 0000 F0B5     		push	{r4, r5, r6, r7, lr}
 607              	.LCFI5:
 608              		.cfi_def_cfa_offset 20
 609              		.cfi_offset 4, -20
 610              		.cfi_offset 5, -16
 611              		.cfi_offset 6, -12
 612              		.cfi_offset 7, -8
 613              		.cfi_offset 14, -4
 614              		.loc 1 359 10 view .LVU152
 615 0002 066A     		ldr	r6, [r0, #32]
 616              	.LVL56:
 360:Drivers/GD32F4xx_standard_peripheral/Source/gd32f4xx_gpio.c ****     afrh = GPIO_AFSEL1(gpio_periph);
 617              		.loc 1 360 5 is_stmt 1 view .LVU153
 618              		.loc 1 360 10 is_stmt 0 view .LVU154
 619 0004 456A     		ldr	r5, [r0, #36]
 620              	.LVL57:
 361:Drivers/GD32F4xx_standard_peripheral/Source/gd32f4xx_gpio.c **** 
 362:Drivers/GD32F4xx_standard_peripheral/Source/gd32f4xx_gpio.c ****     for(i = 0U; i < 8U; i++) {
 621              		.loc 1 362 5 is_stmt 1 view .LVU155
 622              		.loc 1 362 19 view .LVU156
 360:Drivers/GD32F4xx_standard_peripheral/Source/gd32f4xx_gpio.c ****     afrh = GPIO_AFSEL1(gpio_periph);
 623              		.loc 1 360 10 is_stmt 0 view .LVU157
 624 0006 0023     		movs	r3, #0
 363:Drivers/GD32F4xx_standard_peripheral/Source/gd32f4xx_gpio.c ****         if((1U << i) & pin) {
 625              		.loc 1 363 16 view .LVU158
 626 0008 4FF0010C 		mov	ip, #1
 364:Drivers/GD32F4xx_standard_peripheral/Source/gd32f4xx_gpio.c ****             /* clear the specified pin alternate function bits */
 365:Drivers/GD32F4xx_standard_peripheral/Source/gd32f4xx_gpio.c ****             afrl &= ~GPIO_AFR_MASK(i);
 627              		.loc 1 365 22 view .LVU159
 628 000c 4FF00F0E 		mov	lr, #15
 629              	.LVL58:
 630              	.L47:
 363:Drivers/GD32F4xx_standard_peripheral/Source/gd32f4xx_gpio.c ****         if((1U << i) & pin) {
ARM GAS  /tmp/ccAXyDgp.s 			page 19


 631              		.loc 1 363 9 is_stmt 1 view .LVU160
 363:Drivers/GD32F4xx_standard_peripheral/Source/gd32f4xx_gpio.c ****         if((1U << i) & pin) {
 632              		.loc 1 363 16 is_stmt 0 view .LVU161
 633 0010 0CFA03F4 		lsl	r4, ip, r3
 363:Drivers/GD32F4xx_standard_peripheral/Source/gd32f4xx_gpio.c ****         if((1U << i) & pin) {
 634              		.loc 1 363 11 view .LVU162
 635 0014 1442     		tst	r4, r2
 636 0016 07D0     		beq	.L46
 637              		.loc 1 365 13 is_stmt 1 view .LVU163
 638 0018 9C00     		lsls	r4, r3, #2
 639              		.loc 1 365 22 is_stmt 0 view .LVU164
 640 001a 0EFA04F7 		lsl	r7, lr, r4
 641              		.loc 1 365 18 view .LVU165
 642 001e 26EA0706 		bic	r6, r6, r7
 643              	.LVL59:
 366:Drivers/GD32F4xx_standard_peripheral/Source/gd32f4xx_gpio.c ****             afrl |= GPIO_AFR_SET(i, alt_func_num);
 644              		.loc 1 366 13 is_stmt 1 view .LVU166
 645              		.loc 1 366 21 is_stmt 0 view .LVU167
 646 0022 01FA04F4 		lsl	r4, r1, r4
 647              		.loc 1 366 18 view .LVU168
 648 0026 2643     		orrs	r6, r6, r4
 649              	.LVL60:
 650              	.L46:
 362:Drivers/GD32F4xx_standard_peripheral/Source/gd32f4xx_gpio.c ****         if((1U << i) & pin) {
 651              		.loc 1 362 26 is_stmt 1 discriminator 2 view .LVU169
 362:Drivers/GD32F4xx_standard_peripheral/Source/gd32f4xx_gpio.c ****         if((1U << i) & pin) {
 652              		.loc 1 362 19 discriminator 2 view .LVU170
 653 0028 0133     		adds	r3, r3, #1
 654              	.LVL61:
 362:Drivers/GD32F4xx_standard_peripheral/Source/gd32f4xx_gpio.c ****         if((1U << i) & pin) {
 655              		.loc 1 362 19 is_stmt 0 discriminator 2 view .LVU171
 656 002a 082B     		cmp	r3, #8
 657 002c F0D1     		bne	.L47
 362:Drivers/GD32F4xx_standard_peripheral/Source/gd32f4xx_gpio.c ****         if((1U << i) & pin) {
 658              		.loc 1 362 19 discriminator 2 view .LVU172
 659 002e 0023     		movs	r3, #0
 367:Drivers/GD32F4xx_standard_peripheral/Source/gd32f4xx_gpio.c ****         }
 368:Drivers/GD32F4xx_standard_peripheral/Source/gd32f4xx_gpio.c ****     }
 369:Drivers/GD32F4xx_standard_peripheral/Source/gd32f4xx_gpio.c **** 
 370:Drivers/GD32F4xx_standard_peripheral/Source/gd32f4xx_gpio.c ****     for(i = 8U; i < 16U; i++) {
 371:Drivers/GD32F4xx_standard_peripheral/Source/gd32f4xx_gpio.c ****         if((1U << i) & pin) {
 660              		.loc 1 371 16 view .LVU173
 661 0030 4FF0010C 		mov	ip, #1
 372:Drivers/GD32F4xx_standard_peripheral/Source/gd32f4xx_gpio.c ****             /* clear the specified pin alternate function bits */
 373:Drivers/GD32F4xx_standard_peripheral/Source/gd32f4xx_gpio.c ****             afrh &= ~GPIO_AFR_MASK(i - 8U);
 662              		.loc 1 373 22 view .LVU174
 663 0034 4FF00F0E 		mov	lr, #15
 664              	.LVL62:
 665              	.L49:
 371:Drivers/GD32F4xx_standard_peripheral/Source/gd32f4xx_gpio.c ****             /* clear the specified pin alternate function bits */
 666              		.loc 1 371 9 is_stmt 1 view .LVU175
 371:Drivers/GD32F4xx_standard_peripheral/Source/gd32f4xx_gpio.c ****             /* clear the specified pin alternate function bits */
 667              		.loc 1 371 16 is_stmt 0 view .LVU176
 668 0038 03F10804 		add	r4, r3, #8
 669 003c 0CFA04F4 		lsl	r4, ip, r4
 371:Drivers/GD32F4xx_standard_peripheral/Source/gd32f4xx_gpio.c ****             /* clear the specified pin alternate function bits */
 670              		.loc 1 371 11 view .LVU177
ARM GAS  /tmp/ccAXyDgp.s 			page 20


 671 0040 1442     		tst	r4, r2
 672 0042 07D0     		beq	.L48
 673              		.loc 1 373 13 is_stmt 1 view .LVU178
 674 0044 9C00     		lsls	r4, r3, #2
 675              		.loc 1 373 22 is_stmt 0 view .LVU179
 676 0046 0EFA04F7 		lsl	r7, lr, r4
 677              		.loc 1 373 18 view .LVU180
 678 004a 25EA0705 		bic	r5, r5, r7
 679              	.LVL63:
 374:Drivers/GD32F4xx_standard_peripheral/Source/gd32f4xx_gpio.c ****             afrh |= GPIO_AFR_SET(i - 8U, alt_func_num);
 680              		.loc 1 374 13 is_stmt 1 view .LVU181
 681              		.loc 1 374 21 is_stmt 0 view .LVU182
 682 004e 01FA04F4 		lsl	r4, r1, r4
 683              		.loc 1 374 18 view .LVU183
 684 0052 2543     		orrs	r5, r5, r4
 685              	.LVL64:
 686              	.L48:
 370:Drivers/GD32F4xx_standard_peripheral/Source/gd32f4xx_gpio.c ****         if((1U << i) & pin) {
 687              		.loc 1 370 27 is_stmt 1 discriminator 2 view .LVU184
 370:Drivers/GD32F4xx_standard_peripheral/Source/gd32f4xx_gpio.c ****         if((1U << i) & pin) {
 688              		.loc 1 370 19 discriminator 2 view .LVU185
 689 0054 0133     		adds	r3, r3, #1
 690              	.LVL65:
 370:Drivers/GD32F4xx_standard_peripheral/Source/gd32f4xx_gpio.c ****         if((1U << i) & pin) {
 691              		.loc 1 370 19 is_stmt 0 discriminator 2 view .LVU186
 692 0056 082B     		cmp	r3, #8
 693 0058 EED1     		bne	.L49
 375:Drivers/GD32F4xx_standard_peripheral/Source/gd32f4xx_gpio.c ****         }
 376:Drivers/GD32F4xx_standard_peripheral/Source/gd32f4xx_gpio.c ****     }
 377:Drivers/GD32F4xx_standard_peripheral/Source/gd32f4xx_gpio.c **** 
 378:Drivers/GD32F4xx_standard_peripheral/Source/gd32f4xx_gpio.c ****     GPIO_AFSEL0(gpio_periph) = afrl;
 694              		.loc 1 378 5 is_stmt 1 view .LVU187
 695              		.loc 1 378 30 is_stmt 0 view .LVU188
 696 005a 0662     		str	r6, [r0, #32]
 379:Drivers/GD32F4xx_standard_peripheral/Source/gd32f4xx_gpio.c ****     GPIO_AFSEL1(gpio_periph) = afrh;
 697              		.loc 1 379 5 is_stmt 1 view .LVU189
 698              		.loc 1 379 30 is_stmt 0 view .LVU190
 699 005c 4562     		str	r5, [r0, #36]
 380:Drivers/GD32F4xx_standard_peripheral/Source/gd32f4xx_gpio.c **** }
 700              		.loc 1 380 1 view .LVU191
 701 005e F0BD     		pop	{r4, r5, r6, r7, pc}
 702              		.loc 1 380 1 view .LVU192
 703              		.cfi_endproc
 704              	.LFE127:
 706              		.section	.text.gpio_pin_lock,"ax",%progbits
 707              		.align	1
 708              		.global	gpio_pin_lock
 709              		.syntax unified
 710              		.thumb
 711              		.thumb_func
 713              	gpio_pin_lock:
 714              	.LVL66:
 715              	.LFB128:
 381:Drivers/GD32F4xx_standard_peripheral/Source/gd32f4xx_gpio.c **** 
 382:Drivers/GD32F4xx_standard_peripheral/Source/gd32f4xx_gpio.c **** /*!
 383:Drivers/GD32F4xx_standard_peripheral/Source/gd32f4xx_gpio.c ****     \brief      lock GPIO pin bit
 384:Drivers/GD32F4xx_standard_peripheral/Source/gd32f4xx_gpio.c ****     \param[in]  gpio_periph: GPIO port
ARM GAS  /tmp/ccAXyDgp.s 			page 21


 385:Drivers/GD32F4xx_standard_peripheral/Source/gd32f4xx_gpio.c ****                 only one parameter can be selected which is shown as below:
 386:Drivers/GD32F4xx_standard_peripheral/Source/gd32f4xx_gpio.c ****       \arg        GPIOx(x = A,B,C,D,E,F,G,H,I)
 387:Drivers/GD32F4xx_standard_peripheral/Source/gd32f4xx_gpio.c ****     \param[in]  pin: GPIO pin
 388:Drivers/GD32F4xx_standard_peripheral/Source/gd32f4xx_gpio.c ****                 one or more parameters can be selected which are shown as below:
 389:Drivers/GD32F4xx_standard_peripheral/Source/gd32f4xx_gpio.c ****       \arg        GPIO_PIN_x(x=0..15), GPIO_PIN_ALL
 390:Drivers/GD32F4xx_standard_peripheral/Source/gd32f4xx_gpio.c ****     \param[out] none
 391:Drivers/GD32F4xx_standard_peripheral/Source/gd32f4xx_gpio.c ****     \retval     none
 392:Drivers/GD32F4xx_standard_peripheral/Source/gd32f4xx_gpio.c **** */
 393:Drivers/GD32F4xx_standard_peripheral/Source/gd32f4xx_gpio.c **** void gpio_pin_lock(uint32_t gpio_periph, uint32_t pin)
 394:Drivers/GD32F4xx_standard_peripheral/Source/gd32f4xx_gpio.c **** {
 716              		.loc 1 394 1 is_stmt 1 view -0
 717              		.cfi_startproc
 718              		@ args = 0, pretend = 0, frame = 0
 719              		@ frame_needed = 0, uses_anonymous_args = 0
 720              		@ link register save eliminated.
 395:Drivers/GD32F4xx_standard_peripheral/Source/gd32f4xx_gpio.c ****     uint32_t lock = 0x00010000U;
 721              		.loc 1 395 5 view .LVU194
 396:Drivers/GD32F4xx_standard_peripheral/Source/gd32f4xx_gpio.c ****     lock |= pin;
 722              		.loc 1 396 5 view .LVU195
 723              		.loc 1 396 10 is_stmt 0 view .LVU196
 724 0000 41F48033 		orr	r3, r1, #65536
 725              	.LVL67:
 397:Drivers/GD32F4xx_standard_peripheral/Source/gd32f4xx_gpio.c **** 
 398:Drivers/GD32F4xx_standard_peripheral/Source/gd32f4xx_gpio.c ****     /* lock key writing sequence: write 1->write 0->write 1->read 0->read 1 */
 399:Drivers/GD32F4xx_standard_peripheral/Source/gd32f4xx_gpio.c ****     GPIO_LOCK(gpio_periph) = (uint32_t)lock;
 726              		.loc 1 399 5 is_stmt 1 view .LVU197
 727              		.loc 1 399 28 is_stmt 0 view .LVU198
 728 0004 C361     		str	r3, [r0, #28]
 400:Drivers/GD32F4xx_standard_peripheral/Source/gd32f4xx_gpio.c ****     GPIO_LOCK(gpio_periph) = (uint32_t)pin;
 729              		.loc 1 400 5 is_stmt 1 view .LVU199
 730              		.loc 1 400 28 is_stmt 0 view .LVU200
 731 0006 C161     		str	r1, [r0, #28]
 401:Drivers/GD32F4xx_standard_peripheral/Source/gd32f4xx_gpio.c ****     GPIO_LOCK(gpio_periph) = (uint32_t)lock;
 732              		.loc 1 401 5 is_stmt 1 view .LVU201
 733              		.loc 1 401 28 is_stmt 0 view .LVU202
 734 0008 C361     		str	r3, [r0, #28]
 402:Drivers/GD32F4xx_standard_peripheral/Source/gd32f4xx_gpio.c ****     lock = GPIO_LOCK(gpio_periph);
 735              		.loc 1 402 5 is_stmt 1 view .LVU203
 736              		.loc 1 402 10 is_stmt 0 view .LVU204
 737 000a C369     		ldr	r3, [r0, #28]
 738              	.LVL68:
 403:Drivers/GD32F4xx_standard_peripheral/Source/gd32f4xx_gpio.c ****     lock = GPIO_LOCK(gpio_periph);
 739              		.loc 1 403 5 is_stmt 1 view .LVU205
 740              		.loc 1 403 10 is_stmt 0 view .LVU206
 741 000c C369     		ldr	r3, [r0, #28]
 404:Drivers/GD32F4xx_standard_peripheral/Source/gd32f4xx_gpio.c **** }
 742              		.loc 1 404 1 view .LVU207
 743 000e 7047     		bx	lr
 744              		.cfi_endproc
 745              	.LFE128:
 747              		.section	.text.gpio_bit_toggle,"ax",%progbits
 748              		.align	1
 749              		.global	gpio_bit_toggle
 750              		.syntax unified
 751              		.thumb
 752              		.thumb_func
 754              	gpio_bit_toggle:
ARM GAS  /tmp/ccAXyDgp.s 			page 22


 755              	.LVL69:
 756              	.LFB129:
 405:Drivers/GD32F4xx_standard_peripheral/Source/gd32f4xx_gpio.c **** 
 406:Drivers/GD32F4xx_standard_peripheral/Source/gd32f4xx_gpio.c **** /*!
 407:Drivers/GD32F4xx_standard_peripheral/Source/gd32f4xx_gpio.c ****     \brief      toggle GPIO pin status
 408:Drivers/GD32F4xx_standard_peripheral/Source/gd32f4xx_gpio.c ****     \param[in]  gpio_periph: GPIO port
 409:Drivers/GD32F4xx_standard_peripheral/Source/gd32f4xx_gpio.c ****                 only one parameter can be selected which is shown as below:
 410:Drivers/GD32F4xx_standard_peripheral/Source/gd32f4xx_gpio.c ****       \arg        GPIOx(x = A,B,C,D,E,F,G,H,I)
 411:Drivers/GD32F4xx_standard_peripheral/Source/gd32f4xx_gpio.c ****     \param[in]  pin: GPIO pin
 412:Drivers/GD32F4xx_standard_peripheral/Source/gd32f4xx_gpio.c ****                 one or more parameters can be selected which are shown as below:
 413:Drivers/GD32F4xx_standard_peripheral/Source/gd32f4xx_gpio.c ****       \arg        GPIO_PIN_x(x=0..15), GPIO_PIN_ALL
 414:Drivers/GD32F4xx_standard_peripheral/Source/gd32f4xx_gpio.c ****     \param[out] none
 415:Drivers/GD32F4xx_standard_peripheral/Source/gd32f4xx_gpio.c ****     \retval     none
 416:Drivers/GD32F4xx_standard_peripheral/Source/gd32f4xx_gpio.c **** */
 417:Drivers/GD32F4xx_standard_peripheral/Source/gd32f4xx_gpio.c **** void gpio_bit_toggle(uint32_t gpio_periph, uint32_t pin)
 418:Drivers/GD32F4xx_standard_peripheral/Source/gd32f4xx_gpio.c **** {
 757              		.loc 1 418 1 is_stmt 1 view -0
 758              		.cfi_startproc
 759              		@ args = 0, pretend = 0, frame = 0
 760              		@ frame_needed = 0, uses_anonymous_args = 0
 761              		@ link register save eliminated.
 419:Drivers/GD32F4xx_standard_peripheral/Source/gd32f4xx_gpio.c ****     GPIO_TG(gpio_periph) = (uint32_t)pin;
 762              		.loc 1 419 5 view .LVU209
 763              		.loc 1 419 26 is_stmt 0 view .LVU210
 764 0000 C162     		str	r1, [r0, #44]
 420:Drivers/GD32F4xx_standard_peripheral/Source/gd32f4xx_gpio.c **** }
 765              		.loc 1 420 1 view .LVU211
 766 0002 7047     		bx	lr
 767              		.cfi_endproc
 768              	.LFE129:
 770              		.section	.text.gpio_port_toggle,"ax",%progbits
 771              		.align	1
 772              		.global	gpio_port_toggle
 773              		.syntax unified
 774              		.thumb
 775              		.thumb_func
 777              	gpio_port_toggle:
 778              	.LVL70:
 779              	.LFB130:
 421:Drivers/GD32F4xx_standard_peripheral/Source/gd32f4xx_gpio.c **** 
 422:Drivers/GD32F4xx_standard_peripheral/Source/gd32f4xx_gpio.c **** /*!
 423:Drivers/GD32F4xx_standard_peripheral/Source/gd32f4xx_gpio.c ****     \brief      toggle GPIO port status
 424:Drivers/GD32F4xx_standard_peripheral/Source/gd32f4xx_gpio.c ****     \param[in]  gpio_periph: GPIO port
 425:Drivers/GD32F4xx_standard_peripheral/Source/gd32f4xx_gpio.c ****                 only one parameter can be selected which is shown as below:
 426:Drivers/GD32F4xx_standard_peripheral/Source/gd32f4xx_gpio.c ****       \arg        GPIOx(x = A,B,C,D,E,F,G,H,I)
 427:Drivers/GD32F4xx_standard_peripheral/Source/gd32f4xx_gpio.c **** 
 428:Drivers/GD32F4xx_standard_peripheral/Source/gd32f4xx_gpio.c ****     \param[out] none
 429:Drivers/GD32F4xx_standard_peripheral/Source/gd32f4xx_gpio.c ****     \retval     none
 430:Drivers/GD32F4xx_standard_peripheral/Source/gd32f4xx_gpio.c **** */
 431:Drivers/GD32F4xx_standard_peripheral/Source/gd32f4xx_gpio.c **** void gpio_port_toggle(uint32_t gpio_periph)
 432:Drivers/GD32F4xx_standard_peripheral/Source/gd32f4xx_gpio.c **** {
 780              		.loc 1 432 1 is_stmt 1 view -0
 781              		.cfi_startproc
 782              		@ args = 0, pretend = 0, frame = 0
 783              		@ frame_needed = 0, uses_anonymous_args = 0
 784              		@ link register save eliminated.
 433:Drivers/GD32F4xx_standard_peripheral/Source/gd32f4xx_gpio.c ****     GPIO_TG(gpio_periph) = 0x0000FFFFU;
ARM GAS  /tmp/ccAXyDgp.s 			page 23


 785              		.loc 1 433 5 view .LVU213
 786              		.loc 1 433 26 is_stmt 0 view .LVU214
 787 0000 4FF6FF73 		movw	r3, #65535
 788 0004 C362     		str	r3, [r0, #44]
 434:Drivers/GD32F4xx_standard_peripheral/Source/gd32f4xx_gpio.c **** }
 789              		.loc 1 434 1 view .LVU215
 790 0006 7047     		bx	lr
 791              		.cfi_endproc
 792              	.LFE130:
 794              		.text
 795              	.Letext0:
 796              		.file 2 "/usr/arm-none-eabi/include/machine/_default_types.h"
 797              		.file 3 "/usr/arm-none-eabi/include/sys/_stdint.h"
 798              		.file 4 "Drivers/CMSIS/Include/gd32f4xx.h"
 799              		.file 5 "Drivers/GD32F4xx_standard_peripheral/Include/gd32f4xx_rcu.h"
 800              		.file 6 "Drivers/GD32F4xx_standard_peripheral/Include/gd32f4xx_gpio.h"
ARM GAS  /tmp/ccAXyDgp.s 			page 24


DEFINED SYMBOLS
                            *ABS*:0000000000000000 gd32f4xx_gpio.c
     /tmp/ccAXyDgp.s:19     .text.gpio_deinit:0000000000000000 $t
     /tmp/ccAXyDgp.s:25     .text.gpio_deinit:0000000000000000 gpio_deinit
     /tmp/ccAXyDgp.s:188    .text.gpio_deinit:00000000000000d0 $d
     /tmp/ccAXyDgp.s:196    .text.gpio_mode_set:0000000000000000 $t
     /tmp/ccAXyDgp.s:202    .text.gpio_mode_set:0000000000000000 gpio_mode_set
     /tmp/ccAXyDgp.s:290    .text.gpio_output_options_set:0000000000000000 $t
     /tmp/ccAXyDgp.s:296    .text.gpio_output_options_set:0000000000000000 gpio_output_options_set
     /tmp/ccAXyDgp.s:379    .text.gpio_bit_set:0000000000000000 $t
     /tmp/ccAXyDgp.s:385    .text.gpio_bit_set:0000000000000000 gpio_bit_set
     /tmp/ccAXyDgp.s:402    .text.gpio_bit_reset:0000000000000000 $t
     /tmp/ccAXyDgp.s:408    .text.gpio_bit_reset:0000000000000000 gpio_bit_reset
     /tmp/ccAXyDgp.s:425    .text.gpio_bit_write:0000000000000000 $t
     /tmp/ccAXyDgp.s:431    .text.gpio_bit_write:0000000000000000 gpio_bit_write
     /tmp/ccAXyDgp.s:456    .text.gpio_port_write:0000000000000000 $t
     /tmp/ccAXyDgp.s:462    .text.gpio_port_write:0000000000000000 gpio_port_write
     /tmp/ccAXyDgp.s:479    .text.gpio_input_bit_get:0000000000000000 $t
     /tmp/ccAXyDgp.s:485    .text.gpio_input_bit_get:0000000000000000 gpio_input_bit_get
     /tmp/ccAXyDgp.s:509    .text.gpio_input_port_get:0000000000000000 $t
     /tmp/ccAXyDgp.s:515    .text.gpio_input_port_get:0000000000000000 gpio_input_port_get
     /tmp/ccAXyDgp.s:534    .text.gpio_output_bit_get:0000000000000000 $t
     /tmp/ccAXyDgp.s:540    .text.gpio_output_bit_get:0000000000000000 gpio_output_bit_get
     /tmp/ccAXyDgp.s:564    .text.gpio_output_port_get:0000000000000000 $t
     /tmp/ccAXyDgp.s:570    .text.gpio_output_port_get:0000000000000000 gpio_output_port_get
     /tmp/ccAXyDgp.s:589    .text.gpio_af_set:0000000000000000 $t
     /tmp/ccAXyDgp.s:595    .text.gpio_af_set:0000000000000000 gpio_af_set
     /tmp/ccAXyDgp.s:707    .text.gpio_pin_lock:0000000000000000 $t
     /tmp/ccAXyDgp.s:713    .text.gpio_pin_lock:0000000000000000 gpio_pin_lock
     /tmp/ccAXyDgp.s:748    .text.gpio_bit_toggle:0000000000000000 $t
     /tmp/ccAXyDgp.s:754    .text.gpio_bit_toggle:0000000000000000 gpio_bit_toggle
     /tmp/ccAXyDgp.s:771    .text.gpio_port_toggle:0000000000000000 $t
     /tmp/ccAXyDgp.s:777    .text.gpio_port_toggle:0000000000000000 gpio_port_toggle

UNDEFINED SYMBOLS
rcu_periph_reset_enable
rcu_periph_reset_disable
