ARM GAS  /tmp/ccZmTI5V.s 			page 1


   1              		.cpu cortex-m4
   2              		.arch armv7e-m
   3              		.fpu softvfp
   4              		.eabi_attribute 20, 1
   5              		.eabi_attribute 21, 1
   6              		.eabi_attribute 23, 3
   7              		.eabi_attribute 24, 1
   8              		.eabi_attribute 25, 1
   9              		.eabi_attribute 26, 1
  10              		.eabi_attribute 30, 4
  11              		.eabi_attribute 34, 1
  12              		.eabi_attribute 18, 4
  13              		.file	"main.c"
  14              		.text
  15              	.Ltext0:
  16              		.cfi_sections	.debug_frame
  17              		.file 1 "Core/Src/main.c"
  18              		.section	.rodata.main.str1.1,"aMS",%progbits,1
  19              	.LC0:
  20 0000 0D0A2D2D 		.ascii	"\015\012---------- GD32F4xx -----------\015\000"
  20      2D2D2D2D 
  20      2D2D2D2D 
  20      20474433 
  20      32463478 
  21              	.LC1:
  22 0023 67657420 		.ascii	"get systick ms: %lf\015\012\000"
  22      73797374 
  22      69636B20 
  22      6D733A20 
  22      256C660D 
  23              		.section	.text.startup.main,"ax",%progbits
  24              		.align	1
  25              		.global	main
  26              		.syntax unified
  27              		.thumb
  28              		.thumb_func
  30              	main:
  31              	.LFB119:
   1:Core/Src/main.c **** #include <stdio.h>
   2:Core/Src/main.c **** #include "main.h"
   3:Core/Src/main.c **** 
   4:Core/Src/main.c **** 
   5:Core/Src/main.c **** int main(void)
   6:Core/Src/main.c **** {
  32              		.loc 1 6 1 view -0
  33              		.cfi_startproc
  34              		@ args = 0, pretend = 0, frame = 0
  35              		@ frame_needed = 0, uses_anonymous_args = 0
   7:Core/Src/main.c ****     systick_config();
  36              		.loc 1 7 5 view .LVU1
   6:Core/Src/main.c ****     systick_config();
  37              		.loc 1 6 1 is_stmt 0 view .LVU2
  38 0000 10B5     		push	{r4, lr}
  39              	.LCFI0:
  40              		.cfi_def_cfa_offset 8
  41              		.cfi_offset 4, -8
  42              		.cfi_offset 14, -4
ARM GAS  /tmp/ccZmTI5V.s 			page 2


  43              		.loc 1 7 5 view .LVU3
  44 0002 FFF7FEFF 		bl	systick_config
  45              	.LVL0:
   8:Core/Src/main.c ****     usart_gpio_config();
  46              		.loc 1 8 5 is_stmt 1 view .LVU4
  47 0006 FFF7FEFF 		bl	usart_gpio_config
  48              	.LVL1:
   9:Core/Src/main.c **** 
  10:Core/Src/main.c ****     printf("\r\n---------- GD32F4xx -----------\r\n");
  49              		.loc 1 10 5 view .LVU5
  50 000a 0648     		ldr	r0, .L3
  51              	.LBB2:
  11:Core/Src/main.c **** 
  12:Core/Src/main.c ****     MPU6050_t mpu6050_data;
  13:Core/Src/main.c ****     ErrStatus mpu6050_state = mpu6050_init();
  14:Core/Src/main.c **** 
  15:Core/Src/main.c ****     while (1) {
  16:Core/Src/main.c ****         // if (mpu6050_state == SUCCESS) {
  17:Core/Src/main.c ****         //     mpu6050_read_accel(&mpu6050_data);
  18:Core/Src/main.c ****         //     mpu6050_read_gyro(&mpu6050_data);
  19:Core/Src/main.c **** 
  20:Core/Src/main.c ****         //     printf(
  21:Core/Src/main.c ****         //         "Ax: %lf Ay: %lf Az: %lf Gx: %lf Gy: %lf Gz: %lf\r\n", 
  22:Core/Src/main.c ****         //         mpu6050_data.Ax, mpu6050_data.Ay, mpu6050_data.Az,
  23:Core/Src/main.c ****         //         mpu6050_data.Gx, mpu6050_data.Gy, mpu6050_data.Gz 
  24:Core/Src/main.c ****         //     );
  25:Core/Src/main.c **** 
  26:Core/Src/main.c ****         //     delay_1ms(10);
  27:Core/Src/main.c ****         // }
  28:Core/Src/main.c ****         uint8_t time_tick = get_systick_ms();
  29:Core/Src/main.c ****         printf("get systick ms: %lf\r\n", time_tick);
  52              		.loc 1 29 9 is_stmt 0 view .LVU6
  53 000c 064C     		ldr	r4, .L3+4
  54              	.LBE2:
  10:Core/Src/main.c **** 
  55              		.loc 1 10 5 view .LVU7
  56 000e FFF7FEFF 		bl	puts
  57              	.LVL2:
  12:Core/Src/main.c ****     ErrStatus mpu6050_state = mpu6050_init();
  58              		.loc 1 12 5 is_stmt 1 view .LVU8
  13:Core/Src/main.c **** 
  59              		.loc 1 13 5 view .LVU9
  13:Core/Src/main.c **** 
  60              		.loc 1 13 31 is_stmt 0 view .LVU10
  61 0012 FFF7FEFF 		bl	mpu6050_init
  62              	.LVL3:
  63              	.L2:
  15:Core/Src/main.c ****         // if (mpu6050_state == SUCCESS) {
  64              		.loc 1 15 5 is_stmt 1 discriminator 1 view .LVU11
  65              	.LBB3:
  28:Core/Src/main.c ****         printf("get systick ms: %lf\r\n", time_tick);
  66              		.loc 1 28 9 discriminator 1 view .LVU12
  28:Core/Src/main.c ****         printf("get systick ms: %lf\r\n", time_tick);
  67              		.loc 1 28 29 is_stmt 0 discriminator 1 view .LVU13
  68 0016 FFF7FEFF 		bl	get_systick_ms
  69              	.LVL4:
  70              		.loc 1 29 9 is_stmt 1 discriminator 1 view .LVU14
ARM GAS  /tmp/ccZmTI5V.s 			page 3


  71 001a C1B2     		uxtb	r1, r0
  72 001c 2046     		mov	r0, r4
  73              	.LVL5:
  74              		.loc 1 29 9 is_stmt 0 discriminator 1 view .LVU15
  75 001e FFF7FEFF 		bl	printf
  76              	.LVL6:
  77              		.loc 1 29 9 discriminator 1 view .LVU16
  78              	.LBE3:
  15:Core/Src/main.c ****         // if (mpu6050_state == SUCCESS) {
  79              		.loc 1 15 11 is_stmt 1 discriminator 1 view .LVU17
  80 0022 F8E7     		b	.L2
  81              	.L4:
  82              		.align	2
  83              	.L3:
  84 0024 00000000 		.word	.LC0
  85 0028 23000000 		.word	.LC1
  86              		.cfi_endproc
  87              	.LFE119:
  89              		.text
  90              	.Letext0:
  91              		.file 2 "/usr/arm-none-eabi/include/machine/_default_types.h"
  92              		.file 3 "/usr/arm-none-eabi/include/sys/_stdint.h"
  93              		.file 4 "Drivers/CMSIS/Include/gd32f4xx.h"
  94              		.file 5 "Hardware/Inc/bsp_mpu6050.h"
  95              		.file 6 "Core/Inc/systick.h"
  96              		.file 7 "/usr/arm-none-eabi/include/stdio.h"
  97              		.file 8 "Core/Inc/bsp_usart.h"
  98              		.file 9 "<built-in>"
ARM GAS  /tmp/ccZmTI5V.s 			page 4


DEFINED SYMBOLS
                            *ABS*:0000000000000000 main.c
     /tmp/ccZmTI5V.s:24     .text.startup.main:0000000000000000 $t
     /tmp/ccZmTI5V.s:30     .text.startup.main:0000000000000000 main
     /tmp/ccZmTI5V.s:84     .text.startup.main:0000000000000024 $d

UNDEFINED SYMBOLS
systick_config
usart_gpio_config
puts
mpu6050_init
get_systick_ms
printf
